<?xml version="1.0" encoding="UTF-8"?>
<coverage generated="1597327272347" clover="3.2.0">
  <project timestamp="1597327272347" name="All files">
    <metrics statements="1057" coveredstatements="0" conditionals="1051" coveredconditionals="0" methods="546" coveredmethods="0" elements="2654" coveredelements="0" complexity="0" loc="1057" ncloc="1057" packages="19" files="24" classes="24"/>
    <package name="dock-components">
      <metrics statements="1" coveredstatements="0" conditionals="0" coveredconditionals="0" methods="0" coveredmethods="0"/>
      <file name="babel.config.js" path="/home/sabino/workspace/dock-components/babel.config.js">
        <metrics statements="1" coveredstatements="0" conditionals="0" coveredconditionals="0" methods="0" coveredmethods="0"/>
        <line num="1" count="0" type="stmt"/>
      </file>
      <file name="webpack.config.js" path="/home/sabino/workspace/dock-components/webpack.config.js">
        <metrics statements="0" coveredstatements="0" conditionals="0" coveredconditionals="0" methods="0" coveredmethods="0"/>
      </file>
    </package>
    <package name="dock-components.build">
      <metrics statements="4" coveredstatements="0" conditionals="2" coveredconditionals="0" methods="0" coveredmethods="0"/>
      <file name="rollup.config.js" path="/home/sabino/workspace/dock-components/build/rollup.config.js">
        <metrics statements="4" coveredstatements="0" conditionals="2" coveredconditionals="0" methods="0" coveredmethods="0"/>
        <line num="10" count="0" type="stmt"/>
        <line num="12" count="0" type="stmt"/>
        <line num="34" count="0" type="cond" truecount="0" falsecount="2"/>
        <line num="35" count="0" type="stmt"/>
      </file>
    </package>
    <package name="dock-components.dist">
      <metrics statements="987" coveredstatements="0" conditionals="1043" coveredconditionals="0" methods="516" coveredmethods="0"/>
      <file name="index.esm.js" path="/home/sabino/workspace/dock-components/dist/index.esm.js">
        <metrics statements="480" coveredstatements="0" conditionals="338" coveredconditionals="0" methods="171" coveredmethods="0"/>
        <line num="8" count="0" type="stmt"/>
        <line num="23" count="0" type="cond" truecount="0" falsecount="2"/>
        <line num="24" count="0" type="stmt"/>
        <line num="25" count="0" type="stmt"/>
        <line num="26" count="0" type="stmt"/>
        <line num="30" count="0" type="cond" truecount="0" falsecount="2"/>
        <line num="32" count="0" type="cond" truecount="0" falsecount="4"/>
        <line num="33" count="0" type="stmt"/>
        <line num="34" count="0" type="stmt"/>
        <line num="35" count="0" type="stmt"/>
        <line num="37" count="0" type="cond" truecount="0" falsecount="2"/>
        <line num="38" count="0" type="stmt"/>
        <line num="43" count="0" type="cond" truecount="0" falsecount="2"/>
        <line num="44" count="0" type="stmt"/>
        <line num="49" count="0" type="cond" truecount="0" falsecount="2"/>
        <line num="51" count="0" type="stmt"/>
        <line num="53" count="0" type="cond" truecount="0" falsecount="6"/>
        <line num="58" count="0" type="cond" truecount="0" falsecount="4"/>
        <line num="59" count="0" type="stmt"/>
        <line num="63" count="0" type="cond" truecount="0" falsecount="2"/>
        <line num="64" count="0" type="stmt"/>
        <line num="68" count="0" type="cond" truecount="0" falsecount="4"/>
        <line num="69" count="0" type="stmt"/>
        <line num="75" count="0" type="stmt"/>
        <line num="76" count="0" type="cond" truecount="0" falsecount="2"/>
        <line num="77" count="0" type="cond" truecount="0" falsecount="2"/>
        <line num="78" count="0" type="stmt"/>
        <line num="80" count="0" type="stmt"/>
        <line num="84" count="0" type="cond" truecount="0" falsecount="2"/>
        <line num="85" count="0" type="cond" truecount="0" falsecount="2"/>
        <line num="87" count="0" type="stmt"/>
        <line num="89" count="0" type="stmt"/>
        <line num="90" count="0" type="stmt"/>
        <line num="91" count="0" type="stmt"/>
        <line num="95" count="0" type="stmt"/>
        <line num="96" count="0" type="cond" truecount="0" falsecount="2"/>
        <line num="100" count="0" type="stmt"/>
        <line num="103" count="0" type="stmt"/>
        <line num="105" count="0" type="cond" truecount="0" falsecount="2"/>
        <line num="107" count="0" type="stmt"/>
        <line num="108" count="0" type="stmt"/>
        <line num="111" count="0" type="cond" truecount="0" falsecount="2"/>
        <line num="112" count="0" type="stmt"/>
        <line num="115" count="0" type="cond" truecount="0" falsecount="4"/>
        <line num="116" count="0" type="cond" truecount="0" falsecount="2"/>
        <line num="121" count="0" type="cond" truecount="0" falsecount="2"/>
        <line num="122" count="0" type="stmt"/>
        <line num="123" count="0" type="stmt"/>
        <line num="125" count="0" type="cond" truecount="0" falsecount="2"/>
        <line num="128" count="0" type="stmt"/>
        <line num="130" count="0" type="stmt"/>
        <line num="133" count="0" type="cond" truecount="0" falsecount="2"/>
        <line num="134" count="0" type="stmt"/>
        <line num="135" count="0" type="stmt"/>
        <line num="136" count="0" type="cond" truecount="0" falsecount="2"/>
        <line num="137" count="0" type="stmt"/>
        <line num="140" count="0" type="cond" truecount="0" falsecount="2"/>
        <line num="141" count="0" type="stmt"/>
        <line num="142" count="0" type="stmt"/>
        <line num="144" count="0" type="stmt"/>
        <line num="145" count="0" type="stmt"/>
        <line num="146" count="0" type="stmt"/>
        <line num="147" count="0" type="cond" truecount="0" falsecount="2"/>
        <line num="148" count="0" type="cond" truecount="0" falsecount="2"/>
        <line num="153" count="0" type="stmt"/>
        <line num="156" count="0" type="stmt"/>
        <line num="159" count="0" type="cond" truecount="0" falsecount="2"/>
        <line num="160" count="0" type="stmt"/>
        <line num="163" count="0" type="stmt"/>
        <line num="164" count="0" type="cond" truecount="0" falsecount="2"/>
        <line num="165" count="0" type="stmt"/>
        <line num="169" count="0" type="stmt"/>
        <line num="171" count="0" type="stmt"/>
        <line num="173" count="0" type="stmt"/>
        <line num="178" count="0" type="stmt"/>
        <line num="199" count="0" type="stmt"/>
        <line num="204" count="0" type="stmt"/>
        <line num="207" count="0" type="cond" truecount="0" falsecount="2"/>
        <line num="208" count="0" type="stmt"/>
        <line num="211" count="0" type="stmt"/>
        <line num="212" count="0" type="cond" truecount="0" falsecount="2"/>
        <line num="213" count="0" type="stmt"/>
        <line num="217" count="0" type="stmt"/>
        <line num="219" count="0" type="stmt"/>
        <line num="221" count="0" type="stmt"/>
        <line num="226" count="0" type="stmt"/>
        <line num="239" count="0" type="stmt"/>
        <line num="285" count="0" type="stmt"/>
        <line num="288" count="0" type="cond" truecount="0" falsecount="4"/>
        <line num="289" count="0" type="stmt"/>
        <line num="292" count="0" type="stmt"/>
        <line num="293" count="0" type="cond" truecount="0" falsecount="2"/>
        <line num="294" count="0" type="stmt"/>
        <line num="299" count="0" type="stmt"/>
        <line num="301" count="0" type="stmt"/>
        <line num="303" count="0" type="stmt"/>
        <line num="308" count="0" type="stmt"/>
        <line num="332" count="0" type="stmt"/>
        <line num="348" count="0" type="cond" truecount="0" falsecount="2"/>
        <line num="349" count="0" type="stmt"/>
        <line num="355" count="0" type="stmt"/>
        <line num="356" count="0" type="stmt"/>
        <line num="357" count="0" type="cond" truecount="0" falsecount="6"/>
        <line num="359" count="0" type="stmt"/>
        <line num="360" count="0" type="stmt"/>
        <line num="362" count="0" type="stmt"/>
        <line num="363" count="0" type="stmt"/>
        <line num="365" count="0" type="stmt"/>
        <line num="366" count="0" type="stmt"/>
        <line num="368" count="0" type="stmt"/>
        <line num="369" count="0" type="stmt"/>
        <line num="371" count="0" type="stmt"/>
        <line num="372" count="0" type="stmt"/>
        <line num="374" count="0" type="stmt"/>
        <line num="376" count="0" type="stmt"/>
        <line num="382" count="0" type="stmt"/>
        <line num="385" count="0" type="cond" truecount="0" falsecount="4"/>
        <line num="386" count="0" type="stmt"/>
        <line num="389" count="0" type="stmt"/>
        <line num="390" count="0" type="cond" truecount="0" falsecount="2"/>
        <line num="391" count="0" type="stmt"/>
        <line num="395" count="0" type="stmt"/>
        <line num="397" count="0" type="stmt"/>
        <line num="399" count="0" type="stmt"/>
        <line num="404" count="0" type="stmt"/>
        <line num="446" count="0" type="stmt"/>
        <line num="448" count="0" type="stmt"/>
        <line num="472" count="0" type="stmt"/>
        <line num="479" count="0" type="stmt"/>
        <line num="484" count="0" type="stmt"/>
        <line num="485" count="0" type="cond" truecount="0" falsecount="2"/>
        <line num="486" count="0" type="stmt"/>
        <line num="490" count="0" type="stmt"/>
        <line num="492" count="0" type="stmt"/>
        <line num="493" count="0" type="cond" truecount="0" falsecount="2"/>
        <line num="496" count="0" type="stmt"/>
        <line num="499" count="0" type="stmt"/>
        <line num="500" count="0" type="cond" truecount="0" falsecount="2"/>
        <line num="501" count="0" type="stmt"/>
        <line num="503" count="0" type="stmt"/>
        <line num="508" count="0" type="cond" truecount="0" falsecount="2"/>
        <line num="511" count="0" type="cond" truecount="0" falsecount="2"/>
        <line num="512" count="0" type="stmt"/>
        <line num="518" count="0" type="stmt"/>
        <line num="521" count="0" type="cond" truecount="0" falsecount="14"/>
        <line num="522" count="0" type="stmt"/>
        <line num="525" count="0" type="stmt"/>
        <line num="526" count="0" type="cond" truecount="0" falsecount="2"/>
        <line num="527" count="0" type="stmt"/>
        <line num="531" count="0" type="stmt"/>
        <line num="533" count="0" type="stmt"/>
        <line num="535" count="0" type="stmt"/>
        <line num="540" count="0" type="stmt"/>
        <line num="572" count="0" type="stmt"/>
        <line num="581" count="0" type="stmt"/>
        <line num="589" count="0" type="stmt"/>
        <line num="592" count="0" type="stmt"/>
        <line num="598" count="0" type="stmt"/>
        <line num="606" count="0" type="stmt"/>
        <line num="610" count="0" type="cond" truecount="0" falsecount="2"/>
        <line num="611" count="0" type="stmt"/>
        <line num="613" count="0" type="cond" truecount="0" falsecount="2"/>
        <line num="614" count="0" type="stmt"/>
        <line num="616" count="0" type="cond" truecount="0" falsecount="2"/>
        <line num="617" count="0" type="stmt"/>
        <line num="622" count="0" type="stmt"/>
        <line num="626" count="0" type="cond" truecount="0" falsecount="2"/>
        <line num="627" count="0" type="stmt"/>
        <line num="632" count="0" type="cond" truecount="0" falsecount="2"/>
        <line num="635" count="0" type="stmt"/>
        <line num="637" count="0" type="cond" truecount="0" falsecount="4"/>
        <line num="638" count="0" type="stmt"/>
        <line num="639" count="0" type="stmt"/>
        <line num="641" count="0" type="stmt"/>
        <line num="644" count="0" type="cond" truecount="0" falsecount="2"/>
        <line num="650" count="0" type="stmt"/>
        <line num="653" count="0" type="cond" truecount="0" falsecount="4"/>
        <line num="654" count="0" type="stmt"/>
        <line num="657" count="0" type="stmt"/>
        <line num="658" count="0" type="cond" truecount="0" falsecount="2"/>
        <line num="659" count="0" type="stmt"/>
        <line num="664" count="0" type="stmt"/>
        <line num="666" count="0" type="stmt"/>
        <line num="668" count="0" type="stmt"/>
        <line num="673" count="0" type="stmt"/>
        <line num="690" count="0" type="stmt"/>
        <line num="703" count="0" type="stmt"/>
        <line num="708" count="0" type="stmt"/>
        <line num="716" count="0" type="stmt"/>
        <line num="718" count="0" type="cond" truecount="0" falsecount="2"/>
        <line num="719" count="0" type="stmt"/>
        <line num="721" count="0" type="stmt"/>
        <line num="727" count="0" type="stmt"/>
        <line num="730" count="0" type="cond" truecount="0" falsecount="2"/>
        <line num="731" count="0" type="stmt"/>
        <line num="734" count="0" type="stmt"/>
        <line num="736" count="0" type="stmt"/>
        <line num="738" count="0" type="stmt"/>
        <line num="740" count="0" type="stmt"/>
        <line num="747" count="0" type="stmt"/>
        <line num="771" count="0" type="stmt"/>
        <line num="773" count="0" type="stmt"/>
        <line num="789" count="0" type="stmt"/>
        <line num="793" count="0" type="stmt"/>
        <line num="798" count="0" type="stmt"/>
        <line num="801" count="0" type="cond" truecount="0" falsecount="6"/>
        <line num="802" count="0" type="stmt"/>
        <line num="805" count="0" type="stmt"/>
        <line num="806" count="0" type="cond" truecount="0" falsecount="2"/>
        <line num="807" count="0" type="stmt"/>
        <line num="812" count="0" type="stmt"/>
        <line num="814" count="0" type="stmt"/>
        <line num="816" count="0" type="stmt"/>
        <line num="821" count="0" type="stmt"/>
        <line num="849" count="0" type="stmt"/>
        <line num="851" count="0" type="stmt"/>
        <line num="857" count="0" type="stmt"/>
        <line num="858" count="0" type="stmt"/>
        <line num="861" count="0" type="stmt"/>
        <line num="862" count="0" type="cond" truecount="0" falsecount="2"/>
        <line num="863" count="0" type="stmt"/>
        <line num="869" count="0" type="stmt"/>
        <line num="875" count="0" type="stmt"/>
        <line num="878" count="0" type="cond" truecount="0" falsecount="6"/>
        <line num="879" count="0" type="stmt"/>
        <line num="882" count="0" type="stmt"/>
        <line num="883" count="0" type="cond" truecount="0" falsecount="2"/>
        <line num="884" count="0" type="stmt"/>
        <line num="888" count="0" type="stmt"/>
        <line num="890" count="0" type="stmt"/>
        <line num="892" count="0" type="stmt"/>
        <line num="897" count="0" type="stmt"/>
        <line num="917" count="0" type="stmt"/>
        <line num="931" count="0" type="stmt"/>
        <line num="934" count="0" type="stmt"/>
        <line num="941" count="0" type="stmt"/>
        <line num="944" count="0" type="cond" truecount="0" falsecount="2"/>
        <line num="945" count="0" type="stmt"/>
        <line num="948" count="0" type="stmt"/>
        <line num="949" count="0" type="cond" truecount="0" falsecount="2"/>
        <line num="950" count="0" type="stmt"/>
        <line num="954" count="0" type="stmt"/>
        <line num="956" count="0" type="stmt"/>
        <line num="958" count="0" type="stmt"/>
        <line num="963" count="0" type="stmt"/>
        <line num="976" count="0" type="stmt"/>
        <line num="988" count="0" type="cond" truecount="0" falsecount="2"/>
        <line num="989" count="0" type="stmt"/>
        <line num="992" count="0" type="cond" truecount="0" falsecount="2"/>
        <line num="993" count="0" type="stmt"/>
        <line num="999" count="0" type="cond" truecount="0" falsecount="2"/>
        <line num="1000" count="0" type="stmt"/>
        <line num="1002" count="0" type="stmt"/>
        <line num="1005" count="0" type="cond" truecount="0" falsecount="2"/>
        <line num="1006" count="0" type="cond" truecount="0" falsecount="2"/>
        <line num="1012" count="0" type="stmt"/>
        <line num="1019" count="0" type="cond" truecount="0" falsecount="2"/>
        <line num="1020" count="0" type="stmt"/>
        <line num="1024" count="0" type="stmt"/>
        <line num="1025" count="0" type="cond" truecount="0" falsecount="2"/>
        <line num="1026" count="0" type="stmt"/>
        <line num="1033" count="0" type="stmt"/>
        <line num="1036" count="0" type="cond" truecount="0" falsecount="6"/>
        <line num="1040" count="0" type="stmt"/>
        <line num="1043" count="0" type="stmt"/>
        <line num="1044" count="0" type="cond" truecount="0" falsecount="2"/>
        <line num="1045" count="0" type="stmt"/>
        <line num="1050" count="0" type="stmt"/>
        <line num="1052" count="0" type="stmt"/>
        <line num="1054" count="0" type="stmt"/>
        <line num="1059" count="0" type="stmt"/>
        <line num="1092" count="0" type="stmt"/>
        <line num="1097" count="0" type="stmt"/>
        <line num="1110" count="0" type="cond" truecount="0" falsecount="4"/>
        <line num="1111" count="0" type="stmt"/>
        <line num="1117" count="0" type="stmt"/>
        <line num="1120" count="0" type="cond" truecount="0" falsecount="4"/>
        <line num="1121" count="0" type="stmt"/>
        <line num="1124" count="0" type="stmt"/>
        <line num="1125" count="0" type="cond" truecount="0" falsecount="2"/>
        <line num="1126" count="0" type="stmt"/>
        <line num="1131" count="0" type="stmt"/>
        <line num="1133" count="0" type="stmt"/>
        <line num="1135" count="0" type="stmt"/>
        <line num="1140" count="0" type="stmt"/>
        <line num="1153" count="0" type="stmt"/>
        <line num="1169" count="0" type="stmt"/>
        <line num="1175" count="0" type="stmt"/>
        <line num="1178" count="0" type="cond" truecount="0" falsecount="2"/>
        <line num="1179" count="0" type="stmt"/>
        <line num="1182" count="0" type="stmt"/>
        <line num="1183" count="0" type="cond" truecount="0" falsecount="2"/>
        <line num="1184" count="0" type="stmt"/>
        <line num="1189" count="0" type="stmt"/>
        <line num="1191" count="0" type="stmt"/>
        <line num="1193" count="0" type="stmt"/>
        <line num="1198" count="0" type="stmt"/>
        <line num="1219" count="0" type="stmt"/>
        <line num="1250" count="0" type="stmt"/>
        <line num="1253" count="0" type="cond" truecount="0" falsecount="6"/>
        <line num="1254" count="0" type="stmt"/>
        <line num="1257" count="0" type="stmt"/>
        <line num="1258" count="0" type="cond" truecount="0" falsecount="2"/>
        <line num="1259" count="0" type="stmt"/>
        <line num="1263" count="0" type="stmt"/>
        <line num="1265" count="0" type="stmt"/>
        <line num="1267" count="0" type="stmt"/>
        <line num="1272" count="0" type="stmt"/>
        <line num="1316" count="0" type="stmt"/>
        <line num="1318" count="0" type="stmt"/>
        <line num="1380" count="0" type="cond" truecount="0" falsecount="2"/>
        <line num="1381" count="0" type="stmt"/>
        <line num="1383" count="0" type="stmt"/>
        <line num="1386" count="0" type="cond" truecount="0" falsecount="2"/>
        <line num="1387" count="0" type="cond" truecount="0" falsecount="6"/>
        <line num="1394" count="0" type="stmt"/>
        <line num="1397" count="0" type="stmt"/>
        <line num="1398" count="0" type="stmt"/>
        <line num="1405" count="0" type="stmt"/>
        <line num="1408" count="0" type="cond" truecount="0" falsecount="4"/>
        <line num="1409" count="0" type="stmt"/>
        <line num="1412" count="0" type="stmt"/>
        <line num="1413" count="0" type="cond" truecount="0" falsecount="2"/>
        <line num="1414" count="0" type="stmt"/>
        <line num="1419" count="0" type="stmt"/>
        <line num="1421" count="0" type="stmt"/>
        <line num="1423" count="0" type="stmt"/>
        <line num="1428" count="0" type="stmt"/>
        <line num="1441" count="0" type="stmt"/>
        <line num="1457" count="0" type="stmt"/>
        <line num="1468" count="0" type="stmt"/>
        <line num="1471" count="0" type="stmt"/>
        <line num="1479" count="0" type="stmt"/>
        <line num="1487" count="0" type="stmt"/>
        <line num="1490" count="0" type="stmt"/>
        <line num="1491" count="0" type="stmt"/>
        <line num="1494" count="0" type="stmt"/>
        <line num="1498" count="0" type="cond" truecount="0" falsecount="2"/>
        <line num="1499" count="0" type="stmt"/>
        <line num="1501" count="0" type="cond" truecount="0" falsecount="2"/>
        <line num="1502" count="0" type="stmt"/>
        <line num="1504" count="0" type="cond" truecount="0" falsecount="2"/>
        <line num="1505" count="0" type="stmt"/>
        <line num="1510" count="0" type="stmt"/>
        <line num="1513" count="0" type="stmt"/>
        <line num="1515" count="0" type="cond" truecount="0" falsecount="2"/>
        <line num="1516" count="0" type="stmt"/>
        <line num="1518" count="0" type="stmt"/>
        <line num="1522" count="0" type="cond" truecount="0" falsecount="2"/>
        <line num="1523" count="0" type="stmt"/>
        <line num="1528" count="0" type="cond" truecount="0" falsecount="2"/>
        <line num="1531" count="0" type="stmt"/>
        <line num="1533" count="0" type="stmt"/>
        <line num="1534" count="0" type="stmt"/>
        <line num="1535" count="0" type="cond" truecount="0" falsecount="2"/>
        <line num="1541" count="0" type="stmt"/>
        <line num="1544" count="0" type="cond" truecount="0" falsecount="2"/>
        <line num="1545" count="0" type="stmt"/>
        <line num="1548" count="0" type="stmt"/>
        <line num="1549" count="0" type="cond" truecount="0" falsecount="2"/>
        <line num="1550" count="0" type="stmt"/>
        <line num="1555" count="0" type="stmt"/>
        <line num="1557" count="0" type="stmt"/>
        <line num="1559" count="0" type="stmt"/>
        <line num="1564" count="0" type="stmt"/>
        <line num="1577" count="0" type="stmt"/>
        <line num="1589" count="0" type="stmt"/>
        <line num="1603" count="0" type="stmt"/>
        <line num="1606" count="0" type="stmt"/>
        <line num="1615" count="0" type="stmt"/>
        <line num="1624" count="0" type="stmt"/>
        <line num="1627" count="0" type="stmt"/>
        <line num="1631" count="0" type="cond" truecount="0" falsecount="2"/>
        <line num="1632" count="0" type="stmt"/>
        <line num="1634" count="0" type="cond" truecount="0" falsecount="2"/>
        <line num="1635" count="0" type="stmt"/>
        <line num="1637" count="0" type="cond" truecount="0" falsecount="2"/>
        <line num="1638" count="0" type="stmt"/>
        <line num="1643" count="0" type="stmt"/>
        <line num="1646" count="0" type="stmt"/>
        <line num="1648" count="0" type="cond" truecount="0" falsecount="2"/>
        <line num="1649" count="0" type="stmt"/>
        <line num="1651" count="0" type="stmt"/>
        <line num="1652" count="0" type="stmt"/>
        <line num="1656" count="0" type="cond" truecount="0" falsecount="2"/>
        <line num="1657" count="0" type="stmt"/>
        <line num="1662" count="0" type="cond" truecount="0" falsecount="2"/>
        <line num="1665" count="0" type="stmt"/>
        <line num="1667" count="0" type="cond" truecount="0" falsecount="4"/>
        <line num="1668" count="0" type="stmt"/>
        <line num="1669" count="0" type="stmt"/>
        <line num="1671" count="0" type="stmt"/>
        <line num="1674" count="0" type="cond" truecount="0" falsecount="2"/>
        <line num="1680" count="0" type="stmt"/>
        <line num="1683" count="0" type="cond" truecount="0" falsecount="6"/>
        <line num="1684" count="0" type="stmt"/>
        <line num="1687" count="0" type="stmt"/>
        <line num="1688" count="0" type="cond" truecount="0" falsecount="2"/>
        <line num="1689" count="0" type="stmt"/>
        <line num="1693" count="0" type="stmt"/>
        <line num="1695" count="0" type="stmt"/>
        <line num="1697" count="0" type="stmt"/>
        <line num="1702" count="0" type="stmt"/>
        <line num="1723" count="0" type="stmt"/>
        <line num="1736" count="0" type="stmt"/>
        <line num="1742" count="0" type="stmt"/>
        <line num="1745" count="0" type="cond" truecount="0" falsecount="6"/>
        <line num="1746" count="0" type="stmt"/>
        <line num="1749" count="0" type="stmt"/>
        <line num="1751" count="0" type="stmt"/>
        <line num="1753" count="0" type="stmt"/>
        <line num="1755" count="0" type="stmt"/>
        <line num="1762" count="0" type="stmt"/>
        <line num="1791" count="0" type="stmt"/>
        <line num="1794" count="0" type="stmt"/>
        <line num="1800" count="0" type="cond" truecount="0" falsecount="5"/>
        <line num="1801" count="0" type="cond" truecount="0" falsecount="4"/>
        <line num="1806" count="0" type="cond" truecount="0" falsecount="2"/>
        <line num="1810" count="0" type="stmt"/>
        <line num="1813" count="0" type="stmt"/>
        <line num="1820" count="0" type="stmt"/>
        <line num="1823" count="0" type="cond" truecount="0" falsecount="2"/>
        <line num="1824" count="0" type="stmt"/>
        <line num="1827" count="0" type="stmt"/>
        <line num="1828" count="0" type="cond" truecount="0" falsecount="2"/>
        <line num="1829" count="0" type="stmt"/>
        <line num="1834" count="0" type="stmt"/>
        <line num="1836" count="0" type="stmt"/>
        <line num="1838" count="0" type="stmt"/>
        <line num="1843" count="0" type="stmt"/>
        <line num="1856" count="0" type="stmt"/>
        <line num="1860" count="0" type="stmt"/>
        <line num="1898" count="0" type="stmt"/>
        <line num="1899" count="0" type="stmt"/>
        <line num="1900" count="0" type="stmt"/>
        <line num="1901" count="0" type="stmt"/>
        <line num="1902" count="0" type="stmt"/>
        <line num="1903" count="0" type="stmt"/>
        <line num="1904" count="0" type="stmt"/>
        <line num="1905" count="0" type="stmt"/>
        <line num="1911" count="0" type="stmt"/>
        <line num="1917" count="0" type="stmt"/>
        <line num="1918" count="0" type="stmt"/>
        <line num="1919" count="0" type="stmt"/>
        <line num="1920" count="0" type="stmt"/>
        <line num="1921" count="0" type="stmt"/>
        <line num="1924" count="0" type="stmt"/>
        <line num="1927" count="0" type="stmt"/>
        <line num="1929" count="0" type="cond" truecount="0" falsecount="2"/>
        <line num="1930" count="0" type="cond" truecount="0" falsecount="2"/>
        <line num="1931" count="0" type="cond" truecount="0" falsecount="2"/>
        <line num="1932" count="0" type="cond" truecount="0" falsecount="2"/>
        <line num="1933" count="0" type="cond" truecount="0" falsecount="2"/>
        <line num="1934" count="0" type="cond" truecount="0" falsecount="2"/>
        <line num="1935" count="0" type="cond" truecount="0" falsecount="2"/>
        <line num="1936" count="0" type="stmt"/>
        <line num="1938" count="0" type="stmt"/>
        <line num="1940" count="0" type="stmt"/>
        <line num="1942" count="0" type="stmt"/>
        <line num="1944" count="0" type="cond" truecount="0" falsecount="2"/>
        <line num="1945" count="0" type="stmt"/>
        <line num="1947" count="0" type="cond" truecount="0" falsecount="2"/>
        <line num="1948" count="0" type="stmt"/>
        <line num="1949" count="0" type="stmt"/>
        <line num="1950" count="0" type="stmt"/>
        <line num="1954" count="0" type="stmt"/>
        <line num="1955" count="0" type="stmt"/>
        <line num="1956" count="0" type="stmt"/>
        <line num="1958" count="0" type="stmt"/>
        <line num="1960" count="0" type="stmt"/>
        <line num="1968" count="0" type="stmt"/>
        <line num="1971" count="0" type="cond" truecount="0" falsecount="6"/>
        <line num="1972" count="0" type="stmt"/>
        <line num="1975" count="0" type="stmt"/>
        <line num="1976" count="0" type="cond" truecount="0" falsecount="2"/>
        <line num="1977" count="0" type="stmt"/>
        <line num="1982" count="0" type="stmt"/>
        <line num="1984" count="0" type="stmt"/>
        <line num="1986" count="0" type="stmt"/>
        <line num="1991" count="0" type="stmt"/>
      </file>
      <file name="index.min.js" path="/home/sabino/workspace/dock-components/dist/index.min.js">
        <metrics statements="1" coveredstatements="0" conditionals="345" coveredconditionals="0" methods="172" coveredmethods="0"/>
        <line num="1" count="0" type="cond" truecount="0" falsecount="345"/>
      </file>
      <file name="index.umd.js" path="/home/sabino/workspace/dock-components/dist/index.umd.js">
        <metrics statements="506" coveredstatements="0" conditionals="360" coveredconditionals="0" methods="173" coveredmethods="0"/>
        <line num="1" count="0" type="stmt"/>
        <line num="2" count="0" type="cond" truecount="0" falsecount="4"/>
        <line num="7" count="0" type="cond" truecount="0" falsecount="4"/>
        <line num="8" count="0" type="cond" truecount="0" falsecount="4"/>
        <line num="9" count="0" type="cond" truecount="0" falsecount="4"/>
        <line num="12" count="0" type="stmt"/>
        <line num="27" count="0" type="cond" truecount="0" falsecount="2"/>
        <line num="28" count="0" type="stmt"/>
        <line num="29" count="0" type="stmt"/>
        <line num="30" count="0" type="stmt"/>
        <line num="34" count="0" type="cond" truecount="0" falsecount="2"/>
        <line num="36" count="0" type="cond" truecount="0" falsecount="4"/>
        <line num="37" count="0" type="stmt"/>
        <line num="38" count="0" type="stmt"/>
        <line num="39" count="0" type="stmt"/>
        <line num="41" count="0" type="cond" truecount="0" falsecount="2"/>
        <line num="42" count="0" type="stmt"/>
        <line num="47" count="0" type="cond" truecount="0" falsecount="2"/>
        <line num="48" count="0" type="stmt"/>
        <line num="53" count="0" type="cond" truecount="0" falsecount="2"/>
        <line num="55" count="0" type="stmt"/>
        <line num="57" count="0" type="cond" truecount="0" falsecount="6"/>
        <line num="62" count="0" type="cond" truecount="0" falsecount="4"/>
        <line num="63" count="0" type="stmt"/>
        <line num="67" count="0" type="cond" truecount="0" falsecount="2"/>
        <line num="68" count="0" type="stmt"/>
        <line num="72" count="0" type="cond" truecount="0" falsecount="4"/>
        <line num="73" count="0" type="stmt"/>
        <line num="79" count="0" type="stmt"/>
        <line num="80" count="0" type="cond" truecount="0" falsecount="2"/>
        <line num="81" count="0" type="cond" truecount="0" falsecount="2"/>
        <line num="82" count="0" type="stmt"/>
        <line num="84" count="0" type="stmt"/>
        <line num="88" count="0" type="cond" truecount="0" falsecount="2"/>
        <line num="89" count="0" type="cond" truecount="0" falsecount="2"/>
        <line num="91" count="0" type="stmt"/>
        <line num="93" count="0" type="stmt"/>
        <line num="94" count="0" type="stmt"/>
        <line num="95" count="0" type="stmt"/>
        <line num="99" count="0" type="stmt"/>
        <line num="100" count="0" type="cond" truecount="0" falsecount="2"/>
        <line num="104" count="0" type="stmt"/>
        <line num="107" count="0" type="stmt"/>
        <line num="109" count="0" type="cond" truecount="0" falsecount="2"/>
        <line num="111" count="0" type="stmt"/>
        <line num="112" count="0" type="stmt"/>
        <line num="115" count="0" type="cond" truecount="0" falsecount="2"/>
        <line num="116" count="0" type="stmt"/>
        <line num="119" count="0" type="cond" truecount="0" falsecount="4"/>
        <line num="120" count="0" type="cond" truecount="0" falsecount="2"/>
        <line num="125" count="0" type="cond" truecount="0" falsecount="2"/>
        <line num="126" count="0" type="stmt"/>
        <line num="127" count="0" type="stmt"/>
        <line num="129" count="0" type="cond" truecount="0" falsecount="2"/>
        <line num="132" count="0" type="stmt"/>
        <line num="134" count="0" type="stmt"/>
        <line num="137" count="0" type="cond" truecount="0" falsecount="2"/>
        <line num="138" count="0" type="stmt"/>
        <line num="139" count="0" type="stmt"/>
        <line num="140" count="0" type="cond" truecount="0" falsecount="2"/>
        <line num="141" count="0" type="stmt"/>
        <line num="144" count="0" type="cond" truecount="0" falsecount="2"/>
        <line num="145" count="0" type="stmt"/>
        <line num="146" count="0" type="stmt"/>
        <line num="148" count="0" type="stmt"/>
        <line num="149" count="0" type="stmt"/>
        <line num="150" count="0" type="stmt"/>
        <line num="151" count="0" type="cond" truecount="0" falsecount="2"/>
        <line num="152" count="0" type="cond" truecount="0" falsecount="2"/>
        <line num="157" count="0" type="stmt"/>
        <line num="160" count="0" type="stmt"/>
        <line num="163" count="0" type="cond" truecount="0" falsecount="2"/>
        <line num="164" count="0" type="stmt"/>
        <line num="167" count="0" type="stmt"/>
        <line num="168" count="0" type="cond" truecount="0" falsecount="2"/>
        <line num="169" count="0" type="stmt"/>
        <line num="173" count="0" type="stmt"/>
        <line num="175" count="0" type="stmt"/>
        <line num="177" count="0" type="stmt"/>
        <line num="182" count="0" type="stmt"/>
        <line num="203" count="0" type="stmt"/>
        <line num="208" count="0" type="stmt"/>
        <line num="211" count="0" type="cond" truecount="0" falsecount="2"/>
        <line num="212" count="0" type="stmt"/>
        <line num="215" count="0" type="stmt"/>
        <line num="216" count="0" type="cond" truecount="0" falsecount="2"/>
        <line num="217" count="0" type="stmt"/>
        <line num="221" count="0" type="stmt"/>
        <line num="223" count="0" type="stmt"/>
        <line num="225" count="0" type="stmt"/>
        <line num="230" count="0" type="stmt"/>
        <line num="243" count="0" type="stmt"/>
        <line num="289" count="0" type="stmt"/>
        <line num="292" count="0" type="cond" truecount="0" falsecount="4"/>
        <line num="293" count="0" type="stmt"/>
        <line num="296" count="0" type="stmt"/>
        <line num="297" count="0" type="cond" truecount="0" falsecount="2"/>
        <line num="298" count="0" type="stmt"/>
        <line num="303" count="0" type="stmt"/>
        <line num="305" count="0" type="stmt"/>
        <line num="307" count="0" type="stmt"/>
        <line num="312" count="0" type="stmt"/>
        <line num="336" count="0" type="stmt"/>
        <line num="352" count="0" type="cond" truecount="0" falsecount="2"/>
        <line num="353" count="0" type="stmt"/>
        <line num="359" count="0" type="stmt"/>
        <line num="360" count="0" type="stmt"/>
        <line num="361" count="0" type="cond" truecount="0" falsecount="6"/>
        <line num="363" count="0" type="stmt"/>
        <line num="364" count="0" type="stmt"/>
        <line num="366" count="0" type="stmt"/>
        <line num="367" count="0" type="stmt"/>
        <line num="369" count="0" type="stmt"/>
        <line num="370" count="0" type="stmt"/>
        <line num="372" count="0" type="stmt"/>
        <line num="373" count="0" type="stmt"/>
        <line num="375" count="0" type="stmt"/>
        <line num="376" count="0" type="stmt"/>
        <line num="378" count="0" type="stmt"/>
        <line num="380" count="0" type="stmt"/>
        <line num="386" count="0" type="stmt"/>
        <line num="389" count="0" type="cond" truecount="0" falsecount="4"/>
        <line num="390" count="0" type="stmt"/>
        <line num="393" count="0" type="stmt"/>
        <line num="394" count="0" type="cond" truecount="0" falsecount="2"/>
        <line num="395" count="0" type="stmt"/>
        <line num="399" count="0" type="stmt"/>
        <line num="401" count="0" type="stmt"/>
        <line num="403" count="0" type="stmt"/>
        <line num="408" count="0" type="stmt"/>
        <line num="450" count="0" type="stmt"/>
        <line num="452" count="0" type="stmt"/>
        <line num="476" count="0" type="stmt"/>
        <line num="483" count="0" type="stmt"/>
        <line num="488" count="0" type="stmt"/>
        <line num="489" count="0" type="cond" truecount="0" falsecount="2"/>
        <line num="490" count="0" type="stmt"/>
        <line num="494" count="0" type="stmt"/>
        <line num="496" count="0" type="stmt"/>
        <line num="497" count="0" type="cond" truecount="0" falsecount="2"/>
        <line num="500" count="0" type="stmt"/>
        <line num="503" count="0" type="stmt"/>
        <line num="504" count="0" type="cond" truecount="0" falsecount="2"/>
        <line num="505" count="0" type="stmt"/>
        <line num="507" count="0" type="stmt"/>
        <line num="512" count="0" type="cond" truecount="0" falsecount="2"/>
        <line num="515" count="0" type="cond" truecount="0" falsecount="2"/>
        <line num="516" count="0" type="stmt"/>
        <line num="522" count="0" type="stmt"/>
        <line num="525" count="0" type="cond" truecount="0" falsecount="14"/>
        <line num="526" count="0" type="stmt"/>
        <line num="529" count="0" type="stmt"/>
        <line num="530" count="0" type="cond" truecount="0" falsecount="2"/>
        <line num="531" count="0" type="stmt"/>
        <line num="535" count="0" type="stmt"/>
        <line num="537" count="0" type="stmt"/>
        <line num="539" count="0" type="stmt"/>
        <line num="544" count="0" type="stmt"/>
        <line num="576" count="0" type="stmt"/>
        <line num="585" count="0" type="stmt"/>
        <line num="593" count="0" type="stmt"/>
        <line num="596" count="0" type="stmt"/>
        <line num="602" count="0" type="stmt"/>
        <line num="610" count="0" type="stmt"/>
        <line num="614" count="0" type="cond" truecount="0" falsecount="2"/>
        <line num="615" count="0" type="stmt"/>
        <line num="617" count="0" type="cond" truecount="0" falsecount="2"/>
        <line num="618" count="0" type="stmt"/>
        <line num="620" count="0" type="cond" truecount="0" falsecount="2"/>
        <line num="621" count="0" type="stmt"/>
        <line num="626" count="0" type="stmt"/>
        <line num="630" count="0" type="cond" truecount="0" falsecount="2"/>
        <line num="631" count="0" type="stmt"/>
        <line num="636" count="0" type="cond" truecount="0" falsecount="2"/>
        <line num="639" count="0" type="stmt"/>
        <line num="641" count="0" type="cond" truecount="0" falsecount="4"/>
        <line num="642" count="0" type="stmt"/>
        <line num="643" count="0" type="stmt"/>
        <line num="645" count="0" type="stmt"/>
        <line num="648" count="0" type="cond" truecount="0" falsecount="2"/>
        <line num="654" count="0" type="stmt"/>
        <line num="657" count="0" type="cond" truecount="0" falsecount="4"/>
        <line num="658" count="0" type="stmt"/>
        <line num="661" count="0" type="stmt"/>
        <line num="662" count="0" type="cond" truecount="0" falsecount="2"/>
        <line num="663" count="0" type="stmt"/>
        <line num="668" count="0" type="stmt"/>
        <line num="670" count="0" type="stmt"/>
        <line num="672" count="0" type="stmt"/>
        <line num="677" count="0" type="stmt"/>
        <line num="694" count="0" type="stmt"/>
        <line num="707" count="0" type="stmt"/>
        <line num="712" count="0" type="stmt"/>
        <line num="720" count="0" type="stmt"/>
        <line num="722" count="0" type="cond" truecount="0" falsecount="2"/>
        <line num="723" count="0" type="stmt"/>
        <line num="725" count="0" type="stmt"/>
        <line num="731" count="0" type="stmt"/>
        <line num="734" count="0" type="cond" truecount="0" falsecount="2"/>
        <line num="735" count="0" type="stmt"/>
        <line num="738" count="0" type="stmt"/>
        <line num="740" count="0" type="stmt"/>
        <line num="742" count="0" type="stmt"/>
        <line num="744" count="0" type="stmt"/>
        <line num="751" count="0" type="stmt"/>
        <line num="775" count="0" type="stmt"/>
        <line num="777" count="0" type="stmt"/>
        <line num="793" count="0" type="stmt"/>
        <line num="797" count="0" type="stmt"/>
        <line num="802" count="0" type="stmt"/>
        <line num="805" count="0" type="cond" truecount="0" falsecount="6"/>
        <line num="806" count="0" type="stmt"/>
        <line num="809" count="0" type="stmt"/>
        <line num="810" count="0" type="cond" truecount="0" falsecount="2"/>
        <line num="811" count="0" type="stmt"/>
        <line num="816" count="0" type="stmt"/>
        <line num="818" count="0" type="stmt"/>
        <line num="820" count="0" type="stmt"/>
        <line num="825" count="0" type="stmt"/>
        <line num="853" count="0" type="stmt"/>
        <line num="855" count="0" type="stmt"/>
        <line num="861" count="0" type="stmt"/>
        <line num="862" count="0" type="stmt"/>
        <line num="865" count="0" type="stmt"/>
        <line num="866" count="0" type="cond" truecount="0" falsecount="2"/>
        <line num="867" count="0" type="stmt"/>
        <line num="873" count="0" type="stmt"/>
        <line num="879" count="0" type="stmt"/>
        <line num="882" count="0" type="cond" truecount="0" falsecount="6"/>
        <line num="883" count="0" type="stmt"/>
        <line num="886" count="0" type="stmt"/>
        <line num="887" count="0" type="cond" truecount="0" falsecount="2"/>
        <line num="888" count="0" type="stmt"/>
        <line num="892" count="0" type="stmt"/>
        <line num="894" count="0" type="stmt"/>
        <line num="896" count="0" type="stmt"/>
        <line num="901" count="0" type="stmt"/>
        <line num="921" count="0" type="stmt"/>
        <line num="935" count="0" type="stmt"/>
        <line num="938" count="0" type="stmt"/>
        <line num="945" count="0" type="stmt"/>
        <line num="948" count="0" type="cond" truecount="0" falsecount="2"/>
        <line num="949" count="0" type="stmt"/>
        <line num="952" count="0" type="stmt"/>
        <line num="953" count="0" type="cond" truecount="0" falsecount="2"/>
        <line num="954" count="0" type="stmt"/>
        <line num="958" count="0" type="stmt"/>
        <line num="960" count="0" type="stmt"/>
        <line num="962" count="0" type="stmt"/>
        <line num="967" count="0" type="stmt"/>
        <line num="980" count="0" type="stmt"/>
        <line num="992" count="0" type="cond" truecount="0" falsecount="2"/>
        <line num="993" count="0" type="stmt"/>
        <line num="996" count="0" type="cond" truecount="0" falsecount="2"/>
        <line num="997" count="0" type="stmt"/>
        <line num="1003" count="0" type="cond" truecount="0" falsecount="2"/>
        <line num="1004" count="0" type="stmt"/>
        <line num="1006" count="0" type="stmt"/>
        <line num="1009" count="0" type="cond" truecount="0" falsecount="2"/>
        <line num="1010" count="0" type="cond" truecount="0" falsecount="2"/>
        <line num="1016" count="0" type="stmt"/>
        <line num="1023" count="0" type="cond" truecount="0" falsecount="2"/>
        <line num="1024" count="0" type="stmt"/>
        <line num="1028" count="0" type="stmt"/>
        <line num="1029" count="0" type="cond" truecount="0" falsecount="2"/>
        <line num="1030" count="0" type="stmt"/>
        <line num="1037" count="0" type="stmt"/>
        <line num="1040" count="0" type="cond" truecount="0" falsecount="6"/>
        <line num="1044" count="0" type="stmt"/>
        <line num="1047" count="0" type="stmt"/>
        <line num="1048" count="0" type="cond" truecount="0" falsecount="2"/>
        <line num="1049" count="0" type="stmt"/>
        <line num="1054" count="0" type="stmt"/>
        <line num="1056" count="0" type="stmt"/>
        <line num="1058" count="0" type="stmt"/>
        <line num="1063" count="0" type="stmt"/>
        <line num="1096" count="0" type="stmt"/>
        <line num="1101" count="0" type="stmt"/>
        <line num="1114" count="0" type="cond" truecount="0" falsecount="4"/>
        <line num="1115" count="0" type="stmt"/>
        <line num="1121" count="0" type="stmt"/>
        <line num="1124" count="0" type="cond" truecount="0" falsecount="4"/>
        <line num="1125" count="0" type="stmt"/>
        <line num="1128" count="0" type="stmt"/>
        <line num="1129" count="0" type="cond" truecount="0" falsecount="2"/>
        <line num="1130" count="0" type="stmt"/>
        <line num="1135" count="0" type="stmt"/>
        <line num="1137" count="0" type="stmt"/>
        <line num="1139" count="0" type="stmt"/>
        <line num="1144" count="0" type="stmt"/>
        <line num="1157" count="0" type="stmt"/>
        <line num="1173" count="0" type="stmt"/>
        <line num="1179" count="0" type="stmt"/>
        <line num="1182" count="0" type="cond" truecount="0" falsecount="2"/>
        <line num="1183" count="0" type="stmt"/>
        <line num="1186" count="0" type="stmt"/>
        <line num="1187" count="0" type="cond" truecount="0" falsecount="2"/>
        <line num="1188" count="0" type="stmt"/>
        <line num="1193" count="0" type="stmt"/>
        <line num="1195" count="0" type="stmt"/>
        <line num="1197" count="0" type="stmt"/>
        <line num="1202" count="0" type="stmt"/>
        <line num="1223" count="0" type="stmt"/>
        <line num="1254" count="0" type="stmt"/>
        <line num="1257" count="0" type="cond" truecount="0" falsecount="6"/>
        <line num="1258" count="0" type="stmt"/>
        <line num="1261" count="0" type="stmt"/>
        <line num="1262" count="0" type="cond" truecount="0" falsecount="2"/>
        <line num="1263" count="0" type="stmt"/>
        <line num="1267" count="0" type="stmt"/>
        <line num="1269" count="0" type="stmt"/>
        <line num="1271" count="0" type="stmt"/>
        <line num="1276" count="0" type="stmt"/>
        <line num="1320" count="0" type="stmt"/>
        <line num="1322" count="0" type="stmt"/>
        <line num="1384" count="0" type="cond" truecount="0" falsecount="2"/>
        <line num="1385" count="0" type="stmt"/>
        <line num="1387" count="0" type="stmt"/>
        <line num="1390" count="0" type="cond" truecount="0" falsecount="2"/>
        <line num="1391" count="0" type="cond" truecount="0" falsecount="6"/>
        <line num="1398" count="0" type="stmt"/>
        <line num="1401" count="0" type="stmt"/>
        <line num="1402" count="0" type="stmt"/>
        <line num="1409" count="0" type="stmt"/>
        <line num="1412" count="0" type="cond" truecount="0" falsecount="4"/>
        <line num="1413" count="0" type="stmt"/>
        <line num="1416" count="0" type="stmt"/>
        <line num="1417" count="0" type="cond" truecount="0" falsecount="2"/>
        <line num="1418" count="0" type="stmt"/>
        <line num="1423" count="0" type="stmt"/>
        <line num="1425" count="0" type="stmt"/>
        <line num="1427" count="0" type="stmt"/>
        <line num="1432" count="0" type="stmt"/>
        <line num="1445" count="0" type="stmt"/>
        <line num="1461" count="0" type="stmt"/>
        <line num="1472" count="0" type="stmt"/>
        <line num="1475" count="0" type="stmt"/>
        <line num="1483" count="0" type="stmt"/>
        <line num="1491" count="0" type="stmt"/>
        <line num="1494" count="0" type="stmt"/>
        <line num="1495" count="0" type="stmt"/>
        <line num="1498" count="0" type="stmt"/>
        <line num="1502" count="0" type="cond" truecount="0" falsecount="2"/>
        <line num="1503" count="0" type="stmt"/>
        <line num="1505" count="0" type="cond" truecount="0" falsecount="2"/>
        <line num="1506" count="0" type="stmt"/>
        <line num="1508" count="0" type="cond" truecount="0" falsecount="2"/>
        <line num="1509" count="0" type="stmt"/>
        <line num="1514" count="0" type="stmt"/>
        <line num="1517" count="0" type="stmt"/>
        <line num="1519" count="0" type="cond" truecount="0" falsecount="2"/>
        <line num="1520" count="0" type="stmt"/>
        <line num="1522" count="0" type="stmt"/>
        <line num="1526" count="0" type="cond" truecount="0" falsecount="2"/>
        <line num="1527" count="0" type="stmt"/>
        <line num="1532" count="0" type="cond" truecount="0" falsecount="2"/>
        <line num="1535" count="0" type="stmt"/>
        <line num="1537" count="0" type="stmt"/>
        <line num="1538" count="0" type="stmt"/>
        <line num="1539" count="0" type="cond" truecount="0" falsecount="2"/>
        <line num="1545" count="0" type="stmt"/>
        <line num="1548" count="0" type="cond" truecount="0" falsecount="2"/>
        <line num="1549" count="0" type="stmt"/>
        <line num="1552" count="0" type="stmt"/>
        <line num="1553" count="0" type="cond" truecount="0" falsecount="2"/>
        <line num="1554" count="0" type="stmt"/>
        <line num="1559" count="0" type="stmt"/>
        <line num="1561" count="0" type="stmt"/>
        <line num="1563" count="0" type="stmt"/>
        <line num="1568" count="0" type="stmt"/>
        <line num="1581" count="0" type="stmt"/>
        <line num="1593" count="0" type="stmt"/>
        <line num="1607" count="0" type="stmt"/>
        <line num="1610" count="0" type="stmt"/>
        <line num="1619" count="0" type="stmt"/>
        <line num="1628" count="0" type="stmt"/>
        <line num="1631" count="0" type="stmt"/>
        <line num="1635" count="0" type="cond" truecount="0" falsecount="2"/>
        <line num="1636" count="0" type="stmt"/>
        <line num="1638" count="0" type="cond" truecount="0" falsecount="2"/>
        <line num="1639" count="0" type="stmt"/>
        <line num="1641" count="0" type="cond" truecount="0" falsecount="2"/>
        <line num="1642" count="0" type="stmt"/>
        <line num="1647" count="0" type="stmt"/>
        <line num="1650" count="0" type="stmt"/>
        <line num="1652" count="0" type="cond" truecount="0" falsecount="2"/>
        <line num="1653" count="0" type="stmt"/>
        <line num="1655" count="0" type="stmt"/>
        <line num="1656" count="0" type="stmt"/>
        <line num="1660" count="0" type="cond" truecount="0" falsecount="2"/>
        <line num="1661" count="0" type="stmt"/>
        <line num="1666" count="0" type="cond" truecount="0" falsecount="2"/>
        <line num="1669" count="0" type="stmt"/>
        <line num="1671" count="0" type="cond" truecount="0" falsecount="4"/>
        <line num="1672" count="0" type="stmt"/>
        <line num="1673" count="0" type="stmt"/>
        <line num="1675" count="0" type="stmt"/>
        <line num="1678" count="0" type="cond" truecount="0" falsecount="2"/>
        <line num="1684" count="0" type="stmt"/>
        <line num="1687" count="0" type="cond" truecount="0" falsecount="6"/>
        <line num="1688" count="0" type="stmt"/>
        <line num="1691" count="0" type="stmt"/>
        <line num="1692" count="0" type="cond" truecount="0" falsecount="2"/>
        <line num="1693" count="0" type="stmt"/>
        <line num="1697" count="0" type="stmt"/>
        <line num="1699" count="0" type="stmt"/>
        <line num="1701" count="0" type="stmt"/>
        <line num="1706" count="0" type="stmt"/>
        <line num="1727" count="0" type="stmt"/>
        <line num="1740" count="0" type="stmt"/>
        <line num="1746" count="0" type="stmt"/>
        <line num="1749" count="0" type="cond" truecount="0" falsecount="6"/>
        <line num="1750" count="0" type="stmt"/>
        <line num="1753" count="0" type="stmt"/>
        <line num="1755" count="0" type="stmt"/>
        <line num="1757" count="0" type="stmt"/>
        <line num="1759" count="0" type="stmt"/>
        <line num="1766" count="0" type="stmt"/>
        <line num="1795" count="0" type="stmt"/>
        <line num="1798" count="0" type="stmt"/>
        <line num="1804" count="0" type="cond" truecount="0" falsecount="5"/>
        <line num="1805" count="0" type="cond" truecount="0" falsecount="4"/>
        <line num="1810" count="0" type="cond" truecount="0" falsecount="2"/>
        <line num="1814" count="0" type="stmt"/>
        <line num="1817" count="0" type="stmt"/>
        <line num="1824" count="0" type="stmt"/>
        <line num="1827" count="0" type="cond" truecount="0" falsecount="2"/>
        <line num="1828" count="0" type="stmt"/>
        <line num="1831" count="0" type="stmt"/>
        <line num="1832" count="0" type="cond" truecount="0" falsecount="2"/>
        <line num="1833" count="0" type="stmt"/>
        <line num="1838" count="0" type="stmt"/>
        <line num="1840" count="0" type="stmt"/>
        <line num="1842" count="0" type="stmt"/>
        <line num="1847" count="0" type="stmt"/>
        <line num="1860" count="0" type="stmt"/>
        <line num="1864" count="0" type="stmt"/>
        <line num="1902" count="0" type="stmt"/>
        <line num="1903" count="0" type="stmt"/>
        <line num="1904" count="0" type="stmt"/>
        <line num="1905" count="0" type="stmt"/>
        <line num="1906" count="0" type="stmt"/>
        <line num="1907" count="0" type="stmt"/>
        <line num="1908" count="0" type="stmt"/>
        <line num="1909" count="0" type="stmt"/>
        <line num="1915" count="0" type="stmt"/>
        <line num="1921" count="0" type="stmt"/>
        <line num="1922" count="0" type="stmt"/>
        <line num="1923" count="0" type="stmt"/>
        <line num="1924" count="0" type="stmt"/>
        <line num="1925" count="0" type="stmt"/>
        <line num="1928" count="0" type="stmt"/>
        <line num="1931" count="0" type="stmt"/>
        <line num="1933" count="0" type="cond" truecount="0" falsecount="2"/>
        <line num="1934" count="0" type="cond" truecount="0" falsecount="2"/>
        <line num="1935" count="0" type="cond" truecount="0" falsecount="2"/>
        <line num="1936" count="0" type="cond" truecount="0" falsecount="2"/>
        <line num="1937" count="0" type="cond" truecount="0" falsecount="2"/>
        <line num="1938" count="0" type="cond" truecount="0" falsecount="2"/>
        <line num="1939" count="0" type="cond" truecount="0" falsecount="2"/>
        <line num="1940" count="0" type="stmt"/>
        <line num="1942" count="0" type="stmt"/>
        <line num="1944" count="0" type="stmt"/>
        <line num="1946" count="0" type="stmt"/>
        <line num="1948" count="0" type="cond" truecount="0" falsecount="2"/>
        <line num="1949" count="0" type="stmt"/>
        <line num="1951" count="0" type="cond" truecount="0" falsecount="2"/>
        <line num="1952" count="0" type="stmt"/>
        <line num="1953" count="0" type="stmt"/>
        <line num="1954" count="0" type="stmt"/>
        <line num="1958" count="0" type="stmt"/>
        <line num="1959" count="0" type="stmt"/>
        <line num="1960" count="0" type="stmt"/>
        <line num="1962" count="0" type="stmt"/>
        <line num="1964" count="0" type="stmt"/>
        <line num="1972" count="0" type="stmt"/>
        <line num="1975" count="0" type="cond" truecount="0" falsecount="6"/>
        <line num="1976" count="0" type="stmt"/>
        <line num="1979" count="0" type="stmt"/>
        <line num="1980" count="0" type="cond" truecount="0" falsecount="2"/>
        <line num="1981" count="0" type="stmt"/>
        <line num="1986" count="0" type="stmt"/>
        <line num="1988" count="0" type="stmt"/>
        <line num="1990" count="0" type="stmt"/>
        <line num="1995" count="0" type="stmt"/>
        <line num="2006" count="0" type="stmt"/>
        <line num="2007" count="0" type="stmt"/>
        <line num="2008" count="0" type="stmt"/>
        <line num="2009" count="0" type="stmt"/>
        <line num="2010" count="0" type="stmt"/>
        <line num="2011" count="0" type="stmt"/>
        <line num="2012" count="0" type="stmt"/>
        <line num="2013" count="0" type="stmt"/>
        <line num="2014" count="0" type="stmt"/>
        <line num="2015" count="0" type="stmt"/>
        <line num="2016" count="0" type="stmt"/>
        <line num="2017" count="0" type="stmt"/>
        <line num="2018" count="0" type="stmt"/>
        <line num="2019" count="0" type="stmt"/>
        <line num="2020" count="0" type="stmt"/>
        <line num="2021" count="0" type="stmt"/>
        <line num="2022" count="0" type="stmt"/>
        <line num="2023" count="0" type="stmt"/>
        <line num="2024" count="0" type="stmt"/>
        <line num="2025" count="0" type="stmt"/>
        <line num="2027" count="0" type="stmt"/>
      </file>
    </package>
    <package name="dock-components.src">
      <metrics statements="36" coveredstatements="0" conditionals="6" coveredconditionals="0" methods="4" coveredmethods="0"/>
      <file name="Plugin.js" path="/home/sabino/workspace/dock-components/src/Plugin.js">
        <metrics statements="36" coveredstatements="0" conditionals="6" coveredconditionals="0" methods="4" coveredmethods="0"/>
        <line num="25" count="0" type="stmt"/>
        <line num="27" count="0" type="stmt"/>
        <line num="28" count="0" type="stmt"/>
        <line num="29" count="0" type="stmt"/>
        <line num="30" count="0" type="stmt"/>
        <line num="32" count="0" type="stmt"/>
        <line num="33" count="0" type="stmt"/>
        <line num="34" count="0" type="cond" truecount="0" falsecount="2"/>
        <line num="35" count="0" type="cond" truecount="0" falsecount="2"/>
        <line num="36" count="0" type="stmt"/>
        <line num="38" count="0" type="stmt"/>
        <line num="39" count="0" type="stmt"/>
        <line num="40" count="0" type="cond" truecount="0" falsecount="2"/>
        <line num="41" count="0" type="stmt"/>
        <line num="42" count="0" type="stmt"/>
        <line num="45" count="0" type="stmt"/>
        <line num="49" count="0" type="stmt"/>
        <line num="50" count="0" type="stmt"/>
        <line num="51" count="0" type="stmt"/>
        <line num="52" count="0" type="stmt"/>
        <line num="53" count="0" type="stmt"/>
        <line num="54" count="0" type="stmt"/>
        <line num="55" count="0" type="stmt"/>
        <line num="56" count="0" type="stmt"/>
        <line num="57" count="0" type="stmt"/>
        <line num="58" count="0" type="stmt"/>
        <line num="59" count="0" type="stmt"/>
        <line num="60" count="0" type="stmt"/>
        <line num="61" count="0" type="stmt"/>
        <line num="62" count="0" type="stmt"/>
        <line num="63" count="0" type="stmt"/>
        <line num="64" count="0" type="stmt"/>
        <line num="65" count="0" type="stmt"/>
        <line num="66" count="0" type="stmt"/>
        <line num="67" count="0" type="stmt"/>
        <line num="68" count="0" type="stmt"/>
      </file>
      <file name="main.js" path="/home/sabino/workspace/dock-components/src/main.js">
        <metrics statements="0" coveredstatements="0" conditionals="0" coveredconditionals="0" methods="0" coveredmethods="0"/>
      </file>
    </package>
    <package name="dock-components.src.components.Button">
      <metrics statements="2" coveredstatements="0" conditionals="0" coveredconditionals="0" methods="2" coveredmethods="0"/>
      <file name="button.stories.js" path="/home/sabino/workspace/dock-components/src/components/Button/button.stories.js">
        <metrics statements="2" coveredstatements="0" conditionals="0" coveredconditionals="0" methods="2" coveredmethods="0"/>
        <line num="5" count="0" type="stmt"/>
        <line num="10" count="0" type="stmt"/>
      </file>
    </package>
    <package name="dock-components.src.components.ButtonIcon">
      <metrics statements="2" coveredstatements="0" conditionals="0" coveredconditionals="0" methods="2" coveredmethods="0"/>
      <file name="ButtonIcon.stories.js" path="/home/sabino/workspace/dock-components/src/components/ButtonIcon/ButtonIcon.stories.js">
        <metrics statements="2" coveredstatements="0" conditionals="0" coveredconditionals="0" methods="2" coveredmethods="0"/>
        <line num="5" count="0" type="stmt"/>
        <line num="11" count="0" type="stmt"/>
      </file>
    </package>
    <package name="dock-components.src.components.CustomInput">
      <metrics statements="4" coveredstatements="0" conditionals="0" coveredconditionals="0" methods="4" coveredmethods="0"/>
      <file name="CustomInput.stories.js" path="/home/sabino/workspace/dock-components/src/components/CustomInput/CustomInput.stories.js">
        <metrics statements="4" coveredstatements="0" conditionals="0" coveredconditionals="0" methods="4" coveredmethods="0"/>
        <line num="4" count="0" type="stmt"/>
        <line num="9" count="0" type="stmt"/>
        <line num="16" count="0" type="stmt"/>
        <line num="22" count="0" type="stmt"/>
      </file>
    </package>
    <package name="dock-components.src.components.CustomTextArea">
      <metrics statements="4" coveredstatements="0" conditionals="0" coveredconditionals="0" methods="3" coveredmethods="0"/>
      <file name="CustomTextArea.stories.js" path="/home/sabino/workspace/dock-components/src/components/CustomTextArea/CustomTextArea.stories.js">
        <metrics statements="4" coveredstatements="0" conditionals="0" coveredconditionals="0" methods="3" coveredmethods="0"/>
        <line num="4" count="0" type="stmt"/>
        <line num="5" count="0" type="stmt"/>
        <line num="10" count="0" type="stmt"/>
        <line num="16" count="0" type="stmt"/>
      </file>
    </package>
    <package name="dock-components.src.components.DateForm">
      <metrics statements="1" coveredstatements="0" conditionals="0" coveredconditionals="0" methods="1" coveredmethods="0"/>
      <file name="DateForm.stories.js" path="/home/sabino/workspace/dock-components/src/components/DateForm/DateForm.stories.js">
        <metrics statements="1" coveredstatements="0" conditionals="0" coveredconditionals="0" methods="1" coveredmethods="0"/>
        <line num="5" count="0" type="stmt"/>
      </file>
      <file name="index.js" path="/home/sabino/workspace/dock-components/src/components/DateForm/index.js">
        <metrics statements="0" coveredstatements="0" conditionals="0" coveredconditionals="0" methods="0" coveredmethods="0"/>
      </file>
    </package>
    <package name="dock-components.src.components.DateInput">
      <metrics statements="0" coveredstatements="0" conditionals="0" coveredconditionals="0" methods="0" coveredmethods="0"/>
      <file name="index.js" path="/home/sabino/workspace/dock-components/src/components/DateInput/index.js">
        <metrics statements="0" coveredstatements="0" conditionals="0" coveredconditionals="0" methods="0" coveredmethods="0"/>
      </file>
    </package>
    <package name="dock-components.src.components.EditableField">
      <metrics statements="2" coveredstatements="0" conditionals="0" coveredconditionals="0" methods="2" coveredmethods="0"/>
      <file name="EditableField.stories.js" path="/home/sabino/workspace/dock-components/src/components/EditableField/EditableField.stories.js">
        <metrics statements="2" coveredstatements="0" conditionals="0" coveredconditionals="0" methods="2" coveredmethods="0"/>
        <line num="5" count="0" type="stmt"/>
        <line num="10" count="0" type="stmt"/>
      </file>
    </package>
    <package name="dock-components.src.components.Money">
      <metrics statements="3" coveredstatements="0" conditionals="0" coveredconditionals="0" methods="2" coveredmethods="0"/>
      <file name="Money.stories.js" path="/home/sabino/workspace/dock-components/src/components/Money/Money.stories.js">
        <metrics statements="3" coveredstatements="0" conditionals="0" coveredconditionals="0" methods="2" coveredmethods="0"/>
        <line num="4" count="0" type="stmt"/>
        <line num="5" count="0" type="stmt"/>
        <line num="8" count="0" type="stmt"/>
      </file>
    </package>
    <package name="dock-components.src.components.Select">
      <metrics statements="4" coveredstatements="0" conditionals="0" coveredconditionals="0" methods="3" coveredmethods="0"/>
      <file name="Select.stories.js" path="/home/sabino/workspace/dock-components/src/components/Select/Select.stories.js">
        <metrics statements="4" coveredstatements="0" conditionals="0" coveredconditionals="0" methods="3" coveredmethods="0"/>
        <line num="4" count="0" type="stmt"/>
        <line num="5" count="0" type="stmt"/>
        <line num="8" count="0" type="stmt"/>
        <line num="14" count="0" type="stmt"/>
      </file>
    </package>
    <package name="dock-components.src.components.SelectButton">
      <metrics statements="1" coveredstatements="0" conditionals="0" coveredconditionals="0" methods="1" coveredmethods="0"/>
      <file name="SelectButton.stories.js" path="/home/sabino/workspace/dock-components/src/components/SelectButton/SelectButton.stories.js">
        <metrics statements="1" coveredstatements="0" conditionals="0" coveredconditionals="0" methods="1" coveredmethods="0"/>
        <line num="5" count="0" type="stmt"/>
      </file>
    </package>
    <package name="dock-components.src.components.SlottedSelect">
      <metrics statements="1" coveredstatements="0" conditionals="0" coveredconditionals="0" methods="1" coveredmethods="0"/>
      <file name="SlottedSelect.stories.js" path="/home/sabino/workspace/dock-components/src/components/SlottedSelect/SlottedSelect.stories.js">
        <metrics statements="1" coveredstatements="0" conditionals="0" coveredconditionals="0" methods="1" coveredmethods="0"/>
        <line num="5" count="0" type="stmt"/>
      </file>
    </package>
    <package name="dock-components.src.components.Toggle">
      <metrics statements="1" coveredstatements="0" conditionals="0" coveredconditionals="0" methods="1" coveredmethods="0"/>
      <file name="Toggle.stories.js" path="/home/sabino/workspace/dock-components/src/components/Toggle/Toggle.stories.js">
        <metrics statements="1" coveredstatements="0" conditionals="0" coveredconditionals="0" methods="1" coveredmethods="0"/>
        <line num="5" count="0" type="stmt"/>
      </file>
    </package>
    <package name="dock-components.src.components.TopTab">
      <metrics statements="1" coveredstatements="0" conditionals="0" coveredconditionals="0" methods="1" coveredmethods="0"/>
      <file name="TopTab.stories.js" path="/home/sabino/workspace/dock-components/src/components/TopTab/TopTab.stories.js">
        <metrics statements="1" coveredstatements="0" conditionals="0" coveredconditionals="0" methods="1" coveredmethods="0"/>
        <line num="5" count="0" type="stmt"/>
      </file>
    </package>
    <package name="dock-components.stories">
      <metrics statements="3" coveredstatements="0" conditionals="0" coveredconditionals="0" methods="3" coveredmethods="0"/>
      <file name="Welcome.js" path="/home/sabino/workspace/dock-components/stories/Welcome.js">
        <metrics statements="3" coveredstatements="0" conditionals="0" coveredconditionals="0" methods="3" coveredmethods="0"/>
        <line num="13" count="0" type="stmt"/>
        <line num="63" count="0" type="stmt"/>
        <line num="64" count="0" type="stmt"/>
      </file>
    </package>
    <package name="dock-components.test">
      <metrics statements="0" coveredstatements="0" conditionals="0" coveredconditionals="0" methods="0" coveredmethods="0"/>
      <file name="setup.js" path="/home/sabino/workspace/dock-components/test/setup.js">
        <metrics statements="0" coveredstatements="0" conditionals="0" coveredconditionals="0" methods="0" coveredmethods="0"/>
      </file>
    </package>
  </project>
</coverage>
