{"/home/sabino/workspace/dock-components/babel.config.js": {"path":"/home/sabino/workspace/dock-components/babel.config.js","statementMap":{"0":{"start":{"line":1,"column":0},"end":{"line":5,"column":1}}},"fnMap":{},"branchMap":{},"s":{"0":0},"f":{},"b":{},"hash":"cd62f1c4a7ec842629ab0a54c6ea67f23076a003"}
,"/home/sabino/workspace/dock-components/webpack.config.js": {"path":"/home/sabino/workspace/dock-components/webpack.config.js","statementMap":{},"fnMap":{},"branchMap":{},"s":{},"f":{},"b":{},"hash":"d6dc1324be2300137daa1d393c8cd980c5127f1a"}
,"/home/sabino/workspace/dock-components/build/rollup.config.js": {"path":"/home/sabino/workspace/dock-components/build/rollup.config.js","statementMap":{"0":{"start":{"line":10,"column":13},"end":{"line":10,"column":44}},"1":{"start":{"line":12,"column":15},"end":{"line":31,"column":1}},"2":{"start":{"line":34,"column":0},"end":{"line":36,"column":1}},"3":{"start":{"line":35,"column":2},"end":{"line":35,"column":32}}},"fnMap":{},"branchMap":{"0":{"loc":{"start":{"line":34,"column":0},"end":{"line":36,"column":1}},"type":"if","locations":[{"start":{"line":34,"column":0},"end":{"line":36,"column":1}},{"start":{"line":34,"column":0},"end":{"line":36,"column":1}}],"line":34}},"s":{"0":0,"1":0,"2":0,"3":0},"f":{},"b":{"0":[0,0]},"hash":"9a46b035dec14781e5a579fc76863687d46986e4"}
,"/home/sabino/workspace/dock-components/dist/index.esm.js": {"path":"/home/sabino/workspace/dock-components/dist/index.esm.js","statementMap":{"0":{"start":{"line":8,"column":13},"end":{"line":18,"column":1}},"1":{"start":{"line":23,"column":2},"end":{"line":27,"column":3}},"2":{"start":{"line":24,"column":4},"end":{"line":24,"column":39}},"3":{"start":{"line":25,"column":4},"end":{"line":25,"column":32}},"4":{"start":{"line":26,"column":4},"end":{"line":26,"column":23}},"5":{"start":{"line":30,"column":16},"end":{"line":30,"column":70}},"6":{"start":{"line":32,"column":2},"end":{"line":40,"column":3}},"7":{"start":{"line":33,"column":4},"end":{"line":33,"column":37}},"8":{"start":{"line":34,"column":4},"end":{"line":34,"column":55}},"9":{"start":{"line":35,"column":4},"end":{"line":35,"column":29}},"10":{"start":{"line":37,"column":4},"end":{"line":39,"column":5}},"11":{"start":{"line":38,"column":6},"end":{"line":38,"column":32}},"12":{"start":{"line":43,"column":2},"end":{"line":45,"column":3}},"13":{"start":{"line":44,"column":4},"end":{"line":44,"column":31}},"14":{"start":{"line":49,"column":2},"end":{"line":82,"column":3}},"15":{"start":{"line":51,"column":4},"end":{"line":71,"column":6}},"16":{"start":{"line":53,"column":6},"end":{"line":55,"column":73}},"17":{"start":{"line":58,"column":6},"end":{"line":60,"column":7}},"18":{"start":{"line":59,"column":8},"end":{"line":59,"column":38}},"19":{"start":{"line":63,"column":6},"end":{"line":65,"column":7}},"20":{"start":{"line":64,"column":8},"end":{"line":64,"column":53}},"21":{"start":{"line":68,"column":6},"end":{"line":70,"column":7}},"22":{"start":{"line":69,"column":8},"end":{"line":69,"column":60}},"23":{"start":{"line":75,"column":4},"end":{"line":75,"column":32}},"24":{"start":{"line":76,"column":9},"end":{"line":82,"column":3}},"25":{"start":{"line":77,"column":4},"end":{"line":81,"column":6}},"26":{"start":{"line":78,"column":6},"end":{"line":78,"column":77}},"27":{"start":{"line":80,"column":6},"end":{"line":80,"column":48}},"28":{"start":{"line":84,"column":2},"end":{"line":98,"column":3}},"29":{"start":{"line":85,"column":4},"end":{"line":97,"column":5}},"30":{"start":{"line":87,"column":27},"end":{"line":87,"column":41}},"31":{"start":{"line":89,"column":6},"end":{"line":92,"column":8}},"32":{"start":{"line":90,"column":8},"end":{"line":90,"column":27}},"33":{"start":{"line":91,"column":8},"end":{"line":91,"column":42}},"34":{"start":{"line":95,"column":21},"end":{"line":95,"column":41}},"35":{"start":{"line":96,"column":6},"end":{"line":96,"column":75}},"36":{"start":{"line":100,"column":2},"end":{"line":100,"column":16}},"37":{"start":{"line":103,"column":27},"end":{"line":103,"column":45}},"38":{"start":{"line":105,"column":14},"end":{"line":105,"column":105}},"39":{"start":{"line":107,"column":2},"end":{"line":109,"column":4}},"40":{"start":{"line":108,"column":4},"end":{"line":108,"column":31}},"41":{"start":{"line":111,"column":11},"end":{"line":111,"column":68}},"42":{"start":{"line":112,"column":13},"end":{"line":112,"column":15}},"43":{"start":{"line":115,"column":14},"end":{"line":115,"column":51}},"44":{"start":{"line":116,"column":14},"end":{"line":119,"column":4}},"45":{"start":{"line":121,"column":2},"end":{"line":150,"column":3}},"46":{"start":{"line":122,"column":4},"end":{"line":122,"column":22}},"47":{"start":{"line":123,"column":15},"end":{"line":123,"column":25}},"48":{"start":{"line":125,"column":4},"end":{"line":131,"column":5}},"49":{"start":{"line":128,"column":6},"end":{"line":128,"column":62}},"50":{"start":{"line":130,"column":6},"end":{"line":130,"column":139}},"51":{"start":{"line":133,"column":4},"end":{"line":138,"column":5}},"52":{"start":{"line":134,"column":6},"end":{"line":134,"column":54}},"53":{"start":{"line":135,"column":6},"end":{"line":135,"column":38}},"54":{"start":{"line":136,"column":6},"end":{"line":136,"column":72}},"55":{"start":{"line":136,"column":23},"end":{"line":136,"column":70}},"56":{"start":{"line":137,"column":6},"end":{"line":137,"column":38}},"57":{"start":{"line":140,"column":4},"end":{"line":149,"column":5}},"58":{"start":{"line":141,"column":6},"end":{"line":141,"column":30}},"59":{"start":{"line":142,"column":6},"end":{"line":142,"column":81}},"60":{"start":{"line":144,"column":18},"end":{"line":144,"column":36}},"61":{"start":{"line":145,"column":21},"end":{"line":145,"column":50}},"62":{"start":{"line":146,"column":18},"end":{"line":146,"column":42}},"63":{"start":{"line":147,"column":6},"end":{"line":147,"column":68}},"64":{"start":{"line":147,"column":26},"end":{"line":147,"column":66}},"65":{"start":{"line":148,"column":6},"end":{"line":148,"column":124}},"66":{"start":{"line":148,"column":26},"end":{"line":148,"column":77}},"67":{"start":{"line":148,"column":86},"end":{"line":148,"column":122}},"68":{"start":{"line":153,"column":14},"end":{"line":153,"column":28}},"69":{"start":{"line":156,"column":21},"end":{"line":156,"column":27}},"70":{"start":{"line":159,"column":21},"end":{"line":159,"column":215}},"71":{"start":{"line":159,"column":42},"end":{"line":159,"column":46}},"72":{"start":{"line":159,"column":54},"end":{"line":159,"column":72}},"73":{"start":{"line":159,"column":80},"end":{"line":159,"column":96}},"74":{"start":{"line":159,"column":97},"end":{"line":159,"column":214}},"75":{"start":{"line":160,"column":30},"end":{"line":160,"column":32}},"76":{"start":{"line":163,"column":30},"end":{"line":167,"column":3}},"77":{"start":{"line":164,"column":4},"end":{"line":164,"column":27}},"78":{"start":{"line":164,"column":19},"end":{"line":164,"column":25}},"79":{"start":{"line":165,"column":4},"end":{"line":165,"column":559}},"80":{"start":{"line":169,"column":25},"end":{"line":169,"column":42}},"81":{"start":{"line":171,"column":34},"end":{"line":171,"column":43}},"82":{"start":{"line":173,"column":39},"end":{"line":173,"column":44}},"83":{"start":{"line":178,"column":13},"end":{"line":187,"column":3}},"84":{"start":{"line":199,"column":15},"end":{"line":201,"column":1}},"85":{"start":{"line":204,"column":23},"end":{"line":204,"column":31}},"86":{"start":{"line":207,"column":23},"end":{"line":207,"column":280}},"87":{"start":{"line":207,"column":44},"end":{"line":207,"column":48}},"88":{"start":{"line":207,"column":56},"end":{"line":207,"column":74}},"89":{"start":{"line":207,"column":82},"end":{"line":207,"column":98}},"90":{"start":{"line":207,"column":99},"end":{"line":207,"column":279}},"91":{"start":{"line":208,"column":32},"end":{"line":208,"column":34}},"92":{"start":{"line":211,"column":32},"end":{"line":215,"column":3}},"93":{"start":{"line":212,"column":4},"end":{"line":212,"column":27}},"94":{"start":{"line":212,"column":19},"end":{"line":212,"column":25}},"95":{"start":{"line":213,"column":4},"end":{"line":213,"column":510}},"96":{"start":{"line":217,"column":27},"end":{"line":217,"column":44}},"97":{"start":{"line":219,"column":36},"end":{"line":219,"column":45}},"98":{"start":{"line":221,"column":41},"end":{"line":221,"column":46}},"99":{"start":{"line":226,"column":14},"end":{"line":235,"column":3}},"100":{"start":{"line":239,"column":15},"end":{"line":282,"column":1}},"101":{"start":{"line":285,"column":23},"end":{"line":285,"column":31}},"102":{"start":{"line":288,"column":23},"end":{"line":288,"column":680}},"103":{"start":{"line":288,"column":44},"end":{"line":288,"column":48}},"104":{"start":{"line":288,"column":56},"end":{"line":288,"column":74}},"105":{"start":{"line":288,"column":82},"end":{"line":288,"column":98}},"106":{"start":{"line":288,"column":99},"end":{"line":288,"column":679}},"107":{"start":{"line":289,"column":32},"end":{"line":289,"column":34}},"108":{"start":{"line":292,"column":32},"end":{"line":297,"column":3}},"109":{"start":{"line":293,"column":4},"end":{"line":293,"column":27}},"110":{"start":{"line":293,"column":19},"end":{"line":293,"column":25}},"111":{"start":{"line":294,"column":4},"end":{"line":295,"column":139}},"112":{"start":{"line":299,"column":27},"end":{"line":299,"column":44}},"113":{"start":{"line":301,"column":36},"end":{"line":301,"column":45}},"114":{"start":{"line":303,"column":41},"end":{"line":303,"column":46}},"115":{"start":{"line":308,"column":14},"end":{"line":317,"column":3}},"116":{"start":{"line":332,"column":15},"end":{"line":379,"column":1}},"117":{"start":{"line":348,"column":6},"end":{"line":350,"column":7}},"118":{"start":{"line":349,"column":8},"end":{"line":349,"column":31}},"119":{"start":{"line":355,"column":6},"end":{"line":355,"column":42}},"120":{"start":{"line":356,"column":19},"end":{"line":356,"column":21}},"121":{"start":{"line":357,"column":6},"end":{"line":375,"column":7}},"122":{"start":{"line":359,"column":10},"end":{"line":359,"column":33}},"123":{"start":{"line":360,"column":10},"end":{"line":360,"column":16}},"124":{"start":{"line":362,"column":10},"end":{"line":362,"column":31}},"125":{"start":{"line":363,"column":10},"end":{"line":363,"column":16}},"126":{"start":{"line":365,"column":10},"end":{"line":365,"column":62}},"127":{"start":{"line":366,"column":10},"end":{"line":366,"column":16}},"128":{"start":{"line":368,"column":10},"end":{"line":368,"column":26}},"129":{"start":{"line":369,"column":10},"end":{"line":369,"column":16}},"130":{"start":{"line":371,"column":10},"end":{"line":371,"column":32}},"131":{"start":{"line":372,"column":10},"end":{"line":372,"column":16}},"132":{"start":{"line":374,"column":10},"end":{"line":374,"column":31}},"133":{"start":{"line":376,"column":6},"end":{"line":376,"column":20}},"134":{"start":{"line":382,"column":23},"end":{"line":382,"column":31}},"135":{"start":{"line":385,"column":23},"end":{"line":385,"column":485}},"136":{"start":{"line":385,"column":44},"end":{"line":385,"column":48}},"137":{"start":{"line":385,"column":56},"end":{"line":385,"column":74}},"138":{"start":{"line":385,"column":82},"end":{"line":385,"column":98}},"139":{"start":{"line":385,"column":99},"end":{"line":385,"column":484}},"140":{"start":{"line":385,"column":145},"end":{"line":385,"column":170}},"141":{"start":{"line":385,"column":170},"end":{"line":385,"column":203}},"142":{"start":{"line":386,"column":32},"end":{"line":386,"column":34}},"143":{"start":{"line":389,"column":32},"end":{"line":393,"column":3}},"144":{"start":{"line":390,"column":4},"end":{"line":390,"column":27}},"145":{"start":{"line":390,"column":19},"end":{"line":390,"column":25}},"146":{"start":{"line":391,"column":4},"end":{"line":391,"column":428}},"147":{"start":{"line":395,"column":27},"end":{"line":395,"column":44}},"148":{"start":{"line":397,"column":36},"end":{"line":397,"column":45}},"149":{"start":{"line":399,"column":41},"end":{"line":399,"column":46}},"150":{"start":{"line":404,"column":15},"end":{"line":413,"column":3}},"151":{"start":{"line":446,"column":15},"end":{"line":515,"column":1}},"152":{"start":{"line":448,"column":4},"end":{"line":450,"column":6}},"153":{"start":{"line":472,"column":29},"end":{"line":472,"column":51}},"154":{"start":{"line":479,"column":29},"end":{"line":479,"column":39}},"155":{"start":{"line":484,"column":6},"end":{"line":484,"column":21}},"156":{"start":{"line":485,"column":6},"end":{"line":487,"column":7}},"157":{"start":{"line":486,"column":8},"end":{"line":486,"column":33}},"158":{"start":{"line":490,"column":19},"end":{"line":490,"column":23}},"159":{"start":{"line":492,"column":6},"end":{"line":492,"column":74}},"160":{"start":{"line":492,"column":31},"end":{"line":492,"column":65}},"161":{"start":{"line":493,"column":6},"end":{"line":493,"column":31}},"162":{"start":{"line":493,"column":20},"end":{"line":493,"column":29}},"163":{"start":{"line":496,"column":6},"end":{"line":496,"column":55}},"164":{"start":{"line":499,"column":21},"end":{"line":499,"column":23}},"165":{"start":{"line":500,"column":6},"end":{"line":502,"column":7}},"166":{"start":{"line":501,"column":8},"end":{"line":501,"column":134}},"167":{"start":{"line":503,"column":6},"end":{"line":503,"column":549}},"168":{"start":{"line":508,"column":6},"end":{"line":508,"column":61}},"169":{"start":{"line":511,"column":6},"end":{"line":511,"column":62}},"170":{"start":{"line":511,"column":25},"end":{"line":511,"column":60}},"171":{"start":{"line":512,"column":6},"end":{"line":512,"column":57}},"172":{"start":{"line":518,"column":23},"end":{"line":518,"column":31}},"173":{"start":{"line":521,"column":23},"end":{"line":521,"column":1047}},"174":{"start":{"line":521,"column":44},"end":{"line":521,"column":48}},"175":{"start":{"line":521,"column":56},"end":{"line":521,"column":74}},"176":{"start":{"line":521,"column":82},"end":{"line":521,"column":98}},"177":{"start":{"line":521,"column":99},"end":{"line":521,"column":1046}},"178":{"start":{"line":521,"column":524},"end":{"line":521,"column":549}},"179":{"start":{"line":521,"column":683},"end":{"line":521,"column":1030}},"180":{"start":{"line":521,"column":786},"end":{"line":521,"column":825}},"181":{"start":{"line":522,"column":32},"end":{"line":522,"column":34}},"182":{"start":{"line":525,"column":32},"end":{"line":529,"column":3}},"183":{"start":{"line":526,"column":4},"end":{"line":526,"column":27}},"184":{"start":{"line":526,"column":19},"end":{"line":526,"column":25}},"185":{"start":{"line":527,"column":4},"end":{"line":527,"column":827}},"186":{"start":{"line":531,"column":27},"end":{"line":531,"column":44}},"187":{"start":{"line":533,"column":36},"end":{"line":533,"column":45}},"188":{"start":{"line":535,"column":41},"end":{"line":535,"column":46}},"189":{"start":{"line":540,"column":15},"end":{"line":549,"column":3}},"190":{"start":{"line":572,"column":15},"end":{"line":647,"column":1}},"191":{"start":{"line":581,"column":29},"end":{"line":581,"column":39}},"192":{"start":{"line":589,"column":29},"end":{"line":589,"column":42}},"193":{"start":{"line":592,"column":29},"end":{"line":592,"column":41}},"194":{"start":{"line":598,"column":4},"end":{"line":602,"column":6}},"195":{"start":{"line":606,"column":6},"end":{"line":606,"column":199}},"196":{"start":{"line":610,"column":4},"end":{"line":612,"column":5}},"197":{"start":{"line":611,"column":6},"end":{"line":611,"column":22}},"198":{"start":{"line":613,"column":4},"end":{"line":615,"column":5}},"199":{"start":{"line":614,"column":6},"end":{"line":614,"column":40}},"200":{"start":{"line":616,"column":5},"end":{"line":618,"column":5}},"201":{"start":{"line":617,"column":6},"end":{"line":617,"column":38}},"202":{"start":{"line":622,"column":6},"end":{"line":622,"column":28}},"203":{"start":{"line":626,"column":4},"end":{"line":628,"column":5}},"204":{"start":{"line":627,"column":6},"end":{"line":627,"column":40}},"205":{"start":{"line":632,"column":6},"end":{"line":632,"column":57}},"206":{"start":{"line":632,"column":35},"end":{"line":632,"column":55}},"207":{"start":{"line":635,"column":19},"end":{"line":635,"column":23}},"208":{"start":{"line":637,"column":6},"end":{"line":640,"column":7}},"209":{"start":{"line":638,"column":8},"end":{"line":638,"column":42}},"210":{"start":{"line":639,"column":8},"end":{"line":639,"column":15}},"211":{"start":{"line":641,"column":6},"end":{"line":641,"column":32}},"212":{"start":{"line":644,"column":6},"end":{"line":644,"column":105}},"213":{"start":{"line":644,"column":24},"end":{"line":644,"column":103}},"214":{"start":{"line":644,"column":49},"end":{"line":644,"column":94}},"215":{"start":{"line":650,"column":23},"end":{"line":650,"column":31}},"216":{"start":{"line":653,"column":23},"end":{"line":653,"column":887}},"217":{"start":{"line":653,"column":44},"end":{"line":653,"column":48}},"218":{"start":{"line":653,"column":56},"end":{"line":653,"column":74}},"219":{"start":{"line":653,"column":82},"end":{"line":653,"column":98}},"220":{"start":{"line":653,"column":99},"end":{"line":653,"column":886}},"221":{"start":{"line":653,"column":420},"end":{"line":653,"column":437}},"222":{"start":{"line":653,"column":508},"end":{"line":653,"column":539}},"223":{"start":{"line":653,"column":561},"end":{"line":653,"column":681}},"224":{"start":{"line":653,"column":740},"end":{"line":653,"column":771}},"225":{"start":{"line":653,"column":793},"end":{"line":653,"column":876}},"226":{"start":{"line":654,"column":32},"end":{"line":654,"column":34}},"227":{"start":{"line":657,"column":32},"end":{"line":662,"column":3}},"228":{"start":{"line":658,"column":4},"end":{"line":658,"column":27}},"229":{"start":{"line":658,"column":19},"end":{"line":658,"column":25}},"230":{"start":{"line":659,"column":4},"end":{"line":660,"column":560}},"231":{"start":{"line":664,"column":27},"end":{"line":664,"column":44}},"232":{"start":{"line":666,"column":36},"end":{"line":666,"column":45}},"233":{"start":{"line":668,"column":41},"end":{"line":668,"column":46}},"234":{"start":{"line":673,"column":15},"end":{"line":682,"column":3}},"235":{"start":{"line":690,"column":15},"end":{"line":724,"column":1}},"236":{"start":{"line":703,"column":6},"end":{"line":703,"column":52}},"237":{"start":{"line":708,"column":22},"end":{"line":715,"column":8}},"238":{"start":{"line":716,"column":20},"end":{"line":716,"column":41}},"239":{"start":{"line":718,"column":6},"end":{"line":720,"column":7}},"240":{"start":{"line":719,"column":8},"end":{"line":719,"column":56}},"241":{"start":{"line":721,"column":6},"end":{"line":721,"column":56}},"242":{"start":{"line":727,"column":23},"end":{"line":727,"column":31}},"243":{"start":{"line":730,"column":23},"end":{"line":730,"column":164}},"244":{"start":{"line":730,"column":44},"end":{"line":730,"column":48}},"245":{"start":{"line":730,"column":56},"end":{"line":730,"column":74}},"246":{"start":{"line":730,"column":82},"end":{"line":730,"column":98}},"247":{"start":{"line":730,"column":99},"end":{"line":730,"column":163}},"248":{"start":{"line":731,"column":32},"end":{"line":731,"column":34}},"249":{"start":{"line":734,"column":32},"end":{"line":734,"column":41}},"250":{"start":{"line":736,"column":27},"end":{"line":736,"column":36}},"251":{"start":{"line":738,"column":36},"end":{"line":738,"column":45}},"252":{"start":{"line":740,"column":41},"end":{"line":740,"column":46}},"253":{"start":{"line":747,"column":14},"end":{"line":756,"column":3}},"254":{"start":{"line":771,"column":15},"end":{"line":795,"column":1}},"255":{"start":{"line":773,"column":4},"end":{"line":775,"column":6}},"256":{"start":{"line":789,"column":6},"end":{"line":789,"column":48}},"257":{"start":{"line":793,"column":4},"end":{"line":793,"column":40}},"258":{"start":{"line":798,"column":23},"end":{"line":798,"column":31}},"259":{"start":{"line":801,"column":23},"end":{"line":801,"column":504}},"260":{"start":{"line":801,"column":44},"end":{"line":801,"column":48}},"261":{"start":{"line":801,"column":56},"end":{"line":801,"column":74}},"262":{"start":{"line":801,"column":82},"end":{"line":801,"column":98}},"263":{"start":{"line":801,"column":99},"end":{"line":801,"column":503}},"264":{"start":{"line":802,"column":32},"end":{"line":802,"column":34}},"265":{"start":{"line":805,"column":32},"end":{"line":810,"column":3}},"266":{"start":{"line":806,"column":4},"end":{"line":806,"column":27}},"267":{"start":{"line":806,"column":19},"end":{"line":806,"column":25}},"268":{"start":{"line":807,"column":4},"end":{"line":808,"column":135}},"269":{"start":{"line":812,"column":27},"end":{"line":812,"column":44}},"270":{"start":{"line":814,"column":36},"end":{"line":814,"column":45}},"271":{"start":{"line":816,"column":41},"end":{"line":816,"column":46}},"272":{"start":{"line":821,"column":15},"end":{"line":830,"column":3}},"273":{"start":{"line":849,"column":15},"end":{"line":872,"column":1}},"274":{"start":{"line":851,"column":4},"end":{"line":853,"column":6}},"275":{"start":{"line":857,"column":6},"end":{"line":857,"column":29}},"276":{"start":{"line":858,"column":6},"end":{"line":858,"column":24}},"277":{"start":{"line":861,"column":19},"end":{"line":861,"column":32}},"278":{"start":{"line":862,"column":6},"end":{"line":862,"column":68}},"279":{"start":{"line":862,"column":33},"end":{"line":862,"column":66}},"280":{"start":{"line":863,"column":6},"end":{"line":863,"column":20}},"281":{"start":{"line":869,"column":29},"end":{"line":869,"column":39}},"282":{"start":{"line":875,"column":23},"end":{"line":875,"column":31}},"283":{"start":{"line":878,"column":23},"end":{"line":878,"column":487}},"284":{"start":{"line":878,"column":44},"end":{"line":878,"column":48}},"285":{"start":{"line":878,"column":56},"end":{"line":878,"column":74}},"286":{"start":{"line":878,"column":82},"end":{"line":878,"column":98}},"287":{"start":{"line":878,"column":99},"end":{"line":878,"column":486}},"288":{"start":{"line":878,"column":180},"end":{"line":878,"column":481}},"289":{"start":{"line":878,"column":254},"end":{"line":878,"column":282}},"290":{"start":{"line":879,"column":32},"end":{"line":879,"column":34}},"291":{"start":{"line":882,"column":32},"end":{"line":886,"column":3}},"292":{"start":{"line":883,"column":4},"end":{"line":883,"column":27}},"293":{"start":{"line":883,"column":19},"end":{"line":883,"column":25}},"294":{"start":{"line":884,"column":4},"end":{"line":884,"column":599}},"295":{"start":{"line":888,"column":27},"end":{"line":888,"column":44}},"296":{"start":{"line":890,"column":36},"end":{"line":890,"column":45}},"297":{"start":{"line":892,"column":41},"end":{"line":892,"column":46}},"298":{"start":{"line":897,"column":15},"end":{"line":906,"column":3}},"299":{"start":{"line":917,"column":15},"end":{"line":938,"column":1}},"300":{"start":{"line":931,"column":8},"end":{"line":931,"column":26}},"301":{"start":{"line":934,"column":8},"end":{"line":934,"column":34}},"302":{"start":{"line":941,"column":23},"end":{"line":941,"column":31}},"303":{"start":{"line":944,"column":23},"end":{"line":944,"column":357}},"304":{"start":{"line":944,"column":44},"end":{"line":944,"column":48}},"305":{"start":{"line":944,"column":56},"end":{"line":944,"column":74}},"306":{"start":{"line":944,"column":82},"end":{"line":944,"column":98}},"307":{"start":{"line":944,"column":99},"end":{"line":944,"column":356}},"308":{"start":{"line":944,"column":220},"end":{"line":944,"column":241}},"309":{"start":{"line":945,"column":32},"end":{"line":945,"column":34}},"310":{"start":{"line":948,"column":32},"end":{"line":952,"column":3}},"311":{"start":{"line":949,"column":4},"end":{"line":949,"column":27}},"312":{"start":{"line":949,"column":19},"end":{"line":949,"column":25}},"313":{"start":{"line":950,"column":4},"end":{"line":950,"column":244}},"314":{"start":{"line":954,"column":27},"end":{"line":954,"column":36}},"315":{"start":{"line":956,"column":36},"end":{"line":956,"column":45}},"316":{"start":{"line":958,"column":41},"end":{"line":958,"column":46}},"317":{"start":{"line":963,"column":17},"end":{"line":972,"column":3}},"318":{"start":{"line":976,"column":15},"end":{"line":1030,"column":1}},"319":{"start":{"line":988,"column":6},"end":{"line":988,"column":52}},"320":{"start":{"line":988,"column":40},"end":{"line":988,"column":50}},"321":{"start":{"line":989,"column":6},"end":{"line":989,"column":20}},"322":{"start":{"line":992,"column":6},"end":{"line":992,"column":46}},"323":{"start":{"line":992,"column":31},"end":{"line":992,"column":44}},"324":{"start":{"line":993,"column":6},"end":{"line":993,"column":53}},"325":{"start":{"line":999,"column":6},"end":{"line":1001,"column":7}},"326":{"start":{"line":1000,"column":8},"end":{"line":1000,"column":39}},"327":{"start":{"line":1002,"column":6},"end":{"line":1002,"column":16}},"328":{"start":{"line":1005,"column":6},"end":{"line":1005,"column":52}},"329":{"start":{"line":1005,"column":40},"end":{"line":1005,"column":50}},"330":{"start":{"line":1006,"column":6},"end":{"line":1008,"column":13}},"331":{"start":{"line":1012,"column":4},"end":{"line":1015,"column":6}},"332":{"start":{"line":1019,"column":6},"end":{"line":1019,"column":58}},"333":{"start":{"line":1019,"column":18},"end":{"line":1019,"column":56}},"334":{"start":{"line":1020,"column":6},"end":{"line":1020,"column":53}},"335":{"start":{"line":1024,"column":4},"end":{"line":1024,"column":52}},"336":{"start":{"line":1025,"column":4},"end":{"line":1028,"column":20}},"337":{"start":{"line":1026,"column":8},"end":{"line":1028,"column":18}},"338":{"start":{"line":1033,"column":23},"end":{"line":1033,"column":31}},"339":{"start":{"line":1036,"column":23},"end":{"line":1039,"column":53}},"340":{"start":{"line":1036,"column":44},"end":{"line":1036,"column":48}},"341":{"start":{"line":1036,"column":56},"end":{"line":1036,"column":74}},"342":{"start":{"line":1036,"column":82},"end":{"line":1036,"column":98}},"343":{"start":{"line":1036,"column":99},"end":{"line":1039,"column":52}},"344":{"start":{"line":1036,"column":367},"end":{"line":1036,"column":388}},"345":{"start":{"line":1040,"column":32},"end":{"line":1040,"column":34}},"346":{"start":{"line":1043,"column":32},"end":{"line":1048,"column":3}},"347":{"start":{"line":1044,"column":4},"end":{"line":1044,"column":27}},"348":{"start":{"line":1044,"column":19},"end":{"line":1044,"column":25}},"349":{"start":{"line":1045,"column":4},"end":{"line":1046,"column":818}},"350":{"start":{"line":1050,"column":27},"end":{"line":1050,"column":44}},"351":{"start":{"line":1052,"column":36},"end":{"line":1052,"column":45}},"352":{"start":{"line":1054,"column":41},"end":{"line":1054,"column":46}},"353":{"start":{"line":1059,"column":18},"end":{"line":1068,"column":3}},"354":{"start":{"line":1092,"column":15},"end":{"line":1114,"column":1}},"355":{"start":{"line":1097,"column":29},"end":{"line":1097,"column":41}},"356":{"start":{"line":1110,"column":6},"end":{"line":1110,"column":45}},"357":{"start":{"line":1110,"column":36},"end":{"line":1110,"column":43}},"358":{"start":{"line":1111,"column":6},"end":{"line":1111,"column":21}},"359":{"start":{"line":1117,"column":23},"end":{"line":1117,"column":31}},"360":{"start":{"line":1120,"column":23},"end":{"line":1120,"column":690}},"361":{"start":{"line":1120,"column":44},"end":{"line":1120,"column":48}},"362":{"start":{"line":1120,"column":56},"end":{"line":1120,"column":74}},"363":{"start":{"line":1120,"column":82},"end":{"line":1120,"column":98}},"364":{"start":{"line":1120,"column":99},"end":{"line":1120,"column":689}},"365":{"start":{"line":1120,"column":479},"end":{"line":1120,"column":676}},"366":{"start":{"line":1120,"column":617},"end":{"line":1120,"column":642}},"367":{"start":{"line":1121,"column":32},"end":{"line":1121,"column":34}},"368":{"start":{"line":1124,"column":32},"end":{"line":1129,"column":3}},"369":{"start":{"line":1125,"column":4},"end":{"line":1125,"column":27}},"370":{"start":{"line":1125,"column":19},"end":{"line":1125,"column":25}},"371":{"start":{"line":1126,"column":4},"end":{"line":1127,"column":616}},"372":{"start":{"line":1131,"column":27},"end":{"line":1131,"column":44}},"373":{"start":{"line":1133,"column":36},"end":{"line":1133,"column":45}},"374":{"start":{"line":1135,"column":41},"end":{"line":1135,"column":46}},"375":{"start":{"line":1140,"column":17},"end":{"line":1149,"column":3}},"376":{"start":{"line":1153,"column":15},"end":{"line":1172,"column":1}},"377":{"start":{"line":1169,"column":6},"end":{"line":1169,"column":27}},"378":{"start":{"line":1175,"column":23},"end":{"line":1175,"column":31}},"379":{"start":{"line":1178,"column":23},"end":{"line":1178,"column":341}},"380":{"start":{"line":1178,"column":44},"end":{"line":1178,"column":48}},"381":{"start":{"line":1178,"column":56},"end":{"line":1178,"column":74}},"382":{"start":{"line":1178,"column":82},"end":{"line":1178,"column":98}},"383":{"start":{"line":1178,"column":99},"end":{"line":1178,"column":340}},"384":{"start":{"line":1179,"column":32},"end":{"line":1179,"column":34}},"385":{"start":{"line":1182,"column":32},"end":{"line":1187,"column":3}},"386":{"start":{"line":1183,"column":4},"end":{"line":1183,"column":27}},"387":{"start":{"line":1183,"column":19},"end":{"line":1183,"column":25}},"388":{"start":{"line":1184,"column":4},"end":{"line":1185,"column":197}},"389":{"start":{"line":1189,"column":27},"end":{"line":1189,"column":44}},"390":{"start":{"line":1191,"column":36},"end":{"line":1191,"column":45}},"391":{"start":{"line":1193,"column":41},"end":{"line":1193,"column":46}},"392":{"start":{"line":1198,"column":17},"end":{"line":1207,"column":3}},"393":{"start":{"line":1219,"column":15},"end":{"line":1247,"column":1}},"394":{"start":{"line":1250,"column":23},"end":{"line":1250,"column":31}},"395":{"start":{"line":1253,"column":23},"end":{"line":1253,"column":377}},"396":{"start":{"line":1253,"column":44},"end":{"line":1253,"column":48}},"397":{"start":{"line":1253,"column":56},"end":{"line":1253,"column":74}},"398":{"start":{"line":1253,"column":82},"end":{"line":1253,"column":98}},"399":{"start":{"line":1253,"column":99},"end":{"line":1253,"column":376}},"400":{"start":{"line":1254,"column":32},"end":{"line":1254,"column":34}},"401":{"start":{"line":1257,"column":32},"end":{"line":1261,"column":3}},"402":{"start":{"line":1258,"column":4},"end":{"line":1258,"column":27}},"403":{"start":{"line":1258,"column":19},"end":{"line":1258,"column":25}},"404":{"start":{"line":1259,"column":4},"end":{"line":1259,"column":260}},"405":{"start":{"line":1263,"column":27},"end":{"line":1263,"column":44}},"406":{"start":{"line":1265,"column":36},"end":{"line":1265,"column":45}},"407":{"start":{"line":1267,"column":41},"end":{"line":1267,"column":46}},"408":{"start":{"line":1272,"column":19},"end":{"line":1281,"column":3}},"409":{"start":{"line":1316,"column":15},"end":{"line":1402,"column":1}},"410":{"start":{"line":1318,"column":4},"end":{"line":1320,"column":6}},"411":{"start":{"line":1380,"column":6},"end":{"line":1382,"column":7}},"412":{"start":{"line":1381,"column":8},"end":{"line":1381,"column":39}},"413":{"start":{"line":1383,"column":6},"end":{"line":1383,"column":32}},"414":{"start":{"line":1386,"column":6},"end":{"line":1386,"column":50}},"415":{"start":{"line":1386,"column":38},"end":{"line":1386,"column":48}},"416":{"start":{"line":1387,"column":6},"end":{"line":1390,"column":13}},"417":{"start":{"line":1394,"column":8},"end":{"line":1394,"column":26}},"418":{"start":{"line":1397,"column":8},"end":{"line":1397,"column":30}},"419":{"start":{"line":1398,"column":8},"end":{"line":1398,"column":33}},"420":{"start":{"line":1405,"column":23},"end":{"line":1405,"column":31}},"421":{"start":{"line":1408,"column":23},"end":{"line":1408,"column":1218}},"422":{"start":{"line":1408,"column":44},"end":{"line":1408,"column":48}},"423":{"start":{"line":1408,"column":56},"end":{"line":1408,"column":74}},"424":{"start":{"line":1408,"column":82},"end":{"line":1408,"column":98}},"425":{"start":{"line":1408,"column":99},"end":{"line":1408,"column":1217}},"426":{"start":{"line":1408,"column":656},"end":{"line":1408,"column":677}},"427":{"start":{"line":1408,"column":1040},"end":{"line":1408,"column":1061}},"428":{"start":{"line":1409,"column":32},"end":{"line":1409,"column":34}},"429":{"start":{"line":1412,"column":32},"end":{"line":1417,"column":3}},"430":{"start":{"line":1413,"column":4},"end":{"line":1413,"column":27}},"431":{"start":{"line":1413,"column":19},"end":{"line":1413,"column":25}},"432":{"start":{"line":1414,"column":4},"end":{"line":1415,"column":173}},"433":{"start":{"line":1419,"column":27},"end":{"line":1419,"column":44}},"434":{"start":{"line":1421,"column":36},"end":{"line":1421,"column":45}},"435":{"start":{"line":1423,"column":41},"end":{"line":1423,"column":46}},"436":{"start":{"line":1428,"column":20},"end":{"line":1437,"column":3}},"437":{"start":{"line":1441,"column":15},"end":{"line":1538,"column":1}},"438":{"start":{"line":1457,"column":29},"end":{"line":1459,"column":52}},"439":{"start":{"line":1468,"column":29},"end":{"line":1468,"column":42}},"440":{"start":{"line":1471,"column":29},"end":{"line":1471,"column":41}},"441":{"start":{"line":1479,"column":4},"end":{"line":1483,"column":6}},"442":{"start":{"line":1487,"column":6},"end":{"line":1487,"column":199}},"443":{"start":{"line":1490,"column":6},"end":{"line":1490,"column":27}},"444":{"start":{"line":1491,"column":6},"end":{"line":1491,"column":32}},"445":{"start":{"line":1494,"column":6},"end":{"line":1494,"column":35}},"446":{"start":{"line":1498,"column":4},"end":{"line":1500,"column":5}},"447":{"start":{"line":1499,"column":6},"end":{"line":1499,"column":22}},"448":{"start":{"line":1501,"column":4},"end":{"line":1503,"column":5}},"449":{"start":{"line":1502,"column":6},"end":{"line":1502,"column":40}},"450":{"start":{"line":1504,"column":4},"end":{"line":1506,"column":5}},"451":{"start":{"line":1505,"column":6},"end":{"line":1505,"column":38}},"452":{"start":{"line":1510,"column":6},"end":{"line":1510,"column":28}},"453":{"start":{"line":1513,"column":19},"end":{"line":1513,"column":23}},"454":{"start":{"line":1515,"column":6},"end":{"line":1517,"column":7}},"455":{"start":{"line":1516,"column":8},"end":{"line":1516,"column":86}},"456":{"start":{"line":1516,"column":52},"end":{"line":1516,"column":82}},"457":{"start":{"line":1518,"column":6},"end":{"line":1518,"column":26}},"458":{"start":{"line":1522,"column":4},"end":{"line":1524,"column":5}},"459":{"start":{"line":1523,"column":6},"end":{"line":1523,"column":40}},"460":{"start":{"line":1528,"column":6},"end":{"line":1528,"column":57}},"461":{"start":{"line":1528,"column":35},"end":{"line":1528,"column":55}},"462":{"start":{"line":1531,"column":19},"end":{"line":1531,"column":23}},"463":{"start":{"line":1533,"column":6},"end":{"line":1533,"column":27}},"464":{"start":{"line":1534,"column":6},"end":{"line":1534,"column":39}},"465":{"start":{"line":1535,"column":6},"end":{"line":1535,"column":105}},"466":{"start":{"line":1535,"column":24},"end":{"line":1535,"column":103}},"467":{"start":{"line":1535,"column":49},"end":{"line":1535,"column":94}},"468":{"start":{"line":1541,"column":23},"end":{"line":1541,"column":31}},"469":{"start":{"line":1544,"column":23},"end":{"line":1544,"column":645}},"470":{"start":{"line":1544,"column":44},"end":{"line":1544,"column":48}},"471":{"start":{"line":1544,"column":56},"end":{"line":1544,"column":74}},"472":{"start":{"line":1544,"column":82},"end":{"line":1544,"column":98}},"473":{"start":{"line":1544,"column":99},"end":{"line":1544,"column":644}},"474":{"start":{"line":1544,"column":417},"end":{"line":1544,"column":548}},"475":{"start":{"line":1544,"column":603},"end":{"line":1544,"column":617}},"476":{"start":{"line":1545,"column":32},"end":{"line":1545,"column":34}},"477":{"start":{"line":1548,"column":32},"end":{"line":1553,"column":3}},"478":{"start":{"line":1549,"column":4},"end":{"line":1549,"column":27}},"479":{"start":{"line":1549,"column":19},"end":{"line":1549,"column":25}},"480":{"start":{"line":1550,"column":4},"end":{"line":1551,"column":1926}},"481":{"start":{"line":1555,"column":27},"end":{"line":1555,"column":44}},"482":{"start":{"line":1557,"column":36},"end":{"line":1557,"column":45}},"483":{"start":{"line":1559,"column":41},"end":{"line":1559,"column":46}},"484":{"start":{"line":1564,"column":21},"end":{"line":1573,"column":3}},"485":{"start":{"line":1577,"column":15},"end":{"line":1677,"column":1}},"486":{"start":{"line":1589,"column":29},"end":{"line":1594,"column":8}},"487":{"start":{"line":1603,"column":29},"end":{"line":1603,"column":42}},"488":{"start":{"line":1606,"column":29},"end":{"line":1606,"column":41}},"489":{"start":{"line":1615,"column":4},"end":{"line":1620,"column":6}},"490":{"start":{"line":1624,"column":6},"end":{"line":1624,"column":199}},"491":{"start":{"line":1627,"column":6},"end":{"line":1627,"column":35}},"492":{"start":{"line":1631,"column":4},"end":{"line":1633,"column":5}},"493":{"start":{"line":1632,"column":6},"end":{"line":1632,"column":22}},"494":{"start":{"line":1634,"column":4},"end":{"line":1636,"column":5}},"495":{"start":{"line":1635,"column":6},"end":{"line":1635,"column":40}},"496":{"start":{"line":1637,"column":4},"end":{"line":1639,"column":5}},"497":{"start":{"line":1638,"column":6},"end":{"line":1638,"column":38}},"498":{"start":{"line":1643,"column":6},"end":{"line":1643,"column":28}},"499":{"start":{"line":1646,"column":19},"end":{"line":1646,"column":23}},"500":{"start":{"line":1648,"column":6},"end":{"line":1650,"column":7}},"501":{"start":{"line":1649,"column":8},"end":{"line":1649,"column":86}},"502":{"start":{"line":1649,"column":52},"end":{"line":1649,"column":82}},"503":{"start":{"line":1651,"column":6},"end":{"line":1651,"column":49}},"504":{"start":{"line":1652,"column":6},"end":{"line":1652,"column":26}},"505":{"start":{"line":1656,"column":4},"end":{"line":1658,"column":5}},"506":{"start":{"line":1657,"column":6},"end":{"line":1657,"column":40}},"507":{"start":{"line":1662,"column":6},"end":{"line":1662,"column":57}},"508":{"start":{"line":1662,"column":35},"end":{"line":1662,"column":55}},"509":{"start":{"line":1665,"column":19},"end":{"line":1665,"column":23}},"510":{"start":{"line":1667,"column":6},"end":{"line":1670,"column":7}},"511":{"start":{"line":1668,"column":8},"end":{"line":1668,"column":42}},"512":{"start":{"line":1669,"column":8},"end":{"line":1669,"column":15}},"513":{"start":{"line":1671,"column":6},"end":{"line":1671,"column":32}},"514":{"start":{"line":1674,"column":6},"end":{"line":1674,"column":105}},"515":{"start":{"line":1674,"column":24},"end":{"line":1674,"column":103}},"516":{"start":{"line":1674,"column":49},"end":{"line":1674,"column":94}},"517":{"start":{"line":1680,"column":23},"end":{"line":1680,"column":31}},"518":{"start":{"line":1683,"column":23},"end":{"line":1683,"column":1121}},"519":{"start":{"line":1683,"column":44},"end":{"line":1683,"column":48}},"520":{"start":{"line":1683,"column":56},"end":{"line":1683,"column":74}},"521":{"start":{"line":1683,"column":82},"end":{"line":1683,"column":98}},"522":{"start":{"line":1683,"column":99},"end":{"line":1683,"column":1120}},"523":{"start":{"line":1683,"column":482},"end":{"line":1683,"column":1000}},"524":{"start":{"line":1683,"column":1063},"end":{"line":1683,"column":1085}},"525":{"start":{"line":1684,"column":32},"end":{"line":1684,"column":34}},"526":{"start":{"line":1687,"column":32},"end":{"line":1691,"column":3}},"527":{"start":{"line":1688,"column":4},"end":{"line":1688,"column":27}},"528":{"start":{"line":1688,"column":19},"end":{"line":1688,"column":25}},"529":{"start":{"line":1689,"column":4},"end":{"line":1689,"column":1269}},"530":{"start":{"line":1693,"column":27},"end":{"line":1693,"column":36}},"531":{"start":{"line":1695,"column":36},"end":{"line":1695,"column":45}},"532":{"start":{"line":1697,"column":41},"end":{"line":1697,"column":46}},"533":{"start":{"line":1702,"column":22},"end":{"line":1711,"column":3}},"534":{"start":{"line":1723,"column":15},"end":{"line":1739,"column":1}},"535":{"start":{"line":1736,"column":12},"end":{"line":1736,"column":51}},"536":{"start":{"line":1742,"column":23},"end":{"line":1742,"column":31}},"537":{"start":{"line":1745,"column":23},"end":{"line":1745,"column":656}},"538":{"start":{"line":1745,"column":44},"end":{"line":1745,"column":48}},"539":{"start":{"line":1745,"column":56},"end":{"line":1745,"column":74}},"540":{"start":{"line":1745,"column":82},"end":{"line":1745,"column":98}},"541":{"start":{"line":1745,"column":99},"end":{"line":1745,"column":655}},"542":{"start":{"line":1745,"column":173},"end":{"line":1745,"column":198}},"543":{"start":{"line":1745,"column":198},"end":{"line":1745,"column":223}},"544":{"start":{"line":1745,"column":502},"end":{"line":1745,"column":527}},"545":{"start":{"line":1745,"column":527},"end":{"line":1745,"column":552}},"546":{"start":{"line":1745,"column":579},"end":{"line":1745,"column":617}},"547":{"start":{"line":1745,"column":608},"end":{"line":1745,"column":615}},"548":{"start":{"line":1745,"column":617},"end":{"line":1745,"column":647}},"549":{"start":{"line":1746,"column":32},"end":{"line":1746,"column":34}},"550":{"start":{"line":1749,"column":32},"end":{"line":1749,"column":41}},"551":{"start":{"line":1751,"column":27},"end":{"line":1751,"column":44}},"552":{"start":{"line":1753,"column":36},"end":{"line":1753,"column":45}},"553":{"start":{"line":1755,"column":41},"end":{"line":1755,"column":46}},"554":{"start":{"line":1762,"column":22},"end":{"line":1771,"column":3}},"555":{"start":{"line":1791,"column":15},"end":{"line":1817,"column":1}},"556":{"start":{"line":1794,"column":4},"end":{"line":1796,"column":6}},"557":{"start":{"line":1800,"column":6},"end":{"line":1800,"column":59}},"558":{"start":{"line":1800,"column":50},"end":{"line":1800,"column":57}},"559":{"start":{"line":1801,"column":6},"end":{"line":1801,"column":67}},"560":{"start":{"line":1806,"column":6},"end":{"line":1806,"column":68}},"561":{"start":{"line":1810,"column":8},"end":{"line":1810,"column":26}},"562":{"start":{"line":1813,"column":8},"end":{"line":1813,"column":33}},"563":{"start":{"line":1820,"column":23},"end":{"line":1820,"column":31}},"564":{"start":{"line":1823,"column":23},"end":{"line":1823,"column":709}},"565":{"start":{"line":1823,"column":44},"end":{"line":1823,"column":48}},"566":{"start":{"line":1823,"column":56},"end":{"line":1823,"column":74}},"567":{"start":{"line":1823,"column":82},"end":{"line":1823,"column":98}},"568":{"start":{"line":1823,"column":99},"end":{"line":1823,"column":708}},"569":{"start":{"line":1823,"column":531},"end":{"line":1823,"column":552}},"570":{"start":{"line":1824,"column":32},"end":{"line":1824,"column":34}},"571":{"start":{"line":1827,"column":32},"end":{"line":1832,"column":3}},"572":{"start":{"line":1828,"column":4},"end":{"line":1828,"column":27}},"573":{"start":{"line":1828,"column":19},"end":{"line":1828,"column":25}},"574":{"start":{"line":1829,"column":4},"end":{"line":1830,"column":831}},"575":{"start":{"line":1834,"column":27},"end":{"line":1834,"column":44}},"576":{"start":{"line":1836,"column":36},"end":{"line":1836,"column":45}},"577":{"start":{"line":1838,"column":41},"end":{"line":1838,"column":46}},"578":{"start":{"line":1843,"column":23},"end":{"line":1852,"column":3}},"579":{"start":{"line":1856,"column":15},"end":{"line":1965,"column":1}},"580":{"start":{"line":1860,"column":22},"end":{"line":1885,"column":5}},"581":{"start":{"line":1898,"column":6},"end":{"line":1898,"column":21}},"582":{"start":{"line":1899,"column":6},"end":{"line":1899,"column":22}},"583":{"start":{"line":1900,"column":6},"end":{"line":1900,"column":41}},"584":{"start":{"line":1901,"column":6},"end":{"line":1901,"column":36}},"585":{"start":{"line":1902,"column":6},"end":{"line":1902,"column":37}},"586":{"start":{"line":1903,"column":6},"end":{"line":1903,"column":27}},"587":{"start":{"line":1904,"column":6},"end":{"line":1904,"column":37}},"588":{"start":{"line":1905,"column":6},"end":{"line":1910,"column":8}},"589":{"start":{"line":1911,"column":6},"end":{"line":1916,"column":8}},"590":{"start":{"line":1917,"column":6},"end":{"line":1917,"column":38}},"591":{"start":{"line":1918,"column":6},"end":{"line":1918,"column":37}},"592":{"start":{"line":1919,"column":6},"end":{"line":1919,"column":32}},"593":{"start":{"line":1920,"column":6},"end":{"line":1920,"column":37}},"594":{"start":{"line":1921,"column":6},"end":{"line":1921,"column":38}},"595":{"start":{"line":1924,"column":6},"end":{"line":1924,"column":34}},"596":{"start":{"line":1927,"column":19},"end":{"line":1927,"column":23}},"597":{"start":{"line":1929,"column":6},"end":{"line":1962,"column":7}},"598":{"start":{"line":1930,"column":8},"end":{"line":1930,"column":51}},"599":{"start":{"line":1931,"column":8},"end":{"line":1931,"column":54}},"600":{"start":{"line":1932,"column":8},"end":{"line":1932,"column":57}},"601":{"start":{"line":1933,"column":8},"end":{"line":1933,"column":74}},"602":{"start":{"line":1934,"column":8},"end":{"line":1934,"column":63}},"603":{"start":{"line":1935,"column":8},"end":{"line":1935,"column":75}},"604":{"start":{"line":1936,"column":8},"end":{"line":1937,"column":65}},"605":{"start":{"line":1938,"column":8},"end":{"line":1939,"column":67}},"606":{"start":{"line":1940,"column":8},"end":{"line":1941,"column":67}},"607":{"start":{"line":1942,"column":8},"end":{"line":1943,"column":69}},"608":{"start":{"line":1944,"column":8},"end":{"line":1944,"column":54}},"609":{"start":{"line":1945,"column":8},"end":{"line":1946,"column":61}},"610":{"start":{"line":1947,"column":8},"end":{"line":1952,"column":9}},"611":{"start":{"line":1948,"column":10},"end":{"line":1951,"column":12}},"612":{"start":{"line":1949,"column":12},"end":{"line":1949,"column":27}},"613":{"start":{"line":1950,"column":12},"end":{"line":1950,"column":37}},"614":{"start":{"line":1954,"column":8},"end":{"line":1957,"column":10}},"615":{"start":{"line":1955,"column":10},"end":{"line":1955,"column":25}},"616":{"start":{"line":1956,"column":10},"end":{"line":1956,"column":34}},"617":{"start":{"line":1958,"column":8},"end":{"line":1959,"column":67}},"618":{"start":{"line":1960,"column":8},"end":{"line":1961,"column":65}},"619":{"start":{"line":1968,"column":23},"end":{"line":1968,"column":31}},"620":{"start":{"line":1971,"column":23},"end":{"line":1971,"column":1437}},"621":{"start":{"line":1971,"column":44},"end":{"line":1971,"column":48}},"622":{"start":{"line":1971,"column":56},"end":{"line":1971,"column":74}},"623":{"start":{"line":1971,"column":82},"end":{"line":1971,"column":98}},"624":{"start":{"line":1971,"column":99},"end":{"line":1971,"column":1436}},"625":{"start":{"line":1972,"column":32},"end":{"line":1972,"column":34}},"626":{"start":{"line":1975,"column":32},"end":{"line":1980,"column":3}},"627":{"start":{"line":1976,"column":4},"end":{"line":1976,"column":27}},"628":{"start":{"line":1976,"column":19},"end":{"line":1976,"column":25}},"629":{"start":{"line":1977,"column":4},"end":{"line":1978,"column":276}},"630":{"start":{"line":1982,"column":27},"end":{"line":1982,"column":44}},"631":{"start":{"line":1984,"column":36},"end":{"line":1984,"column":45}},"632":{"start":{"line":1986,"column":41},"end":{"line":1986,"column":46}},"633":{"start":{"line":1991,"column":27},"end":{"line":2000,"column":3}}},"fnMap":{"0":{"name":"normalizeComponent","decl":{"start":{"line":20,"column":9},"end":{"line":20,"column":27}},"loc":{"start":{"line":22,"column":71},"end":{"line":101,"column":1}},"line":22},"1":{"name":"hook","decl":{"start":{"line":51,"column":20},"end":{"line":51,"column":24}},"loc":{"start":{"line":51,"column":34},"end":{"line":71,"column":5}},"line":51},"2":{"name":"(anonymous_2)","decl":{"start":{"line":77,"column":24},"end":{"line":77,"column":25}},"loc":{"start":{"line":77,"column":36},"end":{"line":79,"column":5}},"line":77},"3":{"name":"(anonymous_3)","decl":{"start":{"line":79,"column":8},"end":{"line":79,"column":9}},"loc":{"start":{"line":79,"column":27},"end":{"line":81,"column":5}},"line":79},"4":{"name":"renderWithStyleInjection","decl":{"start":{"line":89,"column":32},"end":{"line":89,"column":56}},"loc":{"start":{"line":89,"column":69},"end":{"line":92,"column":7}},"line":89},"5":{"name":"createInjector","decl":{"start":{"line":106,"column":9},"end":{"line":106,"column":23}},"loc":{"start":{"line":106,"column":33},"end":{"line":110,"column":1}},"line":106},"6":{"name":"(anonymous_6)","decl":{"start":{"line":107,"column":9},"end":{"line":107,"column":10}},"loc":{"start":{"line":107,"column":30},"end":{"line":109,"column":3}},"line":107},"7":{"name":"addStyle","decl":{"start":{"line":114,"column":9},"end":{"line":114,"column":17}},"loc":{"start":{"line":114,"column":27},"end":{"line":151,"column":1}},"line":114},"8":{"name":"(anonymous_8)","decl":{"start":{"line":159,"column":21},"end":{"line":159,"column":22}},"loc":{"start":{"line":159,"column":33},"end":{"line":159,"column":215}},"line":159},"9":{"name":"(anonymous_9)","decl":{"start":{"line":163,"column":30},"end":{"line":163,"column":31}},"loc":{"start":{"line":163,"column":48},"end":{"line":167,"column":3}},"line":163},"10":{"name":"(anonymous_10)","decl":{"start":{"line":207,"column":23},"end":{"line":207,"column":24}},"loc":{"start":{"line":207,"column":35},"end":{"line":207,"column":280}},"line":207},"11":{"name":"(anonymous_11)","decl":{"start":{"line":211,"column":32},"end":{"line":211,"column":33}},"loc":{"start":{"line":211,"column":50},"end":{"line":215,"column":3}},"line":211},"12":{"name":"(anonymous_12)","decl":{"start":{"line":259,"column":15},"end":{"line":259,"column":16}},"loc":{"start":{"line":259,"column":27},"end":{"line":259,"column":29}},"line":259},"13":{"name":"(anonymous_13)","decl":{"start":{"line":263,"column":15},"end":{"line":263,"column":16}},"loc":{"start":{"line":263,"column":27},"end":{"line":263,"column":29}},"line":263},"14":{"name":"(anonymous_14)","decl":{"start":{"line":271,"column":15},"end":{"line":271,"column":16}},"loc":{"start":{"line":271,"column":27},"end":{"line":271,"column":29}},"line":271},"15":{"name":"(anonymous_15)","decl":{"start":{"line":288,"column":23},"end":{"line":288,"column":24}},"loc":{"start":{"line":288,"column":35},"end":{"line":288,"column":680}},"line":288},"16":{"name":"(anonymous_16)","decl":{"start":{"line":292,"column":32},"end":{"line":292,"column":33}},"loc":{"start":{"line":292,"column":50},"end":{"line":297,"column":3}},"line":292},"17":{"name":"openPriceQuote","decl":{"start":{"line":347,"column":29},"end":{"line":347,"column":43}},"loc":{"start":{"line":347,"column":46},"end":{"line":351,"column":5}},"line":347},"18":{"name":"computedStatus","decl":{"start":{"line":354,"column":29},"end":{"line":354,"column":43}},"loc":{"start":{"line":354,"column":46},"end":{"line":377,"column":5}},"line":354},"19":{"name":"(anonymous_19)","decl":{"start":{"line":385,"column":23},"end":{"line":385,"column":24}},"loc":{"start":{"line":385,"column":35},"end":{"line":385,"column":485}},"line":385},"20":{"name":"(anonymous_20)","decl":{"start":{"line":385,"column":128},"end":{"line":385,"column":129}},"loc":{"start":{"line":385,"column":144},"end":{"line":385,"column":204}},"line":385},"21":{"name":"(anonymous_21)","decl":{"start":{"line":389,"column":32},"end":{"line":389,"column":33}},"loc":{"start":{"line":389,"column":50},"end":{"line":393,"column":3}},"line":389},"22":{"name":"data","decl":{"start":{"line":447,"column":17},"end":{"line":447,"column":21}},"loc":{"start":{"line":447,"column":24},"end":{"line":451,"column":3}},"line":447},"23":{"name":"(anonymous_23)","decl":{"start":{"line":472,"column":15},"end":{"line":472,"column":16}},"loc":{"start":{"line":472,"column":27},"end":{"line":472,"column":53}},"line":472},"24":{"name":"(anonymous_24)","decl":{"start":{"line":472,"column":36},"end":{"line":472,"column":37}},"loc":{"start":{"line":472,"column":48},"end":{"line":472,"column":50}},"line":472},"25":{"name":"(anonymous_25)","decl":{"start":{"line":479,"column":15},"end":{"line":479,"column":16}},"loc":{"start":{"line":479,"column":27},"end":{"line":479,"column":41}},"line":479},"26":{"name":"(anonymous_26)","decl":{"start":{"line":483,"column":11},"end":{"line":483,"column":12}},"loc":{"start":{"line":483,"column":22},"end":{"line":488,"column":5}},"line":483},"27":{"name":"(anonymous_27)","decl":{"start":{"line":489,"column":18},"end":{"line":489,"column":19}},"loc":{"start":{"line":489,"column":35},"end":{"line":494,"column":5}},"line":489},"28":{"name":"(anonymous_28)","decl":{"start":{"line":492,"column":17},"end":{"line":492,"column":18}},"loc":{"start":{"line":492,"column":29},"end":{"line":492,"column":67}},"line":492},"29":{"name":"(anonymous_29)","decl":{"start":{"line":495,"column":23},"end":{"line":495,"column":24}},"loc":{"start":{"line":495,"column":34},"end":{"line":497,"column":5}},"line":495},"30":{"name":"style","decl":{"start":{"line":498,"column":20},"end":{"line":498,"column":25}},"loc":{"start":{"line":498,"column":28},"end":{"line":504,"column":5}},"line":498},"31":{"name":"hasListButtons","decl":{"start":{"line":507,"column":29},"end":{"line":507,"column":43}},"loc":{"start":{"line":507,"column":46},"end":{"line":509,"column":5}},"line":507},"32":{"name":"iconStyle","decl":{"start":{"line":510,"column":24},"end":{"line":510,"column":33}},"loc":{"start":{"line":510,"column":36},"end":{"line":513,"column":5}},"line":510},"33":{"name":"(anonymous_33)","decl":{"start":{"line":521,"column":23},"end":{"line":521,"column":24}},"loc":{"start":{"line":521,"column":35},"end":{"line":521,"column":1047}},"line":521},"34":{"name":"(anonymous_34)","decl":{"start":{"line":521,"column":507},"end":{"line":521,"column":508}},"loc":{"start":{"line":521,"column":523},"end":{"line":521,"column":550}},"line":521},"35":{"name":"(anonymous_35)","decl":{"start":{"line":521,"column":660},"end":{"line":521,"column":661}},"loc":{"start":{"line":521,"column":682},"end":{"line":521,"column":1031}},"line":521},"36":{"name":"(anonymous_36)","decl":{"start":{"line":521,"column":769},"end":{"line":521,"column":770}},"loc":{"start":{"line":521,"column":785},"end":{"line":521,"column":826}},"line":521},"37":{"name":"(anonymous_37)","decl":{"start":{"line":525,"column":32},"end":{"line":525,"column":33}},"loc":{"start":{"line":525,"column":50},"end":{"line":529,"column":3}},"line":525},"38":{"name":"(anonymous_38)","decl":{"start":{"line":581,"column":15},"end":{"line":581,"column":16}},"loc":{"start":{"line":581,"column":27},"end":{"line":581,"column":41}},"line":581},"39":{"name":"(anonymous_39)","decl":{"start":{"line":589,"column":15},"end":{"line":589,"column":16}},"loc":{"start":{"line":589,"column":27},"end":{"line":589,"column":44}},"line":589},"40":{"name":"(anonymous_40)","decl":{"start":{"line":592,"column":15},"end":{"line":592,"column":16}},"loc":{"start":{"line":592,"column":27},"end":{"line":592,"column":43}},"line":592},"41":{"name":"(anonymous_41)","decl":{"start":{"line":597,"column":8},"end":{"line":597,"column":9}},"loc":{"start":{"line":597,"column":19},"end":{"line":603,"column":3}},"line":597},"42":{"name":"(anonymous_42)","decl":{"start":{"line":605,"column":11},"end":{"line":605,"column":12}},"loc":{"start":{"line":605,"column":22},"end":{"line":607,"column":5}},"line":605},"43":{"name":"beforeMount","decl":{"start":{"line":609,"column":24},"end":{"line":609,"column":35}},"loc":{"start":{"line":609,"column":38},"end":{"line":619,"column":3}},"line":609},"44":{"name":"(anonymous_44)","decl":{"start":{"line":621,"column":15},"end":{"line":621,"column":16}},"loc":{"start":{"line":621,"column":27},"end":{"line":623,"column":5}},"line":621},"45":{"name":"updated","decl":{"start":{"line":625,"column":20},"end":{"line":625,"column":27}},"loc":{"start":{"line":625,"column":30},"end":{"line":629,"column":3}},"line":625},"46":{"name":"(anonymous_46)","decl":{"start":{"line":631,"column":16},"end":{"line":631,"column":17}},"loc":{"start":{"line":631,"column":30},"end":{"line":633,"column":5}},"line":631},"47":{"name":"(anonymous_47)","decl":{"start":{"line":634,"column":14},"end":{"line":634,"column":15}},"loc":{"start":{"line":634,"column":28},"end":{"line":645,"column":5}},"line":634},"48":{"name":"(anonymous_48)","decl":{"start":{"line":644,"column":35},"end":{"line":644,"column":36}},"loc":{"start":{"line":644,"column":47},"end":{"line":644,"column":96}},"line":644},"49":{"name":"(anonymous_49)","decl":{"start":{"line":653,"column":23},"end":{"line":653,"column":24}},"loc":{"start":{"line":653,"column":35},"end":{"line":653,"column":887}},"line":653},"50":{"name":"(anonymous_50)","decl":{"start":{"line":653,"column":404},"end":{"line":653,"column":405}},"loc":{"start":{"line":653,"column":419},"end":{"line":653,"column":438}},"line":653},"51":{"name":"(anonymous_51)","decl":{"start":{"line":653,"column":491},"end":{"line":653,"column":492}},"loc":{"start":{"line":653,"column":506},"end":{"line":653,"column":541}},"line":653},"52":{"name":"(anonymous_52)","decl":{"start":{"line":653,"column":544},"end":{"line":653,"column":545}},"loc":{"start":{"line":653,"column":560},"end":{"line":653,"column":682}},"line":653},"53":{"name":"(anonymous_53)","decl":{"start":{"line":653,"column":723},"end":{"line":653,"column":724}},"loc":{"start":{"line":653,"column":738},"end":{"line":653,"column":773}},"line":653},"54":{"name":"(anonymous_54)","decl":{"start":{"line":653,"column":776},"end":{"line":653,"column":777}},"loc":{"start":{"line":653,"column":792},"end":{"line":653,"column":877}},"line":653},"55":{"name":"(anonymous_55)","decl":{"start":{"line":657,"column":32},"end":{"line":657,"column":33}},"loc":{"start":{"line":657,"column":50},"end":{"line":662,"column":3}},"line":657},"56":{"name":"formatedValue","decl":{"start":{"line":702,"column":28},"end":{"line":702,"column":41}},"loc":{"start":{"line":702,"column":45},"end":{"line":704,"column":5}},"line":702},"57":{"name":"format","decl":{"start":{"line":707,"column":21},"end":{"line":707,"column":27}},"loc":{"start":{"line":707,"column":43},"end":{"line":722,"column":5}},"line":707},"58":{"name":"(anonymous_58)","decl":{"start":{"line":730,"column":23},"end":{"line":730,"column":24}},"loc":{"start":{"line":730,"column":35},"end":{"line":730,"column":164}},"line":730},"59":{"name":"data","decl":{"start":{"line":772,"column":17},"end":{"line":772,"column":21}},"loc":{"start":{"line":772,"column":24},"end":{"line":776,"column":3}},"line":772},"60":{"name":"toggle","decl":{"start":{"line":788,"column":21},"end":{"line":788,"column":27}},"loc":{"start":{"line":788,"column":30},"end":{"line":790,"column":5}},"line":788},"61":{"name":"mount","decl":{"start":{"line":792,"column":18},"end":{"line":792,"column":23}},"loc":{"start":{"line":792,"column":27},"end":{"line":794,"column":3}},"line":792},"62":{"name":"(anonymous_62)","decl":{"start":{"line":801,"column":23},"end":{"line":801,"column":24}},"loc":{"start":{"line":801,"column":35},"end":{"line":801,"column":504}},"line":801},"63":{"name":"(anonymous_63)","decl":{"start":{"line":805,"column":32},"end":{"line":805,"column":33}},"loc":{"start":{"line":805,"column":50},"end":{"line":810,"column":3}},"line":805},"64":{"name":"(anonymous_64)","decl":{"start":{"line":850,"column":8},"end":{"line":850,"column":9}},"loc":{"start":{"line":850,"column":19},"end":{"line":854,"column":3}},"line":850},"65":{"name":"(anonymous_65)","decl":{"start":{"line":856,"column":15},"end":{"line":856,"column":16}},"loc":{"start":{"line":856,"column":29},"end":{"line":859,"column":5}},"line":856},"66":{"name":"(anonymous_66)","decl":{"start":{"line":860,"column":17},"end":{"line":860,"column":18}},"loc":{"start":{"line":860,"column":31},"end":{"line":864,"column":5}},"line":860},"67":{"name":"(anonymous_67)","decl":{"start":{"line":869,"column":15},"end":{"line":869,"column":16}},"loc":{"start":{"line":869,"column":27},"end":{"line":869,"column":41}},"line":869},"68":{"name":"(anonymous_68)","decl":{"start":{"line":878,"column":23},"end":{"line":878,"column":24}},"loc":{"start":{"line":878,"column":35},"end":{"line":878,"column":487}},"line":878},"69":{"name":"(anonymous_69)","decl":{"start":{"line":878,"column":160},"end":{"line":878,"column":161}},"loc":{"start":{"line":878,"column":179},"end":{"line":878,"column":482}},"line":878},"70":{"name":"(anonymous_70)","decl":{"start":{"line":878,"column":240},"end":{"line":878,"column":241}},"loc":{"start":{"line":878,"column":252},"end":{"line":878,"column":284}},"line":878},"71":{"name":"(anonymous_71)","decl":{"start":{"line":882,"column":32},"end":{"line":882,"column":33}},"loc":{"start":{"line":882,"column":50},"end":{"line":886,"column":3}},"line":882},"72":{"name":"get","decl":{"start":{"line":930,"column":20},"end":{"line":930,"column":23}},"loc":{"start":{"line":930,"column":26},"end":{"line":932,"column":7}},"line":930},"73":{"name":"set","decl":{"start":{"line":933,"column":20},"end":{"line":933,"column":23}},"loc":{"start":{"line":933,"column":29},"end":{"line":935,"column":7}},"line":933},"74":{"name":"(anonymous_74)","decl":{"start":{"line":944,"column":23},"end":{"line":944,"column":24}},"loc":{"start":{"line":944,"column":35},"end":{"line":944,"column":357}},"line":944},"75":{"name":"(anonymous_75)","decl":{"start":{"line":944,"column":204},"end":{"line":944,"column":205}},"loc":{"start":{"line":944,"column":219},"end":{"line":944,"column":242}},"line":944},"76":{"name":"(anonymous_76)","decl":{"start":{"line":948,"column":32},"end":{"line":948,"column":33}},"loc":{"start":{"line":948,"column":50},"end":{"line":952,"column":3}},"line":948},"77":{"name":"(anonymous_77)","decl":{"start":{"line":987,"column":21},"end":{"line":987,"column":22}},"loc":{"start":{"line":987,"column":32},"end":{"line":990,"column":5}},"line":987},"78":{"name":"disabled","decl":{"start":{"line":991,"column":23},"end":{"line":991,"column":31}},"loc":{"start":{"line":991,"column":38},"end":{"line":994,"column":5}},"line":991},"79":{"name":"style","decl":{"start":{"line":998,"column":20},"end":{"line":998,"column":25}},"loc":{"start":{"line":998,"column":28},"end":{"line":1003,"column":5}},"line":998},"80":{"name":"shouldHideLabel","decl":{"start":{"line":1004,"column":30},"end":{"line":1004,"column":45}},"loc":{"start":{"line":1004,"column":48},"end":{"line":1009,"column":5}},"line":1004},"81":{"name":"(anonymous_81)","decl":{"start":{"line":1011,"column":8},"end":{"line":1011,"column":9}},"loc":{"start":{"line":1011,"column":19},"end":{"line":1016,"column":3}},"line":1011},"82":{"name":"currentValue","decl":{"start":{"line":1018,"column":27},"end":{"line":1018,"column":39}},"loc":{"start":{"line":1018,"column":45},"end":{"line":1021,"column":5}},"line":1018},"83":{"name":"beforeMount","decl":{"start":{"line":1023,"column":24},"end":{"line":1023,"column":35}},"loc":{"start":{"line":1023,"column":38},"end":{"line":1029,"column":3}},"line":1023},"84":{"name":"(anonymous_84)","decl":{"start":{"line":1036,"column":23},"end":{"line":1036,"column":24}},"loc":{"start":{"line":1036,"column":35},"end":{"line":1039,"column":53}},"line":1036},"85":{"name":"(anonymous_85)","decl":{"start":{"line":1036,"column":351},"end":{"line":1036,"column":352}},"loc":{"start":{"line":1036,"column":366},"end":{"line":1036,"column":389}},"line":1036},"86":{"name":"(anonymous_86)","decl":{"start":{"line":1043,"column":32},"end":{"line":1043,"column":33}},"loc":{"start":{"line":1043,"column":50},"end":{"line":1048,"column":3}},"line":1043},"87":{"name":"(anonymous_87)","decl":{"start":{"line":1097,"column":15},"end":{"line":1097,"column":16}},"loc":{"start":{"line":1097,"column":27},"end":{"line":1097,"column":43}},"line":1097},"88":{"name":"(anonymous_88)","decl":{"start":{"line":1109,"column":14},"end":{"line":1109,"column":15}},"loc":{"start":{"line":1109,"column":30},"end":{"line":1112,"column":5}},"line":1109},"89":{"name":"(anonymous_89)","decl":{"start":{"line":1120,"column":23},"end":{"line":1120,"column":24}},"loc":{"start":{"line":1120,"column":35},"end":{"line":1120,"column":690}},"line":1120},"90":{"name":"(anonymous_90)","decl":{"start":{"line":1120,"column":464},"end":{"line":1120,"column":465}},"loc":{"start":{"line":1120,"column":478},"end":{"line":1120,"column":677}},"line":1120},"91":{"name":"(anonymous_91)","decl":{"start":{"line":1120,"column":600},"end":{"line":1120,"column":601}},"loc":{"start":{"line":1120,"column":616},"end":{"line":1120,"column":643}},"line":1120},"92":{"name":"(anonymous_92)","decl":{"start":{"line":1124,"column":32},"end":{"line":1124,"column":33}},"loc":{"start":{"line":1124,"column":50},"end":{"line":1129,"column":3}},"line":1124},"93":{"name":"click","decl":{"start":{"line":1168,"column":20},"end":{"line":1168,"column":25}},"loc":{"start":{"line":1168,"column":29},"end":{"line":1170,"column":5}},"line":1168},"94":{"name":"(anonymous_94)","decl":{"start":{"line":1178,"column":23},"end":{"line":1178,"column":24}},"loc":{"start":{"line":1178,"column":35},"end":{"line":1178,"column":341}},"line":1178},"95":{"name":"(anonymous_95)","decl":{"start":{"line":1182,"column":32},"end":{"line":1182,"column":33}},"loc":{"start":{"line":1182,"column":50},"end":{"line":1187,"column":3}},"line":1182},"96":{"name":"(anonymous_96)","decl":{"start":{"line":1253,"column":23},"end":{"line":1253,"column":24}},"loc":{"start":{"line":1253,"column":35},"end":{"line":1253,"column":377}},"line":1253},"97":{"name":"(anonymous_97)","decl":{"start":{"line":1257,"column":32},"end":{"line":1257,"column":33}},"loc":{"start":{"line":1257,"column":50},"end":{"line":1261,"column":3}},"line":1257},"98":{"name":"data","decl":{"start":{"line":1317,"column":17},"end":{"line":1317,"column":21}},"loc":{"start":{"line":1317,"column":24},"end":{"line":1321,"column":3}},"line":1317},"99":{"name":"(anonymous_99)","decl":{"start":{"line":1369,"column":15},"end":{"line":1369,"column":16}},"loc":{"start":{"line":1369,"column":27},"end":{"line":1369,"column":29}},"line":1369},"100":{"name":"(anonymous_100)","decl":{"start":{"line":1372,"column":15},"end":{"line":1372,"column":16}},"loc":{"start":{"line":1372,"column":27},"end":{"line":1372,"column":29}},"line":1372},"101":{"name":"style","decl":{"start":{"line":1379,"column":20},"end":{"line":1379,"column":25}},"loc":{"start":{"line":1379,"column":28},"end":{"line":1384,"column":5}},"line":1379},"102":{"name":"shouldHideLabel","decl":{"start":{"line":1385,"column":30},"end":{"line":1385,"column":45}},"loc":{"start":{"line":1385,"column":48},"end":{"line":1391,"column":5}},"line":1385},"103":{"name":"get","decl":{"start":{"line":1393,"column":20},"end":{"line":1393,"column":23}},"loc":{"start":{"line":1393,"column":26},"end":{"line":1395,"column":7}},"line":1393},"104":{"name":"set","decl":{"start":{"line":1396,"column":20},"end":{"line":1396,"column":23}},"loc":{"start":{"line":1396,"column":29},"end":{"line":1399,"column":7}},"line":1396},"105":{"name":"(anonymous_105)","decl":{"start":{"line":1408,"column":23},"end":{"line":1408,"column":24}},"loc":{"start":{"line":1408,"column":35},"end":{"line":1408,"column":1218}},"line":1408},"106":{"name":"(anonymous_106)","decl":{"start":{"line":1408,"column":640},"end":{"line":1408,"column":641}},"loc":{"start":{"line":1408,"column":655},"end":{"line":1408,"column":678}},"line":1408},"107":{"name":"(anonymous_107)","decl":{"start":{"line":1408,"column":1024},"end":{"line":1408,"column":1025}},"loc":{"start":{"line":1408,"column":1039},"end":{"line":1408,"column":1062}},"line":1408},"108":{"name":"(anonymous_108)","decl":{"start":{"line":1412,"column":32},"end":{"line":1412,"column":33}},"loc":{"start":{"line":1412,"column":50},"end":{"line":1417,"column":3}},"line":1412},"109":{"name":"(anonymous_109)","decl":{"start":{"line":1457,"column":15},"end":{"line":1457,"column":16}},"loc":{"start":{"line":1457,"column":27},"end":{"line":1459,"column":54}},"line":1457},"110":{"name":"(anonymous_110)","decl":{"start":{"line":1468,"column":15},"end":{"line":1468,"column":16}},"loc":{"start":{"line":1468,"column":27},"end":{"line":1468,"column":44}},"line":1468},"111":{"name":"(anonymous_111)","decl":{"start":{"line":1471,"column":15},"end":{"line":1471,"column":16}},"loc":{"start":{"line":1471,"column":27},"end":{"line":1471,"column":43}},"line":1471},"112":{"name":"(anonymous_112)","decl":{"start":{"line":1478,"column":8},"end":{"line":1478,"column":9}},"loc":{"start":{"line":1478,"column":20},"end":{"line":1484,"column":3}},"line":1478},"113":{"name":"(anonymous_113)","decl":{"start":{"line":1486,"column":11},"end":{"line":1486,"column":12}},"loc":{"start":{"line":1486,"column":23},"end":{"line":1488,"column":5}},"line":1486},"114":{"name":"onSelect","decl":{"start":{"line":1489,"column":23},"end":{"line":1489,"column":31}},"loc":{"start":{"line":1489,"column":41},"end":{"line":1492,"column":5}},"line":1489},"115":{"name":"(anonymous_115)","decl":{"start":{"line":1493,"column":14},"end":{"line":1493,"column":15}},"loc":{"start":{"line":1493,"column":31},"end":{"line":1495,"column":5}},"line":1493},"116":{"name":"beforeMount","decl":{"start":{"line":1497,"column":24},"end":{"line":1497,"column":35}},"loc":{"start":{"line":1497,"column":38},"end":{"line":1507,"column":3}},"line":1497},"117":{"name":"(anonymous_117)","decl":{"start":{"line":1509,"column":15},"end":{"line":1509,"column":16}},"loc":{"start":{"line":1509,"column":27},"end":{"line":1511,"column":5}},"line":1509},"118":{"name":"(anonymous_118)","decl":{"start":{"line":1512,"column":21},"end":{"line":1512,"column":22}},"loc":{"start":{"line":1512,"column":33},"end":{"line":1519,"column":5}},"line":1512},"119":{"name":"(anonymous_119)","decl":{"start":{"line":1516,"column":32},"end":{"line":1516,"column":33}},"loc":{"start":{"line":1516,"column":50},"end":{"line":1516,"column":84}},"line":1516},"120":{"name":"updated","decl":{"start":{"line":1521,"column":20},"end":{"line":1521,"column":27}},"loc":{"start":{"line":1521,"column":30},"end":{"line":1525,"column":3}},"line":1521},"121":{"name":"(anonymous_121)","decl":{"start":{"line":1527,"column":16},"end":{"line":1527,"column":17}},"loc":{"start":{"line":1527,"column":31},"end":{"line":1529,"column":5}},"line":1527},"122":{"name":"(anonymous_122)","decl":{"start":{"line":1530,"column":11},"end":{"line":1530,"column":12}},"loc":{"start":{"line":1530,"column":26},"end":{"line":1536,"column":5}},"line":1530},"123":{"name":"(anonymous_123)","decl":{"start":{"line":1535,"column":35},"end":{"line":1535,"column":36}},"loc":{"start":{"line":1535,"column":47},"end":{"line":1535,"column":96}},"line":1535},"124":{"name":"(anonymous_124)","decl":{"start":{"line":1544,"column":23},"end":{"line":1544,"column":24}},"loc":{"start":{"line":1544,"column":35},"end":{"line":1544,"column":645}},"line":1544},"125":{"name":"(anonymous_125)","decl":{"start":{"line":1544,"column":401},"end":{"line":1544,"column":402}},"loc":{"start":{"line":1544,"column":416},"end":{"line":1544,"column":549}},"line":1544},"126":{"name":"(anonymous_126)","decl":{"start":{"line":1544,"column":587},"end":{"line":1544,"column":588}},"loc":{"start":{"line":1544,"column":602},"end":{"line":1544,"column":618}},"line":1544},"127":{"name":"(anonymous_127)","decl":{"start":{"line":1548,"column":32},"end":{"line":1548,"column":33}},"loc":{"start":{"line":1548,"column":50},"end":{"line":1553,"column":3}},"line":1548},"128":{"name":"(anonymous_128)","decl":{"start":{"line":1589,"column":15},"end":{"line":1589,"column":16}},"loc":{"start":{"line":1589,"column":27},"end":{"line":1594,"column":10}},"line":1589},"129":{"name":"(anonymous_129)","decl":{"start":{"line":1603,"column":15},"end":{"line":1603,"column":16}},"loc":{"start":{"line":1603,"column":27},"end":{"line":1603,"column":44}},"line":1603},"130":{"name":"(anonymous_130)","decl":{"start":{"line":1606,"column":15},"end":{"line":1606,"column":16}},"loc":{"start":{"line":1606,"column":27},"end":{"line":1606,"column":43}},"line":1606},"131":{"name":"(anonymous_131)","decl":{"start":{"line":1614,"column":8},"end":{"line":1614,"column":9}},"loc":{"start":{"line":1614,"column":19},"end":{"line":1621,"column":3}},"line":1614},"132":{"name":"(anonymous_132)","decl":{"start":{"line":1623,"column":11},"end":{"line":1623,"column":12}},"loc":{"start":{"line":1623,"column":22},"end":{"line":1625,"column":5}},"line":1623},"133":{"name":"(anonymous_133)","decl":{"start":{"line":1626,"column":14},"end":{"line":1626,"column":15}},"loc":{"start":{"line":1626,"column":31},"end":{"line":1628,"column":5}},"line":1626},"134":{"name":"beforeMount","decl":{"start":{"line":1630,"column":24},"end":{"line":1630,"column":35}},"loc":{"start":{"line":1630,"column":38},"end":{"line":1640,"column":3}},"line":1630},"135":{"name":"(anonymous_135)","decl":{"start":{"line":1642,"column":15},"end":{"line":1642,"column":16}},"loc":{"start":{"line":1642,"column":26},"end":{"line":1644,"column":5}},"line":1642},"136":{"name":"(anonymous_136)","decl":{"start":{"line":1645,"column":21},"end":{"line":1645,"column":22}},"loc":{"start":{"line":1645,"column":32},"end":{"line":1653,"column":5}},"line":1645},"137":{"name":"(anonymous_137)","decl":{"start":{"line":1649,"column":32},"end":{"line":1649,"column":33}},"loc":{"start":{"line":1649,"column":50},"end":{"line":1649,"column":84}},"line":1649},"138":{"name":"updated","decl":{"start":{"line":1655,"column":20},"end":{"line":1655,"column":27}},"loc":{"start":{"line":1655,"column":30},"end":{"line":1659,"column":3}},"line":1655},"139":{"name":"(anonymous_139)","decl":{"start":{"line":1661,"column":16},"end":{"line":1661,"column":17}},"loc":{"start":{"line":1661,"column":30},"end":{"line":1663,"column":5}},"line":1661},"140":{"name":"(anonymous_140)","decl":{"start":{"line":1664,"column":19},"end":{"line":1664,"column":20}},"loc":{"start":{"line":1664,"column":33},"end":{"line":1675,"column":5}},"line":1664},"141":{"name":"(anonymous_141)","decl":{"start":{"line":1674,"column":35},"end":{"line":1674,"column":36}},"loc":{"start":{"line":1674,"column":47},"end":{"line":1674,"column":96}},"line":1674},"142":{"name":"(anonymous_142)","decl":{"start":{"line":1683,"column":23},"end":{"line":1683,"column":24}},"loc":{"start":{"line":1683,"column":35},"end":{"line":1683,"column":1121}},"line":1683},"143":{"name":"(anonymous_143)","decl":{"start":{"line":1683,"column":466},"end":{"line":1683,"column":467}},"loc":{"start":{"line":1683,"column":481},"end":{"line":1683,"column":1001}},"line":1683},"144":{"name":"(anonymous_144)","decl":{"start":{"line":1683,"column":1047},"end":{"line":1683,"column":1048}},"loc":{"start":{"line":1683,"column":1062},"end":{"line":1683,"column":1086}},"line":1683},"145":{"name":"(anonymous_145)","decl":{"start":{"line":1687,"column":32},"end":{"line":1687,"column":33}},"loc":{"start":{"line":1687,"column":50},"end":{"line":1691,"column":3}},"line":1687},"146":{"name":"(anonymous_146)","decl":{"start":{"line":1735,"column":16},"end":{"line":1735,"column":17}},"loc":{"start":{"line":1735,"column":28},"end":{"line":1737,"column":9}},"line":1735},"147":{"name":"(anonymous_147)","decl":{"start":{"line":1745,"column":23},"end":{"line":1745,"column":24}},"loc":{"start":{"line":1745,"column":35},"end":{"line":1745,"column":656}},"line":1745},"148":{"name":"(anonymous_148)","decl":{"start":{"line":1745,"column":156},"end":{"line":1745,"column":157}},"loc":{"start":{"line":1745,"column":172},"end":{"line":1745,"column":224}},"line":1745},"149":{"name":"(anonymous_149)","decl":{"start":{"line":1745,"column":485},"end":{"line":1745,"column":486}},"loc":{"start":{"line":1745,"column":501},"end":{"line":1745,"column":553}},"line":1745},"150":{"name":"(anonymous_150)","decl":{"start":{"line":1745,"column":562},"end":{"line":1745,"column":563}},"loc":{"start":{"line":1745,"column":578},"end":{"line":1745,"column":648}},"line":1745},"151":{"name":"data","decl":{"start":{"line":1793,"column":17},"end":{"line":1793,"column":21}},"loc":{"start":{"line":1793,"column":24},"end":{"line":1797,"column":3}},"line":1793},"152":{"name":"(anonymous_152)","decl":{"start":{"line":1799,"column":21},"end":{"line":1799,"column":22}},"loc":{"start":{"line":1799,"column":35},"end":{"line":1802,"column":5}},"line":1799},"153":{"name":"(anonymous_153)","decl":{"start":{"line":1805,"column":23},"end":{"line":1805,"column":24}},"loc":{"start":{"line":1805,"column":35},"end":{"line":1807,"column":5}},"line":1805},"154":{"name":"get","decl":{"start":{"line":1809,"column":20},"end":{"line":1809,"column":23}},"loc":{"start":{"line":1809,"column":26},"end":{"line":1811,"column":7}},"line":1809},"155":{"name":"set","decl":{"start":{"line":1812,"column":20},"end":{"line":1812,"column":23}},"loc":{"start":{"line":1812,"column":29},"end":{"line":1814,"column":7}},"line":1812},"156":{"name":"(anonymous_156)","decl":{"start":{"line":1823,"column":23},"end":{"line":1823,"column":24}},"loc":{"start":{"line":1823,"column":35},"end":{"line":1823,"column":709}},"line":1823},"157":{"name":"(anonymous_157)","decl":{"start":{"line":1823,"column":515},"end":{"line":1823,"column":516}},"loc":{"start":{"line":1823,"column":530},"end":{"line":1823,"column":553}},"line":1823},"158":{"name":"(anonymous_158)","decl":{"start":{"line":1827,"column":32},"end":{"line":1827,"column":33}},"loc":{"start":{"line":1827,"column":50},"end":{"line":1832,"column":3}},"line":1827},"159":{"name":"(anonymous_159)","decl":{"start":{"line":1860,"column":8},"end":{"line":1860,"column":9}},"loc":{"start":{"line":1860,"column":20},"end":{"line":1885,"column":7}},"line":1860},"160":{"name":"(anonymous_160)","decl":{"start":{"line":1882,"column":14},"end":{"line":1882,"column":15}},"loc":{"start":{"line":1882,"column":26},"end":{"line":1882,"column":28}},"line":1882},"161":{"name":"(anonymous_161)","decl":{"start":{"line":1883,"column":15},"end":{"line":1883,"column":16}},"loc":{"start":{"line":1883,"column":27},"end":{"line":1883,"column":29}},"line":1883},"162":{"name":"resetDialog","decl":{"start":{"line":1897,"column":26},"end":{"line":1897,"column":37}},"loc":{"start":{"line":1897,"column":40},"end":{"line":1922,"column":5}},"line":1897},"163":{"name":"(anonymous_163)","decl":{"start":{"line":1920,"column":22},"end":{"line":1920,"column":23}},"loc":{"start":{"line":1920,"column":34},"end":{"line":1920,"column":36}},"line":1920},"164":{"name":"(anonymous_164)","decl":{"start":{"line":1921,"column":23},"end":{"line":1921,"column":24}},"loc":{"start":{"line":1921,"column":35},"end":{"line":1921,"column":37}},"line":1921},"165":{"name":"close","decl":{"start":{"line":1923,"column":20},"end":{"line":1923,"column":25}},"loc":{"start":{"line":1923,"column":28},"end":{"line":1925,"column":5}},"line":1923},"166":{"name":"beforeOpen","decl":{"start":{"line":1926,"column":25},"end":{"line":1926,"column":35}},"loc":{"start":{"line":1926,"column":43},"end":{"line":1963,"column":5}},"line":1926},"167":{"name":"(anonymous_167)","decl":{"start":{"line":1948,"column":27},"end":{"line":1948,"column":28}},"loc":{"start":{"line":1948,"column":39},"end":{"line":1951,"column":11}},"line":1948},"168":{"name":"(anonymous_168)","decl":{"start":{"line":1954,"column":24},"end":{"line":1954,"column":25}},"loc":{"start":{"line":1954,"column":36},"end":{"line":1957,"column":9}},"line":1954},"169":{"name":"(anonymous_169)","decl":{"start":{"line":1971,"column":23},"end":{"line":1971,"column":24}},"loc":{"start":{"line":1971,"column":35},"end":{"line":1971,"column":1437}},"line":1971},"170":{"name":"(anonymous_170)","decl":{"start":{"line":1975,"column":32},"end":{"line":1975,"column":33}},"loc":{"start":{"line":1975,"column":50},"end":{"line":1980,"column":3}},"line":1975}},"branchMap":{"0":{"loc":{"start":{"line":23,"column":2},"end":{"line":27,"column":3}},"type":"if","locations":[{"start":{"line":23,"column":2},"end":{"line":27,"column":3}},{"start":{"line":23,"column":2},"end":{"line":27,"column":3}}],"line":23},"1":{"loc":{"start":{"line":30,"column":16},"end":{"line":30,"column":70}},"type":"con
[...]
25":0,"126":0,"127":0,"128":0,"129":0,"130":0,"131":0,"132":0,"133":0,"134":0,"135":0,"136":0,"137":0,"138":0,"139":0,"140":0,"141":0,"142":0,"143":0,"144":0,"145":0,"146":0,"147":0,"148":0,"149":0,"150":0,"151":0,"152":0,"153":0,"154":0,"155":0,"156":0,"157":0,"158":0,"159":0,"160":0,"161":0,"162":0,"163":0,"164":0,"165":0,"166":0,"167":0,"168":0,"169":0,"170":0,"171":0,"172":0},"b":{"0":[0,0],"1":[0,0],"2":[0,0],"3":[0,0],"4":[0,0],"5":[0,0],"6":[0,0],"7":[0,0],"8":[0,0],"9":[0,0],"10":[0,0],"11":[0,0],"12":[0,0],"13":[0,0],"14":[0,0],"15":[0,0],"16":[0,0],"17":[0,0],"18":[0,0,0,0,0,0],"19":[0,0],"20":[0,0],"21":[0,0],"22":[0,0],"23":[0,0],"24":[0,0],"25":[0,0],"26":[0,0],"27":[0,0],"28":[0,0],"29":[0,0],"30":[0,0],"31":[0,0],"32":[0,0],"33":[0,0],"34":[0,0],"35":[0,0],"36":[0,0],"37":[0,0],"38":[0,0],"39":[0,0],"40":[0,0],"41":[0,0],"42":[0,0],"43":[0,0],"44":[0,0],"45":[0,0],"46":[0,0],"47":[0,0],"48":[0,0],"49":[0,0,0,0,0,0],"50":[0,0],"51":[0,0],"52":[0,0],"53":[0,0],"54":[0,0],"55":[0,0],"56":[0,0],"57":[0,0],"58":[0,0],"59":[0,0],"60":[0,0],"61":[0,0],"62":[0,0],"63":[0,0],"64":[0,0],"65":[0,0],"66":[0,0],"67":[0,0],"68":[0,0],"69":[0,0],"70":[0,0],"71":[0,0],"72":[0,0],"73":[0,0],"74":[0,0],"75":[0,0],"76":[0,0],"77":[0,0],"78":[0,0,0],"79":[0,0],"80":[0,0],"81":[0,0],"82":[0,0],"83":[0,0],"84":[0,0],"85":[0,0],"86":[0,0],"87":[0,0],"88":[0,0],"89":[0,0],"90":[0,0],"91":[0,0],"92":[0,0],"93":[0,0],"94":[0,0],"95":[0,0],"96":[0,0],"97":[0,0],"98":[0,0],"99":[0,0],"100":[0,0],"101":[0,0],"102":[0,0],"103":[0,0],"104":[0,0],"105":[0,0],"106":[0,0],"107":[0,0],"108":[0,0],"109":[0,0],"110":[0,0],"111":[0,0],"112":[0,0],"113":[0,0],"114":[0,0],"115":[0,0],"116":[0,0],"117":[0,0],"118":[0,0,0,0],"119":[0,0],"120":[0,0],"121":[0,0],"122":[0,0],"123":[0,0],"124":[0,0],"125":[0,0],"126":[0,0],"127":[0,0],"128":[0,0],"129":[0,0],"130":[0,0],"131":[0,0],"132":[0,0],"133":[0,0],"134":[0,0],"135":[0,0],"136":[0,0],"137":[0,0],"138":[0,0],"139":[0,0],"140":[0,0],"141":[0,0],"142":[0,0],"143":[0,0],"144":[0,0],"145":[0,0],"146":[0,0],"147":[0,0],"148":[0,0,0],"149":[0,0],"150":[0,0],"151":[0,0],"152":[0,0],"153":[0,0],"154":[0,0],"155":[0,0],"156":[0,0],"157":[0,0],"158":[0,0],"159":[0,0],"160":[0,0],"161":[0,0],"162":[0,0],"163":[0,0],"164":[0,0],"165":[0,0],"166":[0,0],"167":[0,0],"168":[0,0],"169":[0,0],"170":[0,0],"171":[0,0],"172":[0,0],"173":[0,0]},"hash":"3a5c60a6d0c627f27b6b9886d67bdbfd8c2d2232"}
,"/home/sabino/workspace/dock-components/src/Plugin.js": {"path":"/home/sabino/workspace/dock-components/src/Plugin.js","statementMap":{"0":{"start":{"line":25,"column":0},"end":{"line":70,"column":2}},"1":{"start":{"line":27,"column":4},"end":{"line":27,"column":82}},"2":{"start":{"line":28,"column":4},"end":{"line":28,"column":25}},"3":{"start":{"line":29,"column":4},"end":{"line":29,"column":24}},"4":{"start":{"line":30,"column":4},"end":{"line":47,"column":7}},"5":{"start":{"line":32,"column":25},"end":{"line":32,"column":48}},"6":{"start":{"line":33,"column":28},"end":{"line":37,"column":9}},"7":{"start":{"line":34,"column":10},"end":{"line":35,"column":62}},"8":{"start":{"line":35,"column":12},"end":{"line":35,"column":62}},"9":{"start":{"line":36,"column":10},"end":{"line":36,"column":19}},"10":{"start":{"line":38,"column":22},"end":{"line":44,"column":9}},"11":{"start":{"line":39,"column":22},"end":{"line":39,"column":48}},"12":{"start":{"line":40,"column":10},"end":{"line":43,"column":11}},"13":{"start":{"line":41,"column":12},"end":{"line":41,"column":55}},"14":{"start":{"line":42,"column":12},"end":{"line":42,"column":62}},"15":{"start":{"line":45,"column":8},"end":{"line":45,"column":46}},"16":{"start":{"line":49,"column":4},"end":{"line":49,"column":43}},"17":{"start":{"line":50,"column":4},"end":{"line":50,"column":44}},"18":{"start":{"line":51,"column":4},"end":{"line":51,"column":44}},"19":{"start":{"line":52,"column":4},"end":{"line":52,"column":44}},"20":{"start":{"line":53,"column":4},"end":{"line":53,"column":45}},"21":{"start":{"line":54,"column":4},"end":{"line":54,"column":45}},"22":{"start":{"line":55,"column":4},"end":{"line":55,"column":45}},"23":{"start":{"line":56,"column":4},"end":{"line":56,"column":45}},"24":{"start":{"line":57,"column":4},"end":{"line":57,"column":45}},"25":{"start":{"line":58,"column":4},"end":{"line":58,"column":47}},"26":{"start":{"line":59,"column":4},"end":{"line":59,"column":47}},"27":{"start":{"line":60,"column":4},"end":{"line":60,"column":48}},"28":{"start":{"line":61,"column":4},"end":{"line":61,"column":47}},"29":{"start":{"line":62,"column":4},"end":{"line":62,"column":49}},"30":{"start":{"line":63,"column":4},"end":{"line":63,"column":51}},"31":{"start":{"line":64,"column":4},"end":{"line":64,"column":50}},"32":{"start":{"line":65,"column":4},"end":{"line":65,"column":52}},"33":{"start":{"line":66,"column":4},"end":{"line":66,"column":52}},"34":{"start":{"line":67,"column":4},"end":{"line":67,"column":53}},"35":{"start":{"line":68,"column":4},"end":{"line":68,"column":57}}},"fnMap":{"0":{"name":"(anonymous_0)","decl":{"start":{"line":26,"column":11},"end":{"line":26,"column":12}},"loc":{"start":{"line":26,"column":35},"end":{"line":69,"column":3}},"line":26},"1":{"name":"(anonymous_1)","decl":{"start":{"line":31,"column":6},"end":{"line":31,"column":7}},"loc":{"start":{"line":31,"column":31},"end":{"line":46,"column":7}},"line":31},"2":{"name":"(anonymous_2)","decl":{"start":{"line":33,"column":28},"end":{"line":33,"column":29}},"loc":{"start":{"line":33,"column":44},"end":{"line":37,"column":9}},"line":33},"3":{"name":"(anonymous_3)","decl":{"start":{"line":38,"column":22},"end":{"line":38,"column":23}},"loc":{"start":{"line":38,"column":34},"end":{"line":44,"column":9}},"line":38}},"branchMap":{"0":{"loc":{"start":{"line":34,"column":10},"end":{"line":35,"column":62}},"type":"if","locations":[{"start":{"line":34,"column":10},"end":{"line":35,"column":62}},{"start":{"line":34,"column":10},"end":{"line":35,"column":62}}],"line":34},"1":{"loc":{"start":{"line":35,"column":19},"end":{"line":35,"column":61}},"type":"binary-expr","locations":[{"start":{"line":35,"column":19},"end":{"line":35,"column":56}},{"start":{"line":35,"column":60},"end":{"line":35,"column":61}}],"line":35},"2":{"loc":{"start":{"line":40,"column":10},"end":{"line":43,"column":11}},"type":"if","locations":[{"start":{"line":40,"column":10},"end":{"line":43,"column":11}},{"start":{"line":40,"column":10},"end":{"line":43,"column":11}}],"line":40}},"s":{"0":0,"1":0,"2":0,"3":0,"4":0,"5":0,"6":0,"7":0,"8":0,"9":0,"10":0,"11":0,"12":0,"13":0,"14":0,"15":0,"16":0,"17":0,"18":0,"19":0,"20":0,"21":0,"22":0,"23":0,"24":0,"25":0,"26":0,"27":0,"28":0,"29":0,"30":0,"31":0,"32":0,"33":0,"34":0,"35":0},"f":{"0":0,"1":0,"2":0,"3":0},"b":{"0":[0,0],"1":[0,0],"2":[0,0]},"hash":"89ddeb7d8b368f37c72549a0ba8edd3eedcf957d"}
,"/home/sabino/workspace/dock-components/src/main.js": {"path":"/home/sabino/workspace/dock-components/src/main.js","statementMap":{},"fnMap":{},"branchMap":{},"s":{},"f":{},"b":{},"hash":"65e3f463571f4cf1511bef9b8c859e790d84a02a"}
,"/home/sabino/workspace/dock-components/src/components/Button/button.stories.js": {"path":"/home/sabino/workspace/dock-components/src/components/Button/button.stories.js","statementMap":{"0":{"start":{"line":5,"column":30},"end":{"line":8,"column":2}},"1":{"start":{"line":5,"column":37},"end":{"line":8,"column":1}},"2":{"start":{"line":10,"column":30},"end":{"line":13,"column":2}},"3":{"start":{"line":10,"column":37},"end":{"line":13,"column":1}}},"fnMap":{"0":{"name":"(anonymous_0)","decl":{"start":{"line":5,"column":30},"end":{"line":5,"column":31}},"loc":{"start":{"line":5,"column":37},"end":{"line":8,"column":1}},"line":5},"1":{"name":"(anonymous_1)","decl":{"start":{"line":10,"column":30},"end":{"line":10,"column":31}},"loc":{"start":{"line":10,"column":37},"end":{"line":13,"column":1}},"line":10}},"branchMap":{},"s":{"0":0,"1":0,"2":0,"3":0},"f":{"0":0,"1":0},"b":{},"hash":"10b9b4a110b40bf91e4e9f871cce1c3bd1da5607"}
,"/home/sabino/workspace/dock-components/src/components/ButtonIcon/ButtonIcon.stories.js": {"path":"/home/sabino/workspace/dock-components/src/components/ButtonIcon/ButtonIcon.stories.js","statementMap":{"0":{"start":{"line":5,"column":31},"end":{"line":9,"column":2}},"1":{"start":{"line":5,"column":38},"end":{"line":9,"column":1}},"2":{"start":{"line":11,"column":32},"end":{"line":15,"column":2}},"3":{"start":{"line":11,"column":39},"end":{"line":15,"column":1}}},"fnMap":{"0":{"name":"(anonymous_0)","decl":{"start":{"line":5,"column":31},"end":{"line":5,"column":32}},"loc":{"start":{"line":5,"column":38},"end":{"line":9,"column":1}},"line":5},"1":{"name":"(anonymous_1)","decl":{"start":{"line":11,"column":32},"end":{"line":11,"column":33}},"loc":{"start":{"line":11,"column":39},"end":{"line":15,"column":1}},"line":11}},"branchMap":{},"s":{"0":0,"1":0,"2":0,"3":0},"f":{"0":0,"1":0},"b":{},"hash":"47c00075f9fce80f2237377a978be751d797b2b5"}
,"/home/sabino/workspace/dock-components/src/components/CustomInput/CustomInput.stories.js": {"path":"/home/sabino/workspace/dock-components/src/components/CustomInput/CustomInput.stories.js","statementMap":{"0":{"start":{"line":4,"column":32},"end":{"line":8,"column":2}},"1":{"start":{"line":4,"column":39},"end":{"line":8,"column":1}},"2":{"start":{"line":9,"column":33},"end":{"line":13,"column":2}},"3":{"start":{"line":9,"column":40},"end":{"line":13,"column":1}},"4":{"start":{"line":16,"column":35},"end":{"line":20,"column":2}},"5":{"start":{"line":16,"column":42},"end":{"line":20,"column":1}},"6":{"start":{"line":22,"column":30},"end":{"line":26,"column":2}},"7":{"start":{"line":22,"column":37},"end":{"line":26,"column":1}}},"fnMap":{"0":{"name":"(anonymous_0)","decl":{"start":{"line":4,"column":32},"end":{"line":4,"column":33}},"loc":{"start":{"line":4,"column":39},"end":{"line":8,"column":1}},"line":4},"1":{"name":"(anonymous_1)","decl":{"start":{"line":9,"column":33},"end":{"line":9,"column":34}},"loc":{"start":{"line":9,"column":40},"end":{"line":13,"column":1}},"line":9},"2":{"name":"(anonymous_2)","decl":{"start":{"line":16,"column":35},"end":{"line":16,"column":36}},"loc":{"start":{"line":16,"column":42},"end":{"line":20,"column":1}},"line":16},"3":{"name":"(anonymous_3)","decl":{"start":{"line":22,"column":30},"end":{"line":22,"column":31}},"loc":{"start":{"line":22,"column":37},"end":{"line":26,"column":1}},"line":22}},"branchMap":{},"s":{"0":0,"1":0,"2":0,"3":0,"4":0,"5":0,"6":0,"7":0},"f":{"0":0,"1":0,"2":0,"3":0},"b":{},"hash":"1bcac0136603079fe72da27fabafa128c40fbaa2"}
,"/home/sabino/workspace/dock-components/src/components/CustomTextArea/CustomTextArea.stories.js": {"path":"/home/sabino/workspace/dock-components/src/components/CustomTextArea/CustomTextArea.stories.js","statementMap":{"0":{"start":{"line":4,"column":12},"end":{"line":4,"column":23}},"1":{"start":{"line":5,"column":35},"end":{"line":9,"column":2}},"2":{"start":{"line":5,"column":42},"end":{"line":9,"column":1}},"3":{"start":{"line":10,"column":35},"end":{"line":14,"column":2}},"4":{"start":{"line":10,"column":42},"end":{"line":14,"column":1}},"5":{"start":{"line":16,"column":38},"end":{"line":20,"column":2}},"6":{"start":{"line":16,"column":45},"end":{"line":20,"column":1}}},"fnMap":{"0":{"name":"(anonymous_0)","decl":{"start":{"line":5,"column":35},"end":{"line":5,"column":36}},"loc":{"start":{"line":5,"column":42},"end":{"line":9,"column":1}},"line":5},"1":{"name":"(anonymous_1)","decl":{"start":{"line":10,"column":35},"end":{"line":10,"column":36}},"loc":{"start":{"line":10,"column":42},"end":{"line":14,"column":1}},"line":10},"2":{"name":"(anonymous_2)","decl":{"start":{"line":16,"column":38},"end":{"line":16,"column":39}},"loc":{"start":{"line":16,"column":45},"end":{"line":20,"column":1}},"line":16}},"branchMap":{},"s":{"0":0,"1":0,"2":0,"3":0,"4":0,"5":0,"6":0},"f":{"0":0,"1":0,"2":0},"b":{},"hash":"ce4459c2c0a15a47a96c1d32a8d5f9b0a25456ce"}
,"/home/sabino/workspace/dock-components/src/components/DateForm/DateForm.stories.js": {"path":"/home/sabino/workspace/dock-components/src/components/DateForm/DateForm.stories.js","statementMap":{"0":{"start":{"line":5,"column":29},"end":{"line":9,"column":2}},"1":{"start":{"line":5,"column":36},"end":{"line":9,"column":1}}},"fnMap":{"0":{"name":"(anonymous_0)","decl":{"start":{"line":5,"column":29},"end":{"line":5,"column":30}},"loc":{"start":{"line":5,"column":36},"end":{"line":9,"column":1}},"line":5}},"branchMap":{},"s":{"0":0,"1":0},"f":{"0":0},"b":{},"hash":"dd3ace312224bbf114c8dd061a3e6454d7ce98ce"}
,"/home/sabino/workspace/dock-components/src/components/DateForm/index.js": {"path":"/home/sabino/workspace/dock-components/src/components/DateForm/index.js","statementMap":{},"fnMap":{},"branchMap":{},"s":{},"f":{},"b":{},"hash":"e85d8813dfd1da8698739cbb1604fea82db21a4f"}
,"/home/sabino/workspace/dock-components/src/components/DateInput/index.js": {"path":"/home/sabino/workspace/dock-components/src/components/DateInput/index.js","statementMap":{},"fnMap":{},"branchMap":{},"s":{},"f":{},"b":{},"hash":"c4e04b35f0b7811a9e13ceedcc34dcd1de0557fc"}
,"/home/sabino/workspace/dock-components/src/components/EditableField/EditableField.stories.js": {"path":"/home/sabino/workspace/dock-components/src/components/EditableField/EditableField.stories.js","statementMap":{"0":{"start":{"line":5,"column":49},"end":{"line":9,"column":2}},"1":{"start":{"line":5,"column":56},"end":{"line":9,"column":1}},"2":{"start":{"line":10,"column":50},"end":{"line":14,"column":4}},"3":{"start":{"line":10,"column":57},"end":{"line":14,"column":3}}},"fnMap":{"0":{"name":"(anonymous_0)","decl":{"start":{"line":5,"column":49},"end":{"line":5,"column":50}},"loc":{"start":{"line":5,"column":56},"end":{"line":9,"column":1}},"line":5},"1":{"name":"(anonymous_1)","decl":{"start":{"line":10,"column":50},"end":{"line":10,"column":51}},"loc":{"start":{"line":10,"column":57},"end":{"line":14,"column":3}},"line":10}},"branchMap":{},"s":{"0":0,"1":0,"2":0,"3":0},"f":{"0":0,"1":0},"b":{},"hash":"e0735948b8170c13fcf87087fad8a4dd475593d9"}
,"/home/sabino/workspace/dock-components/src/components/Money/Money.stories.js": {"path":"/home/sabino/workspace/dock-components/src/components/Money/Money.stories.js","statementMap":{"0":{"start":{"line":4,"column":17},"end":{"line":6,"column":1}},"1":{"start":{"line":5,"column":2},"end":{"line":5,"column":26}},"2":{"start":{"line":8,"column":26},"end":{"line":12,"column":2}},"3":{"start":{"line":8,"column":33},"end":{"line":12,"column":1}}},"fnMap":{"0":{"name":"(anonymous_0)","decl":{"start":{"line":4,"column":17},"end":{"line":4,"column":18}},"loc":{"start":{"line":4,"column":23},"end":{"line":6,"column":1}},"line":4},"1":{"name":"(anonymous_1)","decl":{"start":{"line":8,"column":26},"end":{"line":8,"column":27}},"loc":{"start":{"line":8,"column":33},"end":{"line":12,"column":1}},"line":8}},"branchMap":{},"s":{"0":0,"1":0,"2":0,"3":0},"f":{"0":0,"1":0},"b":{},"hash":"f8cd103c5c493d702eb5cf5eb17d3bcb5d0382a1"}
,"/home/sabino/workspace/dock-components/src/components/Select/Select.stories.js": {"path":"/home/sabino/workspace/dock-components/src/components/Select/Select.stories.js","statementMap":{"0":{"start":{"line":4,"column":17},"end":{"line":6,"column":1}},"1":{"start":{"line":5,"column":2},"end":{"line":5,"column":26}},"2":{"start":{"line":8,"column":27},"end":{"line":12,"column":2}},"3":{"start":{"line":8,"column":34},"end":{"line":12,"column":1}},"4":{"start":{"line":14,"column":28},"end":{"line":18,"column":2}},"5":{"start":{"line":14,"column":35},"end":{"line":18,"column":1}}},"fnMap":{"0":{"name":"(anonymous_0)","decl":{"start":{"line":4,"column":17},"end":{"line":4,"column":18}},"loc":{"start":{"line":4,"column":23},"end":{"line":6,"column":1}},"line":4},"1":{"name":"(anonymous_1)","decl":{"start":{"line":8,"column":27},"end":{"line":8,"column":28}},"loc":{"start":{"line":8,"column":34},"end":{"line":12,"column":1}},"line":8},"2":{"name":"(anonymous_2)","decl":{"start":{"line":14,"column":28},"end":{"line":14,"column":29}},"loc":{"start":{"line":14,"column":35},"end":{"line":18,"column":1}},"line":14}},"branchMap":{},"s":{"0":0,"1":0,"2":0,"3":0,"4":0,"5":0},"f":{"0":0,"1":0,"2":0},"b":{},"hash":"85196a49181d8a45e41a353813251a048a9017b4"}
,"/home/sabino/workspace/dock-components/src/components/SelectButton/SelectButton.stories.js": {"path":"/home/sabino/workspace/dock-components/src/components/SelectButton/SelectButton.stories.js","statementMap":{"0":{"start":{"line":5,"column":36},"end":{"line":9,"column":2}},"1":{"start":{"line":5,"column":43},"end":{"line":9,"column":1}}},"fnMap":{"0":{"name":"(anonymous_0)","decl":{"start":{"line":5,"column":36},"end":{"line":5,"column":37}},"loc":{"start":{"line":5,"column":43},"end":{"line":9,"column":1}},"line":5}},"branchMap":{},"s":{"0":0,"1":0},"f":{"0":0},"b":{},"hash":"87139f4eb20b4f19ec4723a84d7e65510bba37aa"}
,"/home/sabino/workspace/dock-components/src/components/SlottedSelect/SlottedSelect.stories.js": {"path":"/home/sabino/workspace/dock-components/src/components/SlottedSelect/SlottedSelect.stories.js","statementMap":{"0":{"start":{"line":5,"column":37},"end":{"line":9,"column":2}},"1":{"start":{"line":5,"column":44},"end":{"line":9,"column":1}}},"fnMap":{"0":{"name":"(anonymous_0)","decl":{"start":{"line":5,"column":37},"end":{"line":5,"column":38}},"loc":{"start":{"line":5,"column":44},"end":{"line":9,"column":1}},"line":5}},"branchMap":{},"s":{"0":0,"1":0},"f":{"0":0},"b":{},"hash":"b9af7bd4dd36c32de6cf0a4a56e82feaff5adcaf"}
,"/home/sabino/workspace/dock-components/src/components/Toggle/Toggle.stories.js": {"path":"/home/sabino/workspace/dock-components/src/components/Toggle/Toggle.stories.js","statementMap":{"0":{"start":{"line":5,"column":27},"end":{"line":9,"column":2}},"1":{"start":{"line":5,"column":34},"end":{"line":9,"column":1}}},"fnMap":{"0":{"name":"(anonymous_0)","decl":{"start":{"line":5,"column":27},"end":{"line":5,"column":28}},"loc":{"start":{"line":5,"column":34},"end":{"line":9,"column":1}},"line":5}},"branchMap":{},"s":{"0":0,"1":0},"f":{"0":0},"b":{},"hash":"5403cd0c1f312071bfefda39033c035cb9e41b7f"}
,"/home/sabino/workspace/dock-components/src/components/TopTab/TopTab.stories.js": {"path":"/home/sabino/workspace/dock-components/src/components/TopTab/TopTab.stories.js","statementMap":{"0":{"start":{"line":5,"column":30},"end":{"line":9,"column":2}},"1":{"start":{"line":5,"column":37},"end":{"line":9,"column":1}}},"fnMap":{"0":{"name":"(anonymous_0)","decl":{"start":{"line":5,"column":30},"end":{"line":5,"column":31}},"loc":{"start":{"line":5,"column":37},"end":{"line":9,"column":1}},"line":5}},"branchMap":{},"s":{"0":0,"1":0},"f":{"0":0},"b":{},"hash":"6bc3dc35187b78e1c557f7c08173af6f15b89aff"}
,"/home/sabino/workspace/dock-components/stories/Welcome.js": {"path":"/home/sabino/workspace/dock-components/stories/Welcome.js","statementMap":{"0":{"start":{"line":13,"column":4},"end":{"line":45,"column":6}},"1":{"start":{"line":63,"column":6},"end":{"line":63,"column":29}},"2":{"start":{"line":64,"column":6},"end":{"line":64,"column":21}}},"fnMap":{"0":{"name":"(anonymous_0)","decl":{"start":{"line":8,"column":15},"end":{"line":8,"column":16}},"loc":{"start":{"line":8,"column":21},"end":{"line":8,"column":23}},"line":8},"1":{"name":"(anonymous_1)","decl":{"start":{"line":12,"column":2},"end":{"line":12,"column":3}},"loc":{"start":{"line":12,"column":9},"end":{"line":46,"column":3}},"line":12},"2":{"name":"(anonymous_2)","decl":{"start":{"line":62,"column":4},"end":{"line":62,"column":5}},"loc":{"start":{"line":62,"column":19},"end":{"line":65,"column":5}},"line":62}},"branchMap":{},"s":{"0":0,"1":0,"2":0},"f":{"0":0,"1":0,"2":0},"b":{},"hash":"c9bba8bcb097efb515b77d268df174e5749fdf25"}
,"/home/sabino/workspace/dock-components/test/setup.js": {"path":"/home/sabino/workspace/dock-components/test/setup.js","statementMap":{},"fnMap":{},"branchMap":{},"s":{},"f":{},"b":{},"hash":"d873c24bc212c00f1ef20cc5b3cdc44e05d79873"}
}
