TN:
SF:/home/sabino/workspace/dock-components/babel.config.js
FNF:0
FNH:0
DA:1,0
LF:1
LH:0
BRF:0
BRH:0
end_of_record
TN:
SF:/home/sabino/workspace/dock-components/webpack.config.js
FNF:0
FNH:0
LF:0
LH:0
BRF:0
BRH:0
end_of_record
TN:
SF:/home/sabino/workspace/dock-components/build/rollup.config.js
FNF:0
FNH:0
DA:10,0
DA:12,0
DA:34,0
DA:35,0
LF:4
LH:0
BRDA:34,0,0,0
BRDA:34,0,1,0
BRF:2
BRH:0
end_of_record
TN:
SF:/home/sabino/workspace/dock-components/dist/index.esm.js
FN:20,normalizeComponent
FN:51,hook
FN:77,(anonymous_2)
FN:79,(anonymous_3)
FN:89,renderWithStyleInjection
FN:106,createInjector
FN:107,(anonymous_6)
FN:114,addStyle
FN:159,(anonymous_8)
FN:163,(anonymous_9)
FN:207,(anonymous_10)
FN:211,(anonymous_11)
FN:259,(anonymous_12)
FN:263,(anonymous_13)
FN:271,(anonymous_14)
FN:288,(anonymous_15)
FN:292,(anonymous_16)
FN:347,openPriceQuote
FN:354,computedStatus
FN:385,(anonymous_19)
FN:385,(anonymous_20)
FN:389,(anonymous_21)
FN:447,data
FN:472,(anonymous_23)
FN:472,(anonymous_24)
FN:479,(anonymous_25)
FN:483,(anonymous_26)
FN:489,(anonymous_27)
FN:492,(anonymous_28)
FN:495,(anonymous_29)
FN:498,style
FN:507,hasListButtons
FN:510,iconStyle
FN:521,(anonymous_33)
FN:521,(anonymous_34)
FN:521,(anonymous_35)
FN:521,(anonymous_36)
FN:525,(anonymous_37)
FN:581,(anonymous_38)
FN:589,(anonymous_39)
FN:592,(anonymous_40)
FN:597,(anonymous_41)
FN:605,(anonymous_42)
FN:609,beforeMount
FN:621,(anonymous_44)
FN:625,updated
FN:631,(anonymous_46)
FN:634,(anonymous_47)
FN:644,(anonymous_48)
FN:653,(anonymous_49)
FN:653,(anonymous_50)
FN:653,(anonymous_51)
FN:653,(anonymous_52)
FN:653,(anonymous_53)
FN:653,(anonymous_54)
FN:657,(anonymous_55)
FN:702,formatedValue
FN:707,format
FN:730,(anonymous_58)
FN:772,data
FN:788,toggle
FN:792,mount
FN:801,(anonymous_62)
FN:805,(anonymous_63)
FN:850,(anonymous_64)
FN:856,(anonymous_65)
FN:860,(anonymous_66)
FN:869,(anonymous_67)
FN:878,(anonymous_68)
FN:878,(anonymous_69)
FN:878,(anonymous_70)
FN:882,(anonymous_71)
FN:930,get
FN:933,set
FN:944,(anonymous_74)
FN:944,(anonymous_75)
FN:948,(anonymous_76)
FN:987,(anonymous_77)
FN:991,disabled
FN:998,style
FN:1004,shouldHideLabel
FN:1011,(anonymous_81)
FN:1018,currentValue
FN:1023,beforeMount
FN:1036,(anonymous_84)
FN:1036,(anonymous_85)
FN:1043,(anonymous_86)
FN:1097,(anonymous_87)
FN:1109,(anonymous_88)
FN:1120,(anonymous_89)
FN:1120,(anonymous_90)
FN:1120,(anonymous_91)
FN:1124,(anonymous_92)
FN:1168,click
FN:1178,(anonymous_94)
FN:1182,(anonymous_95)
FN:1253,(anonymous_96)
FN:1257,(anonymous_97)
FN:1317,data
FN:1369,(anonymous_99)
FN:1372,(anonymous_100)
FN:1379,style
FN:1385,shouldHideLabel
FN:1393,get
FN:1396,set
FN:1408,(anonymous_105)
FN:1408,(anonymous_106)
FN:1408,(anonymous_107)
FN:1412,(anonymous_108)
FN:1457,(anonymous_109)
FN:1468,(anonymous_110)
FN:1471,(anonymous_111)
FN:1478,(anonymous_112)
FN:1486,(anonymous_113)
FN:1489,onSelect
FN:1493,(anonymous_115)
FN:1497,beforeMount
FN:1509,(anonymous_117)
FN:1512,(anonymous_118)
FN:1516,(anonymous_119)
FN:1521,updated
FN:1527,(anonymous_121)
FN:1530,(anonymous_122)
FN:1535,(anonymous_123)
FN:1544,(anonymous_124)
FN:1544,(anonymous_125)
FN:1544,(anonymous_126)
FN:1548,(anonymous_127)
FN:1589,(anonymous_128)
FN:1603,(anonymous_129)
FN:1606,(anonymous_130)
FN:1614,(anonymous_131)
FN:1623,(anonymous_132)
FN:1626,(anonymous_133)
FN:1630,beforeMount
FN:1642,(anonymous_135)
FN:1645,(anonymous_136)
FN:1649,(anonymous_137)
FN:1655,updated
FN:1661,(anonymous_139)
FN:1664,(anonymous_140)
FN:1674,(anonymous_141)
FN:1683,(anonymous_142)
FN:1683,(anonymous_143)
FN:1683,(anonymous_144)
FN:1687,(anonymous_145)
FN:1735,(anonymous_146)
FN:1745,(anonymous_147)
FN:1745,(anonymous_148)
FN:1745,(anonymous_149)
FN:1745,(anonymous_150)
FN:1793,data
FN:1799,(anonymous_152)
FN:1805,(anonymous_153)
FN:1809,get
FN:1812,set
FN:1823,(anonymous_156)
FN:1823,(anonymous_157)
FN:1827,(anonymous_158)
FN:1860,(anonymous_159)
FN:1882,(anonymous_160)
FN:1883,(anonymous_161)
FN:1897,resetDialog
FN:1920,(anonymous_163)
FN:1921,(anonymous_164)
FN:1923,close
FN:1926,beforeOpen
FN:1948,(anonymous_167)
FN:1954,(anonymous_168)
FN:1971,(anonymous_169)
FN:1975,(anonymous_170)
FNF:171
FNH:0
FNDA:0,normalizeComponent
FNDA:0,hook
FNDA:0,(anonymous_2)
FNDA:0,(anonymous_3)
FNDA:0,renderWithStyleInjection
FNDA:0,createInjector
FNDA:0,(anonymous_6)
FNDA:0,addStyle
FNDA:0,(anonymous_8)
FNDA:0,(anonymous_9)
FNDA:0,(anonymous_10)
FNDA:0,(anonymous_11)
FNDA:0,(anonymous_12)
FNDA:0,(anonymous_13)
FNDA:0,(anonymous_14)
FNDA:0,(anonymous_15)
FNDA:0,(anonymous_16)
FNDA:0,openPriceQuote
FNDA:0,computedStatus
FNDA:0,(anonymous_19)
FNDA:0,(anonymous_20)
FNDA:0,(anonymous_21)
FNDA:0,data
FNDA:0,(anonymous_23)
FNDA:0,(anonymous_24)
FNDA:0,(anonymous_25)
FNDA:0,(anonymous_26)
FNDA:0,(anonymous_27)
FNDA:0,(anonymous_28)
FNDA:0,(anonymous_29)
FNDA:0,style
FNDA:0,hasListButtons
FNDA:0,iconStyle
FNDA:0,(anonymous_33)
FNDA:0,(anonymous_34)
FNDA:0,(anonymous_35)
FNDA:0,(anonymous_36)
FNDA:0,(anonymous_37)
FNDA:0,(anonymous_38)
FNDA:0,(anonymous_39)
FNDA:0,(anonymous_40)
FNDA:0,(anonymous_41)
FNDA:0,(anonymous_42)
FNDA:0,beforeMount
FNDA:0,(anonymous_44)
FNDA:0,updated
FNDA:0,(anonymous_46)
FNDA:0,(anonymous_47)
FNDA:0,(anonymous_48)
FNDA:0,(anonymous_49)
FNDA:0,(anonymous_50)
FNDA:0,(anonymous_51)
FNDA:0,(anonymous_52)
FNDA:0,(anonymous_53)
FNDA:0,(anonymous_54)
FNDA:0,(anonymous_55)
FNDA:0,formatedValue
FNDA:0,format
FNDA:0,(anonymous_58)
FNDA:0,data
FNDA:0,toggle
FNDA:0,mount
FNDA:0,(anonymous_62)
FNDA:0,(anonymous_63)
FNDA:0,(anonymous_64)
FNDA:0,(anonymous_65)
FNDA:0,(anonymous_66)
FNDA:0,(anonymous_67)
FNDA:0,(anonymous_68)
FNDA:0,(anonymous_69)
FNDA:0,(anonymous_70)
FNDA:0,(anonymous_71)
FNDA:0,get
FNDA:0,set
FNDA:0,(anonymous_74)
FNDA:0,(anonymous_75)
FNDA:0,(anonymous_76)
FNDA:0,(anonymous_77)
FNDA:0,disabled
FNDA:0,style
FNDA:0,shouldHideLabel
FNDA:0,(anonymous_81)
FNDA:0,currentValue
FNDA:0,beforeMount
FNDA:0,(anonymous_84)
FNDA:0,(anonymous_85)
FNDA:0,(anonymous_86)
FNDA:0,(anonymous_87)
FNDA:0,(anonymous_88)
FNDA:0,(anonymous_89)
FNDA:0,(anonymous_90)
FNDA:0,(anonymous_91)
FNDA:0,(anonymous_92)
FNDA:0,click
FNDA:0,(anonymous_94)
FNDA:0,(anonymous_95)
FNDA:0,(anonymous_96)
FNDA:0,(anonymous_97)
FNDA:0,data
FNDA:0,(anonymous_99)
FNDA:0,(anonymous_100)
FNDA:0,style
FNDA:0,shouldHideLabel
FNDA:0,get
FNDA:0,set
FNDA:0,(anonymous_105)
FNDA:0,(anonymous_106)
FNDA:0,(anonymous_107)
FNDA:0,(anonymous_108)
FNDA:0,(anonymous_109)
FNDA:0,(anonymous_110)
FNDA:0,(anonymous_111)
FNDA:0,(anonymous_112)
FNDA:0,(anonymous_113)
FNDA:0,onSelect
FNDA:0,(anonymous_115)
FNDA:0,beforeMount
FNDA:0,(anonymous_117)
FNDA:0,(anonymous_118)
FNDA:0,(anonymous_119)
FNDA:0,updated
FNDA:0,(anonymous_121)
FNDA:0,(anonymous_122)
FNDA:0,(anonymous_123)
FNDA:0,(anonymous_124)
FNDA:0,(anonymous_125)
FNDA:0,(anonymous_126)
FNDA:0,(anonymous_127)
FNDA:0,(anonymous_128)
FNDA:0,(anonymous_129)
FNDA:0,(anonymous_130)
FNDA:0,(anonymous_131)
FNDA:0,(anonymous_132)
FNDA:0,(anonymous_133)
FNDA:0,beforeMount
FNDA:0,(anonymous_135)
FNDA:0,(anonymous_136)
FNDA:0,(anonymous_137)
FNDA:0,updated
FNDA:0,(anonymous_139)
FNDA:0,(anonymous_140)
FNDA:0,(anonymous_141)
FNDA:0,(anonymous_142)
FNDA:0,(anonymous_143)
FNDA:0,(anonymous_144)
FNDA:0,(anonymous_145)
FNDA:0,(anonymous_146)
FNDA:0,(anonymous_147)
FNDA:0,(anonymous_148)
FNDA:0,(anonymous_149)
FNDA:0,(anonymous_150)
FNDA:0,data
FNDA:0,(anonymous_152)
FNDA:0,(anonymous_153)
FNDA:0,get
FNDA:0,set
FNDA:0,(anonymous_156)
FNDA:0,(anonymous_157)
FNDA:0,(anonymous_158)
FNDA:0,(anonymous_159)
FNDA:0,(anonymous_160)
FNDA:0,(anonymous_161)
FNDA:0,resetDialog
FNDA:0,(anonymous_163)
FNDA:0,(anonymous_164)
FNDA:0,close
FNDA:0,beforeOpen
FNDA:0,(anonymous_167)
FNDA:0,(anonymous_168)
FNDA:0,(anonymous_169)
FNDA:0,(anonymous_170)
DA:8,0
DA:23,0
DA:24,0
DA:25,0
DA:26,0
DA:30,0
DA:32,0
DA:33,0
DA:34,0
DA:35,0
DA:37,0
DA:38,0
DA:43,0
DA:44,0
DA:49,0
DA:51,0
DA:53,0
DA:58,0
DA:59,0
DA:63,0
DA:64,0
DA:68,0
DA:69,0
DA:75,0
DA:76,0
DA:77,0
DA:78,0
DA:80,0
DA:84,0
DA:85,0
DA:87,0
DA:89,0
DA:90,0
DA:91,0
DA:95,0
DA:96,0
DA:100,0
DA:103,0
DA:105,0
DA:107,0
DA:108,0
DA:111,0
DA:112,0
DA:115,0
DA:116,0
DA:121,0
DA:122,0
DA:123,0
DA:125,0
DA:128,0
DA:130,0
DA:133,0
DA:134,0
DA:135,0
DA:136,0
DA:137,0
DA:140,0
DA:141,0
DA:142,0
DA:144,0
DA:145,0
DA:146,0
DA:147,0
DA:148,0
DA:153,0
DA:156,0
DA:159,0
DA:160,0
DA:163,0
DA:164,0
DA:165,0
DA:169,0
DA:171,0
DA:173,0
DA:178,0
DA:199,0
DA:204,0
DA:207,0
DA:208,0
DA:211,0
DA:212,0
DA:213,0
DA:217,0
DA:219,0
DA:221,0
DA:226,0
DA:239,0
DA:285,0
DA:288,0
DA:289,0
DA:292,0
DA:293,0
DA:294,0
DA:299,0
DA:301,0
DA:303,0
DA:308,0
DA:332,0
DA:348,0
DA:349,0
DA:355,0
DA:356,0
DA:357,0
DA:359,0
DA:360,0
DA:362,0
DA:363,0
DA:365,0
DA:366,0
DA:368,0
DA:369,0
DA:371,0
DA:372,0
DA:374,0
DA:376,0
DA:382,0
DA:385,0
DA:386,0
DA:389,0
DA:390,0
DA:391,0
DA:395,0
DA:397,0
DA:399,0
DA:404,0
DA:446,0
DA:448,0
DA:472,0
DA:479,0
DA:484,0
DA:485,0
DA:486,0
DA:490,0
DA:492,0
DA:493,0
DA:496,0
DA:499,0
DA:500,0
DA:501,0
DA:503,0
DA:508,0
DA:511,0
DA:512,0
DA:518,0
DA:521,0
DA:522,0
DA:525,0
DA:526,0
DA:527,0
DA:531,0
DA:533,0
DA:535,0
DA:540,0
DA:572,0
DA:581,0
DA:589,0
DA:592,0
DA:598,0
DA:606,0
DA:610,0
DA:611,0
DA:613,0
DA:614,0
DA:616,0
DA:617,0
DA:622,0
DA:626,0
DA:627,0
DA:632,0
DA:635,0
DA:637,0
DA:638,0
DA:639,0
DA:641,0
DA:644,0
DA:650,0
DA:653,0
DA:654,0
DA:657,0
DA:658,0
DA:659,0
DA:664,0
DA:666,0
DA:668,0
DA:673,0
DA:690,0
DA:703,0
DA:708,0
DA:716,0
DA:718,0
DA:719,0
DA:721,0
DA:727,0
DA:730,0
DA:731,0
DA:734,0
DA:736,0
DA:738,0
DA:740,0
DA:747,0
DA:771,0
DA:773,0
DA:789,0
DA:793,0
DA:798,0
DA:801,0
DA:802,0
DA:805,0
DA:806,0
DA:807,0
DA:812,0
DA:814,0
DA:816,0
DA:821,0
DA:849,0
DA:851,0
DA:857,0
DA:858,0
DA:861,0
DA:862,0
DA:863,0
DA:869,0
DA:875,0
DA:878,0
DA:879,0
DA:882,0
DA:883,0
DA:884,0
DA:888,0
DA:890,0
DA:892,0
DA:897,0
DA:917,0
DA:931,0
DA:934,0
DA:941,0
DA:944,0
DA:945,0
DA:948,0
DA:949,0
DA:950,0
DA:954,0
DA:956,0
DA:958,0
DA:963,0
DA:976,0
DA:988,0
DA:989,0
DA:992,0
DA:993,0
DA:999,0
DA:1000,0
DA:1002,0
DA:1005,0
DA:1006,0
DA:1012,0
DA:1019,0
DA:1020,0
DA:1024,0
DA:1025,0
DA:1026,0
DA:1033,0
DA:1036,0
DA:1040,0
DA:1043,0
DA:1044,0
DA:1045,0
DA:1050,0
DA:1052,0
DA:1054,0
DA:1059,0
DA:1092,0
DA:1097,0
DA:1110,0
DA:1111,0
DA:1117,0
DA:1120,0
DA:1121,0
DA:1124,0
DA:1125,0
DA:1126,0
DA:1131,0
DA:1133,0
DA:1135,0
DA:1140,0
DA:1153,0
DA:1169,0
DA:1175,0
DA:1178,0
DA:1179,0
DA:1182,0
DA:1183,0
DA:1184,0
DA:1189,0
DA:1191,0
DA:1193,0
DA:1198,0
DA:1219,0
DA:1250,0
DA:1253,0
DA:1254,0
DA:1257,0
DA:1258,0
DA:1259,0
DA:1263,0
DA:1265,0
DA:1267,0
DA:1272,0
DA:1316,0
DA:1318,0
DA:1380,0
DA:1381,0
DA:1383,0
DA:1386,0
DA:1387,0
DA:1394,0
DA:1397,0
DA:1398,0
DA:1405,0
DA:1408,0
DA:1409,0
DA:1412,0
DA:1413,0
DA:1414,0
DA:1419,0
DA:1421,0
DA:1423,0
DA:1428,0
DA:1441,0
DA:1457,0
DA:1468,0
DA:1471,0
DA:1479,0
DA:1487,0
DA:1490,0
DA:1491,0
DA:1494,0
DA:1498,0
DA:1499,0
DA:1501,0
DA:1502,0
DA:1504,0
DA:1505,0
DA:1510,0
DA:1513,0
DA:1515,0
DA:1516,0
DA:1518,0
DA:1522,0
DA:1523,0
DA:1528,0
DA:1531,0
DA:1533,0
DA:1534,0
DA:1535,0
DA:1541,0
DA:1544,0
DA:1545,0
DA:1548,0
DA:1549,0
DA:1550,0
DA:1555,0
DA:1557,0
DA:1559,0
DA:1564,0
DA:1577,0
DA:1589,0
DA:1603,0
DA:1606,0
DA:1615,0
DA:1624,0
DA:1627,0
DA:1631,0
DA:1632,0
DA:1634,0
DA:1635,0
DA:1637,0
DA:1638,0
DA:1643,0
DA:1646,0
DA:1648,0
DA:1649,0
DA:1651,0
DA:1652,0
DA:1656,0
DA:1657,0
DA:1662,0
DA:1665,0
DA:1667,0
DA:1668,0
DA:1669,0
DA:1671,0
DA:1674,0
DA:1680,0
DA:1683,0
DA:1684,0
DA:1687,0
DA:1688,0
DA:1689,0
DA:1693,0
DA:1695,0
DA:1697,0
DA:1702,0
DA:1723,0
DA:1736,0
DA:1742,0
DA:1745,0
DA:1746,0
DA:1749,0
DA:1751,0
DA:1753,0
DA:1755,0
DA:1762,0
DA:1791,0
DA:1794,0
DA:1800,0
DA:1801,0
DA:1806,0
DA:1810,0
DA:1813,0
DA:1820,0
DA:1823,0
DA:1824,0
DA:1827,0
DA:1828,0
DA:1829,0
DA:1834,0
DA:1836,0
DA:1838,0
DA:1843,0
DA:1856,0
DA:1860,0
DA:1898,0
DA:1899,0
DA:1900,0
DA:1901,0
DA:1902,0
DA:1903,0
DA:1904,0
DA:1905,0
DA:1911,0
DA:1917,0
DA:1918,0
DA:1919,0
DA:1920,0
DA:1921,0
DA:1924,0
DA:1927,0
DA:1929,0
DA:1930,0
DA:1931,0
DA:1932,0
DA:1933,0
DA:1934,0
DA:1935,0
DA:1936,0
DA:1938,0
DA:1940,0
DA:1942,0
DA:1944,0
DA:1945,0
DA:1947,0
DA:1948,0
DA:1949,0
DA:1950,0
DA:1954,0
DA:1955,0
DA:1956,0
DA:1958,0
DA:1960,0
DA:1968,0
DA:1971,0
DA:1972,0
DA:1975,0
DA:1976,0
DA:1977,0
DA:1982,0
DA:1984,0
DA:1986,0
DA:1991,0
LF:480
LH:0
BRDA:23,0,0,0
BRDA:23,0,1,0
BRDA:30,1,0,0
BRDA:30,1,1,0
BRDA:32,2,0,0
BRDA:32,2,1,0
BRDA:32,3,0,0
BRDA:32,3,1,0
BRDA:37,4,0,0
BRDA:37,4,1,0
BRDA:43,5,0,0
BRDA:43,5,1,0
BRDA:49,6,0,0
BRDA:49,6,1,0
BRDA:53,7,0,0
BRDA:53,7,1,0
BRDA:53,7,2,0
BRDA:53,7,3,0
BRDA:53,7,4,0
BRDA:53,7,5,0
BRDA:58,8,0,0
BRDA:58,8,1,0
BRDA:58,9,0,0
BRDA:58,9,1,0
BRDA:63,10,0,0
BRDA:63,10,1,0
BRDA:68,11,0,0
BRDA:68,11,1,0
BRDA:68,12,0,0
BRDA:68,12,1,0
BRDA:76,13,0,0
BRDA:76,13,1,0
BRDA:77,14,0,0
BRDA:77,14,1,0
BRDA:84,15,0,0
BRDA:84,15,1,0
BRDA:85,16,0,0
BRDA:85,16,1,0
BRDA:96,17,0,0
BRDA:96,17,1,0
BRDA:105,18,0,0
BRDA:105,18,1,0
BRDA:111,19,0,0
BRDA:111,19,1,0
BRDA:115,20,0,0
BRDA:115,20,1,0
BRDA:115,21,0,0
BRDA:115,21,1,0
BRDA:116,22,0,0
BRDA:116,22,1,0
BRDA:121,23,0,0
BRDA:121,23,1,0
BRDA:125,24,0,0
BRDA:125,24,1,0
BRDA:133,25,0,0
BRDA:133,25,1,0
BRDA:136,26,0,0
BRDA:136,26,1,0
BRDA:140,27,0,0
BRDA:140,27,1,0
BRDA:147,28,0,0
BRDA:147,28,1,0
BRDA:148,29,0,0
BRDA:148,29,1,0
BRDA:159,30,0,0
BRDA:159,30,1,0
BRDA:164,31,0,0
BRDA:164,31,1,0
BRDA:207,32,0,0
BRDA:207,32,1,0
BRDA:212,33,0,0
BRDA:212,33,1,0
BRDA:288,34,0,0
BRDA:288,34,1,0
BRDA:288,35,0,0
BRDA:288,35,1,0
BRDA:293,36,0,0
BRDA:293,36,1,0
BRDA:348,37,0,0
BRDA:348,37,1,0
BRDA:357,38,0,0
BRDA:357,38,1,0
BRDA:357,38,2,0
BRDA:357,38,3,0
BRDA:357,38,4,0
BRDA:357,38,5,0
BRDA:385,39,0,0
BRDA:385,39,1,0
BRDA:385,40,0,0
BRDA:385,40,1,0
BRDA:390,41,0,0
BRDA:390,41,1,0
BRDA:485,42,0,0
BRDA:485,42,1,0
BRDA:493,43,0,0
BRDA:493,43,1,0
BRDA:500,44,0,0
BRDA:500,44,1,0
BRDA:508,45,0,0
BRDA:508,45,1,0
BRDA:511,46,0,0
BRDA:511,46,1,0
BRDA:521,47,0,0
BRDA:521,47,1,0
BRDA:521,48,0,0
BRDA:521,48,1,0
BRDA:521,49,0,0
BRDA:521,49,1,0
BRDA:521,50,0,0
BRDA:521,50,1,0
BRDA:521,51,0,0
BRDA:521,51,1,0
BRDA:521,52,0,0
BRDA:521,52,1,0
BRDA:521,53,0,0
BRDA:521,53,1,0
BRDA:526,54,0,0
BRDA:526,54,1,0
BRDA:610,55,0,0
BRDA:610,55,1,0
BRDA:613,56,0,0
BRDA:613,56,1,0
BRDA:616,57,0,0
BRDA:616,57,1,0
BRDA:626,58,0,0
BRDA:626,58,1,0
BRDA:632,59,0,0
BRDA:632,59,1,0
BRDA:637,60,0,0
BRDA:637,60,1,0
BRDA:637,61,0,0
BRDA:637,61,1,0
BRDA:644,62,0,0
BRDA:644,62,1,0
BRDA:653,63,0,0
BRDA:653,63,1,0
BRDA:653,64,0,0
BRDA:653,64,1,0
BRDA:658,65,0,0
BRDA:658,65,1,0
BRDA:711,66,0,0
BRDA:711,66,1,0
BRDA:711,67,0,0
BRDA:711,67,1,0
BRDA:711,67,2,0
BRDA:718,68,0,0
BRDA:718,68,1,0
BRDA:730,69,0,0
BRDA:730,69,1,0
BRDA:801,70,0,0
BRDA:801,70,1,0
BRDA:801,71,0,0
BRDA:801,71,1,0
BRDA:801,72,0,0
BRDA:801,72,1,0
BRDA:806,73,0,0
BRDA:806,73,1,0
BRDA:862,74,0,0
BRDA:862,74,1,0
BRDA:878,75,0,0
BRDA:878,75,1,0
BRDA:878,76,0,0
BRDA:878,76,1,0
BRDA:878,77,0,0
BRDA:878,77,1,0
BRDA:883,78,0,0
BRDA:883,78,1,0
BRDA:944,79,0,0
BRDA:944,79,1,0
BRDA:949,80,0,0
BRDA:949,80,1,0
BRDA:988,81,0,0
BRDA:988,81,1,0
BRDA:992,82,0,0
BRDA:992,82,1,0
BRDA:999,83,0,0
BRDA:999,83,1,0
BRDA:1005,84,0,0
BRDA:1005,84,1,0
BRDA:1006,85,0,0
BRDA:1006,85,1,0
BRDA:1019,86,0,0
BRDA:1019,86,1,0
BRDA:1025,87,0,0
BRDA:1025,87,1,0
BRDA:1036,88,0,0
BRDA:1036,88,1,0
BRDA:1036,89,0,0
BRDA:1036,89,1,0
BRDA:1036,90,0,0
BRDA:1036,90,1,0
BRDA:1038,91,0,0
BRDA:1038,91,1,0
BRDA:1044,92,0,0
BRDA:1044,92,1,0
BRDA:1110,93,0,0
BRDA:1110,93,1,0
BRDA:1110,94,0,0
BRDA:1110,94,1,0
BRDA:1120,95,0,0
BRDA:1120,95,1,0
BRDA:1120,96,0,0
BRDA:1120,96,1,0
BRDA:1125,97,0,0
BRDA:1125,97,1,0
BRDA:1178,98,0,0
BRDA:1178,98,1,0
BRDA:1183,99,0,0
BRDA:1183,99,1,0
BRDA:1253,100,0,0
BRDA:1253,100,1,0
BRDA:1253,101,0,0
BRDA:1253,101,1,0
BRDA:1253,102,0,0
BRDA:1253,102,1,0
BRDA:1258,103,0,0
BRDA:1258,103,1,0
BRDA:1380,104,0,0
BRDA:1380,104,1,0
BRDA:1386,105,0,0
BRDA:1386,105,1,0
BRDA:1387,106,0,0
BRDA:1387,106,1,0
BRDA:1387,107,0,0
BRDA:1387,107,1,0
BRDA:1387,107,2,0
BRDA:1387,107,3,0
BRDA:1408,108,0,0
BRDA:1408,108,1,0
BRDA:1408,109,0,0
BRDA:1408,109,1,0
BRDA:1413,110,0,0
BRDA:1413,110,1,0
BRDA:1498,111,0,0
BRDA:1498,111,1,0
BRDA:1501,112,0,0
BRDA:1501,112,1,0
BRDA:1504,113,0,0
BRDA:1504,113,1,0
BRDA:1515,114,0,0
BRDA:1515,114,1,0
BRDA:1522,115,0,0
BRDA:1522,115,1,0
BRDA:1528,116,0,0
BRDA:1528,116,1,0
BRDA:1535,117,0,0
BRDA:1535,117,1,0
BRDA:1544,118,0,0
BRDA:1544,118,1,0
BRDA:1549,119,0,0
BRDA:1549,119,1,0
BRDA:1631,120,0,0
BRDA:1631,120,1,0
BRDA:1634,121,0,0
BRDA:1634,121,1,0
BRDA:1637,122,0,0
BRDA:1637,122,1,0
BRDA:1648,123,0,0
BRDA:1648,123,1,0
BRDA:1656,124,0,0
BRDA:1656,124,1,0
BRDA:1662,125,0,0
BRDA:1662,125,1,0
BRDA:1667,126,0,0
BRDA:1667,126,1,0
BRDA:1667,127,0,0
BRDA:1667,127,1,0
BRDA:1674,128,0,0
BRDA:1674,128,1,0
BRDA:1683,129,0,0
BRDA:1683,129,1,0
BRDA:1683,130,0,0
BRDA:1683,130,1,0
BRDA:1683,131,0,0
BRDA:1683,131,1,0
BRDA:1688,132,0,0
BRDA:1688,132,1,0
BRDA:1745,133,0,0
BRDA:1745,133,1,0
BRDA:1745,134,0,0
BRDA:1745,134,1,0
BRDA:1745,135,0,0
BRDA:1745,135,1,0
BRDA:1800,136,0,0
BRDA:1800,136,1,0
BRDA:1800,137,0,0
BRDA:1800,137,1,0
BRDA:1800,137,2,0
BRDA:1801,138,0,0
BRDA:1801,138,1,0
BRDA:1801,139,0,0
BRDA:1801,139,1,0
BRDA:1806,140,0,0
BRDA:1806,140,1,0
BRDA:1823,141,0,0
BRDA:1823,141,1,0
BRDA:1828,142,0,0
BRDA:1828,142,1,0
BRDA:1929,143,0,0
BRDA:1929,143,1,0
BRDA:1930,144,0,0
BRDA:1930,144,1,0
BRDA:1931,145,0,0
BRDA:1931,145,1,0
BRDA:1932,146,0,0
BRDA:1932,146,1,0
BRDA:1933,147,0,0
BRDA:1933,147,1,0
BRDA:1934,148,0,0
BRDA:1934,148,1,0
BRDA:1935,149,0,0
BRDA:1935,149,1,0
BRDA:1937,150,0,0
BRDA:1937,150,1,0
BRDA:1939,151,0,0
BRDA:1939,151,1,0
BRDA:1941,152,0,0
BRDA:1941,152,1,0
BRDA:1943,153,0,0
BRDA:1943,153,1,0
BRDA:1944,154,0,0
BRDA:1944,154,1,0
BRDA:1946,155,0,0
BRDA:1946,155,1,0
BRDA:1947,156,0,0
BRDA:1947,156,1,0
BRDA:1959,157,0,0
BRDA:1959,157,1,0
BRDA:1961,158,0,0
BRDA:1961,158,1,0
BRDA:1971,159,0,0
BRDA:1971,159,1,0
BRDA:1971,160,0,0
BRDA:1971,160,1,0
BRDA:1971,161,0,0
BRDA:1971,161,1,0
BRDA:1976,162,0,0
BRDA:1976,162,1,0
BRF:338
BRH:0
end_of_record
TN:
SF:/home/sabino/workspace/dock-components/dist/index.min.js
FN:1,(anonymous_0)
FN:1,r
FN:1,(anonymous_2)
FN:1,(anonymous_3)
FN:1,(anonymous_4)
FN:1,(anonymous_5)
FN:1,s
FN:1,(anonymous_7)
FN:1,l
FN:1,(anonymous_9)
FN:1,(anonymous_10)
FN:1,(anonymous_11)
FN:1,(anonymous_12)
FN:1,(anonymous_13)
FN:1,(anonymous_14)
FN:1,(anonymous_15)
FN:1,(anonymous_16)
FN:1,(anonymous_17)
FN:1,(anonymous_18)
FN:1,(anonymous_19)
FN:1,(anonymous_20)
FN:1,(anonymous_21)
FN:1,(anonymous_22)
FN:1,(anonymous_23)
FN:1,(anonymous_24)
FN:1,(anonymous_25)
FN:1,(anonymous_26)
FN:1,(anonymous_27)
FN:1,(anonymous_28)
FN:1,(anonymous_29)
FN:1,(anonymous_30)
FN:1,(anonymous_31)
FN:1,(anonymous_32)
FN:1,(anonymous_33)
FN:1,(anonymous_34)
FN:1,(anonymous_35)
FN:1,(anonymous_36)
FN:1,(anonymous_37)
FN:1,(anonymous_38)
FN:1,(anonymous_39)
FN:1,(anonymous_40)
FN:1,(anonymous_41)
FN:1,(anonymous_42)
FN:1,(anonymous_43)
FN:1,(anonymous_44)
FN:1,(anonymous_45)
FN:1,(anonymous_46)
FN:1,(anonymous_47)
FN:1,(anonymous_48)
FN:1,(anonymous_49)
FN:1,(anonymous_50)
FN:1,(anonymous_51)
FN:1,(anonymous_52)
FN:1,(anonymous_53)
FN:1,(anonymous_54)
FN:1,(anonymous_55)
FN:1,(anonymous_56)
FN:1,(anonymous_57)
FN:1,(anonymous_58)
FN:1,(anonymous_59)
FN:1,(anonymous_60)
FN:1,(anonymous_61)
FN:1,(anonymous_62)
FN:1,(anonymous_63)
FN:1,(anonymous_64)
FN:1,(anonymous_65)
FN:1,(anonymous_66)
FN:1,(anonymous_67)
FN:1,(anonymous_68)
FN:1,(anonymous_69)
FN:1,(anonymous_70)
FN:1,(anonymous_71)
FN:1,(anonymous_72)
FN:1,(anonymous_73)
FN:1,(anonymous_74)
FN:1,(anonymous_75)
FN:1,(anonymous_76)
FN:1,(anonymous_77)
FN:1,(anonymous_78)
FN:1,(anonymous_79)
FN:1,(anonymous_80)
FN:1,(anonymous_81)
FN:1,(anonymous_82)
FN:1,(anonymous_83)
FN:1,(anonymous_84)
FN:1,(anonymous_85)
FN:1,(anonymous_86)
FN:1,(anonymous_87)
FN:1,(anonymous_88)
FN:1,(anonymous_89)
FN:1,(anonymous_90)
FN:1,(anonymous_91)
FN:1,(anonymous_92)
FN:1,(anonymous_93)
FN:1,(anonymous_94)
FN:1,(anonymous_95)
FN:1,(anonymous_96)
FN:1,(anonymous_97)
FN:1,(anonymous_98)
FN:1,(anonymous_99)
FN:1,(anonymous_100)
FN:1,(anonymous_101)
FN:1,(anonymous_102)
FN:1,(anonymous_103)
FN:1,(anonymous_104)
FN:1,(anonymous_105)
FN:1,(anonymous_106)
FN:1,(anonymous_107)
FN:1,(anonymous_108)
FN:1,(anonymous_109)
FN:1,(anonymous_110)
FN:1,(anonymous_111)
FN:1,(anonymous_112)
FN:1,(anonymous_113)
FN:1,(anonymous_114)
FN:1,(anonymous_115)
FN:1,(anonymous_116)
FN:1,(anonymous_117)
FN:1,(anonymous_118)
FN:1,(anonymous_119)
FN:1,(anonymous_120)
FN:1,(anonymous_121)
FN:1,(anonymous_122)
FN:1,(anonymous_123)
FN:1,(anonymous_124)
FN:1,(anonymous_125)
FN:1,(anonymous_126)
FN:1,(anonymous_127)
FN:1,(anonymous_128)
FN:1,(anonymous_129)
FN:1,(anonymous_130)
FN:1,(anonymous_131)
FN:1,(anonymous_132)
FN:1,(anonymous_133)
FN:1,(anonymous_134)
FN:1,(anonymous_135)
FN:1,(anonymous_136)
FN:1,(anonymous_137)
FN:1,(anonymous_138)
FN:1,(anonymous_139)
FN:1,(anonymous_140)
FN:1,(anonymous_141)
FN:1,(anonymous_142)
FN:1,(anonymous_143)
FN:1,(anonymous_144)
FN:1,(anonymous_145)
FN:1,(anonymous_146)
FN:1,(anonymous_147)
FN:1,(anonymous_148)
FN:1,(anonymous_149)
FN:1,(anonymous_150)
FN:1,(anonymous_151)
FN:1,(anonymous_152)
FN:1,(anonymous_153)
FN:1,(anonymous_154)
FN:1,(anonymous_155)
FN:1,(anonymous_156)
FN:1,(anonymous_157)
FN:1,(anonymous_158)
FN:1,(anonymous_159)
FN:1,(anonymous_160)
FN:1,(anonymous_161)
FN:1,(anonymous_162)
FN:1,(anonymous_163)
FN:1,(anonymous_164)
FN:1,(anonymous_165)
FN:1,(anonymous_166)
FN:1,(anonymous_167)
FN:1,(anonymous_168)
FN:1,(anonymous_169)
FN:1,(anonymous_170)
FN:1,(anonymous_171)
FNF:172
FNH:0
FNDA:0,(anonymous_0)
FNDA:0,r
FNDA:0,(anonymous_2)
FNDA:0,(anonymous_3)
FNDA:0,(anonymous_4)
FNDA:0,(anonymous_5)
FNDA:0,s
FNDA:0,(anonymous_7)
FNDA:0,l
FNDA:0,(anonymous_9)
FNDA:0,(anonymous_10)
FNDA:0,(anonymous_11)
FNDA:0,(anonymous_12)
FNDA:0,(anonymous_13)
FNDA:0,(anonymous_14)
FNDA:0,(anonymous_15)
FNDA:0,(anonymous_16)
FNDA:0,(anonymous_17)
FNDA:0,(anonymous_18)
FNDA:0,(anonymous_19)
FNDA:0,(anonymous_20)
FNDA:0,(anonymous_21)
FNDA:0,(anonymous_22)
FNDA:0,(anonymous_23)
FNDA:0,(anonymous_24)
FNDA:0,(anonymous_25)
FNDA:0,(anonymous_26)
FNDA:0,(anonymous_27)
FNDA:0,(anonymous_28)
FNDA:0,(anonymous_29)
FNDA:0,(anonymous_30)
FNDA:0,(anonymous_31)
FNDA:0,(anonymous_32)
FNDA:0,(anonymous_33)
FNDA:0,(anonymous_34)
FNDA:0,(anonymous_35)
FNDA:0,(anonymous_36)
FNDA:0,(anonymous_37)
FNDA:0,(anonymous_38)
FNDA:0,(anonymous_39)
FNDA:0,(anonymous_40)
FNDA:0,(anonymous_41)
FNDA:0,(anonymous_42)
FNDA:0,(anonymous_43)
FNDA:0,(anonymous_44)
FNDA:0,(anonymous_45)
FNDA:0,(anonymous_46)
FNDA:0,(anonymous_47)
FNDA:0,(anonymous_48)
FNDA:0,(anonymous_49)
FNDA:0,(anonymous_50)
FNDA:0,(anonymous_51)
FNDA:0,(anonymous_52)
FNDA:0,(anonymous_53)
FNDA:0,(anonymous_54)
FNDA:0,(anonymous_55)
FNDA:0,(anonymous_56)
FNDA:0,(anonymous_57)
FNDA:0,(anonymous_58)
FNDA:0,(anonymous_59)
FNDA:0,(anonymous_60)
FNDA:0,(anonymous_61)
FNDA:0,(anonymous_62)
FNDA:0,(anonymous_63)
FNDA:0,(anonymous_64)
FNDA:0,(anonymous_65)
FNDA:0,(anonymous_66)
FNDA:0,(anonymous_67)
FNDA:0,(anonymous_68)
FNDA:0,(anonymous_69)
FNDA:0,(anonymous_70)
FNDA:0,(anonymous_71)
FNDA:0,(anonymous_72)
FNDA:0,(anonymous_73)
FNDA:0,(anonymous_74)
FNDA:0,(anonymous_75)
FNDA:0,(anonymous_76)
FNDA:0,(anonymous_77)
FNDA:0,(anonymous_78)
FNDA:0,(anonymous_79)
FNDA:0,(anonymous_80)
FNDA:0,(anonymous_81)
FNDA:0,(anonymous_82)
FNDA:0,(anonymous_83)
FNDA:0,(anonymous_84)
FNDA:0,(anonymous_85)
FNDA:0,(anonymous_86)
FNDA:0,(anonymous_87)
FNDA:0,(anonymous_88)
FNDA:0,(anonymous_89)
FNDA:0,(anonymous_90)
FNDA:0,(anonymous_91)
FNDA:0,(anonymous_92)
FNDA:0,(anonymous_93)
FNDA:0,(anonymous_94)
FNDA:0,(anonymous_95)
FNDA:0,(anonymous_96)
FNDA:0,(anonymous_97)
FNDA:0,(anonymous_98)
FNDA:0,(anonymous_99)
FNDA:0,(anonymous_100)
FNDA:0,(anonymous_101)
FNDA:0,(anonymous_102)
FNDA:0,(anonymous_103)
FNDA:0,(anonymous_104)
FNDA:0,(anonymous_105)
FNDA:0,(anonymous_106)
FNDA:0,(anonymous_107)
FNDA:0,(anonymous_108)
FNDA:0,(anonymous_109)
FNDA:0,(anonymous_110)
FNDA:0,(anonymous_111)
FNDA:0,(anonymous_112)
FNDA:0,(anonymous_113)
FNDA:0,(anonymous_114)
FNDA:0,(anonymous_115)
FNDA:0,(anonymous_116)
FNDA:0,(anonymous_117)
FNDA:0,(anonymous_118)
FNDA:0,(anonymous_119)
FNDA:0,(anonymous_120)
FNDA:0,(anonymous_121)
FNDA:0,(anonymous_122)
FNDA:0,(anonymous_123)
FNDA:0,(anonymous_124)
FNDA:0,(anonymous_125)
FNDA:0,(anonymous_126)
FNDA:0,(anonymous_127)
FNDA:0,(anonymous_128)
FNDA:0,(anonymous_129)
FNDA:0,(anonymous_130)
FNDA:0,(anonymous_131)
FNDA:0,(anonymous_132)
FNDA:0,(anonymous_133)
FNDA:0,(anonymous_134)
FNDA:0,(anonymous_135)
FNDA:0,(anonymous_136)
FNDA:0,(anonymous_137)
FNDA:0,(anonymous_138)
FNDA:0,(anonymous_139)
FNDA:0,(anonymous_140)
FNDA:0,(anonymous_141)
FNDA:0,(anonymous_142)
FNDA:0,(anonymous_143)
FNDA:0,(anonymous_144)
FNDA:0,(anonymous_145)
FNDA:0,(anonymous_146)
FNDA:0,(anonymous_147)
FNDA:0,(anonymous_148)
FNDA:0,(anonymous_149)
FNDA:0,(anonymous_150)
FNDA:0,(anonymous_151)
FNDA:0,(anonymous_152)
FNDA:0,(anonymous_153)
FNDA:0,(anonymous_154)
FNDA:0,(anonymous_155)
FNDA:0,(anonymous_156)
FNDA:0,(anonymous_157)
FNDA:0,(anonymous_158)
FNDA:0,(anonymous_159)
FNDA:0,(anonymous_160)
FNDA:0,(anonymous_161)
FNDA:0,(anonymous_162)
FNDA:0,(anonymous_163)
FNDA:0,(anonymous_164)
FNDA:0,(anonymous_165)
FNDA:0,(anonymous_166)
FNDA:0,(anonymous_167)
FNDA:0,(anonymous_168)
FNDA:0,(anonymous_169)
FNDA:0,(anonymous_170)
FNDA:0,(anonymous_171)
DA:1,0
LF:1
LH:0
BRDA:1,0,0,0
BRDA:1,0,1,0
BRDA:1,1,0,0
BRDA:1,1,1,0
BRDA:1,2,0,0
BRDA:1,2,1,0
BRDA:1,2,2,0
BRDA:1,3,0,0
BRDA:1,3,1,0
BRDA:1,4,0,0
BRDA:1,4,1,0
BRDA:1,5,0,0
BRDA:1,5,1,0
BRDA:1,6,0,0
BRDA:1,6,1,0
BRDA:1,7,0,0
BRDA:1,7,1,0
BRDA:1,7,2,0
BRDA:1,8,0,0
BRDA:1,8,1,0
BRDA:1,8,2,0
BRDA:1,8,3,0
BRDA:1,8,4,0
BRDA:1,8,5,0
BRDA:1,9,0,0
BRDA:1,9,1,0
BRDA:1,10,0,0
BRDA:1,10,1,0
BRDA:1,10,2,0
BRDA:1,11,0,0
BRDA:1,11,1,0
BRDA:1,12,0,0
BRDA:1,12,1,0
BRDA:1,13,0,0
BRDA:1,13,1,0
BRDA:1,14,0,0
BRDA:1,14,1,0
BRDA:1,15,0,0
BRDA:1,15,1,0
BRDA:1,16,0,0
BRDA:1,16,1,0
BRDA:1,17,0,0
BRDA:1,17,1,0
BRDA:1,18,0,0
BRDA:1,18,1,0
BRDA:1,19,0,0
BRDA:1,19,1,0
BRDA:1,20,0,0
BRDA:1,20,1,0
BRDA:1,21,0,0
BRDA:1,21,1,0
BRDA:1,22,0,0
BRDA:1,22,1,0
BRDA:1,23,0,0
BRDA:1,23,1,0
BRDA:1,24,0,0
BRDA:1,24,1,0
BRDA:1,25,0,0
BRDA:1,25,1,0
BRDA:1,26,0,0
BRDA:1,26,1,0
BRDA:1,27,0,0
BRDA:1,27,1,0
BRDA:1,28,0,0
BRDA:1,28,1,0
BRDA:1,29,0,0
BRDA:1,29,1,0
BRDA:1,30,0,0
BRDA:1,30,1,0
BRDA:1,31,0,0
BRDA:1,31,1,0
BRDA:1,32,0,0
BRDA:1,32,1,0
BRDA:1,33,0,0
BRDA:1,33,1,0
BRDA:1,34,0,0
BRDA:1,34,1,0
BRDA:1,35,0,0
BRDA:1,35,1,0
BRDA:1,36,0,0
BRDA:1,36,1,0
BRDA:1,37,0,0
BRDA:1,37,1,0
BRDA:1,38,0,0
BRDA:1,38,1,0
BRDA:1,39,0,0
BRDA:1,39,1,0
BRDA:1,40,0,0
BRDA:1,40,1,0
BRDA:1,41,0,0
BRDA:1,41,1,0
BRDA:1,42,0,0
BRDA:1,42,1,0
BRDA:1,43,0,0
BRDA:1,43,1,0
BRDA:1,44,0,0
BRDA:1,44,1,0
BRDA:1,44,2,0
BRDA:1,44,3,0
BRDA:1,44,4,0
BRDA:1,44,5,0
BRDA:1,45,0,0
BRDA:1,45,1,0
BRDA:1,46,0,0
BRDA:1,46,1,0
BRDA:1,47,0,0
BRDA:1,47,1,0
BRDA:1,48,0,0
BRDA:1,48,1,0
BRDA:1,49,0,0
BRDA:1,49,1,0
BRDA:1,50,0,0
BRDA:1,50,1,0
BRDA:1,51,0,0
BRDA:1,51,1,0
BRDA:1,52,0,0
BRDA:1,52,1,0
BRDA:1,53,0,0
BRDA:1,53,1,0
BRDA:1,54,0,0
BRDA:1,54,1,0
BRDA:1,55,0,0
BRDA:1,55,1,0
BRDA:1,56,0,0
BRDA:1,56,1,0
BRDA:1,57,0,0
BRDA:1,57,1,0
BRDA:1,58,0,0
BRDA:1,58,1,0
BRDA:1,59,0,0
BRDA:1,59,1,0
BRDA:1,60,0,0
BRDA:1,60,1,0
BRDA:1,61,0,0
BRDA:1,61,1,0
BRDA:1,62,0,0
BRDA:1,62,1,0
BRDA:1,63,0,0
BRDA:1,63,1,0
BRDA:1,64,0,0
BRDA:1,64,1,0
BRDA:1,65,0,0
BRDA:1,65,1,0
BRDA:1,66,0,0
BRDA:1,66,1,0
BRDA:1,67,0,0
BRDA:1,67,1,0
BRDA:1,68,0,0
BRDA:1,68,1,0
BRDA:1,69,0,0
BRDA:1,69,1,0
BRDA:1,70,0,0
BRDA:1,70,1,0
BRDA:1,71,0,0
BRDA:1,71,1,0
BRDA:1,71,2,0
BRDA:1,72,0,0
BRDA:1,72,1,0
BRDA:1,73,0,0
BRDA:1,73,1,0
BRDA:1,74,0,0
BRDA:1,74,1,0
BRDA:1,75,0,0
BRDA:1,75,1,0
BRDA:1,76,0,0
BRDA:1,76,1,0
BRDA:1,77,0,0
BRDA:1,77,1,0
BRDA:1,78,0,0
BRDA:1,78,1,0
BRDA:1,79,0,0
BRDA:1,79,1,0
BRDA:1,80,0,0
BRDA:1,80,1,0
BRDA:1,81,0,0
BRDA:1,81,1,0
BRDA:1,82,0,0
BRDA:1,82,1,0
BRDA:1,83,0,0
BRDA:1,83,1,0
BRDA:1,84,0,0
BRDA:1,84,1,0
BRDA:1,85,0,0
BRDA:1,85,1,0
BRDA:1,86,0,0
BRDA:1,86,1,0
BRDA:1,87,0,0
BRDA:1,87,1,0
BRDA:1,88,0,0
BRDA:1,88,1,0
BRDA:1,89,0,0
BRDA:1,89,1,0
BRDA:1,90,0,0
BRDA:1,90,1,0
BRDA:1,91,0,0
BRDA:1,91,1,0
BRDA:1,92,0,0
BRDA:1,92,1,0
BRDA:1,93,0,0
BRDA:1,93,1,0
BRDA:1,94,0,0
BRDA:1,94,1,0
BRDA:1,95,0,0
BRDA:1,95,1,0
BRDA:1,96,0,0
BRDA:1,96,1,0
BRDA:1,97,0,0
BRDA:1,97,1,0
BRDA:1,98,0,0
BRDA:1,98,1,0
BRDA:1,99,0,0
BRDA:1,99,1,0
BRDA:1,99,2,0
BRDA:1,100,0,0
BRDA:1,100,1,0
BRDA:1,101,0,0
BRDA:1,101,1,0
BRDA:1,102,0,0
BRDA:1,102,1,0
BRDA:1,103,0,0
BRDA:1,103,1,0
BRDA:1,104,0,0
BRDA:1,104,1,0
BRDA:1,105,0,0
BRDA:1,105,1,0
BRDA:1,106,0,0
BRDA:1,106,1,0
BRDA:1,107,0,0
BRDA:1,107,1,0
BRDA:1,108,0,0
BRDA:1,108,1,0
BRDA:1,109,0,0
BRDA:1,109,1,0
BRDA:1,110,0,0
BRDA:1,110,1,0
BRDA:1,111,0,0
BRDA:1,111,1,0
BRDA:1,112,0,0
BRDA:1,112,1,0
BRDA:1,112,2,0
BRDA:1,112,3,0
BRDA:1,113,0,0
BRDA:1,113,1,0
BRDA:1,114,0,0
BRDA:1,114,1,0
BRDA:1,115,0,0
BRDA:1,115,1,0
BRDA:1,116,0,0
BRDA:1,116,1,0
BRDA:1,117,0,0
BRDA:1,117,1,0
BRDA:1,118,0,0
BRDA:1,118,1,0
BRDA:1,119,0,0
BRDA:1,119,1,0
BRDA:1,120,0,0
BRDA:1,120,1,0
BRDA:1,121,0,0
BRDA:1,121,1,0
BRDA:1,122,0,0
BRDA:1,122,1,0
BRDA:1,123,0,0
BRDA:1,123,1,0
BRDA:1,124,0,0
BRDA:1,124,1,0
BRDA:1,125,0,0
BRDA:1,125,1,0
BRDA:1,126,0,0
BRDA:1,126,1,0
BRDA:1,127,0,0
BRDA:1,127,1,0
BRDA:1,128,0,0
BRDA:1,128,1,0
BRDA:1,129,0,0
BRDA:1,129,1,0
BRDA:1,130,0,0
BRDA:1,130,1,0
BRDA:1,131,0,0
BRDA:1,131,1,0
BRDA:1,132,0,0
BRDA:1,132,1,0
BRDA:1,133,0,0
BRDA:1,133,1,0
BRDA:1,134,0,0
BRDA:1,134,1,0
BRDA:1,135,0,0
BRDA:1,135,1,0
BRDA:1,136,0,0
BRDA:1,136,1,0
BRDA:1,137,0,0
BRDA:1,137,1,0
BRDA:1,138,0,0
BRDA:1,138,1,0
BRDA:1,139,0,0
BRDA:1,139,1,0
BRDA:1,140,0,0
BRDA:1,140,1,0
BRDA:1,140,2,0
BRDA:1,140,3,0
BRDA:1,141,0,0
BRDA:1,141,1,0
BRDA:1,142,0,0
BRDA:1,142,1,0
BRDA:1,143,0,0
BRDA:1,143,1,0
BRDA:1,144,0,0
BRDA:1,144,1,0
BRDA:1,145,0,0
BRDA:1,145,1,0
BRDA:1,146,0,0
BRDA:1,146,1,0
BRDA:1,147,0,0
BRDA:1,147,1,0
BRDA:1,148,0,0
BRDA:1,148,1,0
BRDA:1,149,0,0
BRDA:1,149,1,0
BRDA:1,150,0,0
BRDA:1,150,1,0
BRDA:1,151,0,0
BRDA:1,151,1,0
BRDA:1,152,0,0
BRDA:1,152,1,0
BRDA:1,153,0,0
BRDA:1,153,1,0
BRDA:1,154,0,0
BRDA:1,154,1,0
BRDA:1,155,0,0
BRDA:1,155,1,0
BRDA:1,156,0,0
BRDA:1,156,1,0
BRDA:1,157,0,0
BRDA:1,157,1,0
BRDA:1,158,0,0
BRDA:1,158,1,0
BRDA:1,159,0,0
BRDA:1,159,1,0
BRDA:1,160,0,0
BRDA:1,160,1,0
BRDA:1,161,0,0
BRDA:1,161,1,0
BRDA:1,162,0,0
BRDA:1,162,1,0
BRDA:1,163,0,0
BRDA:1,163,1,0
BRF:345
BRH:0
end_of_record
TN:
SF:/home/sabino/workspace/dock-components/dist/index.umd.js
FN:1,(anonymous_0)
FN:5,(anonymous_1)
FN:24,normalizeComponent
FN:55,hook
FN:81,(anonymous_4)
FN:83,(anonymous_5)
FN:93,renderWithStyleInjection
FN:110,createInjector
FN:111,(anonymous_8)
FN:118,addStyle
FN:163,(anonymous_10)
FN:167,(anonymous_11)
FN:211,(anonymous_12)
FN:215,(anonymous_13)
FN:263,(anonymous_14)
FN:267,(anonymous_15)
FN:275,(anonymous_16)
FN:292,(anonymous_17)
FN:296,(anonymous_18)
FN:351,openPriceQuote
FN:358,computedStatus
FN:389,(anonymous_21)
FN:389,(anonymous_22)
FN:393,(anonymous_23)
FN:451,data
FN:476,(anonymous_25)
FN:476,(anonymous_26)
FN:483,(anonymous_27)
FN:487,(anonymous_28)
FN:493,(anonymous_29)
FN:496,(anonymous_30)
FN:499,(anonymous_31)
FN:502,style
FN:511,hasListButtons
FN:514,iconStyle
FN:525,(anonymous_35)
FN:525,(anonymous_36)
FN:525,(anonymous_37)
FN:525,(anonymous_38)
FN:529,(anonymous_39)
FN:585,(anonymous_40)
FN:593,(anonymous_41)
FN:596,(anonymous_42)
FN:601,(anonymous_43)
FN:609,(anonymous_44)
FN:613,beforeMount
FN:625,(anonymous_46)
FN:629,updated
FN:635,(anonymous_48)
FN:638,(anonymous_49)
FN:648,(anonymous_50)
FN:657,(anonymous_51)
FN:657,(anonymous_52)
FN:657,(anonymous_53)
FN:657,(anonymous_54)
FN:657,(anonymous_55)
FN:657,(anonymous_56)
FN:661,(anonymous_57)
FN:706,formatedValue
FN:711,format
FN:734,(anonymous_60)
FN:776,data
FN:792,toggle
FN:796,mount
FN:805,(anonymous_64)
FN:809,(anonymous_65)
FN:854,(anonymous_66)
FN:860,(anonymous_67)
FN:864,(anonymous_68)
FN:873,(anonymous_69)
FN:882,(anonymous_70)
FN:882,(anonymous_71)
FN:882,(anonymous_72)
FN:886,(anonymous_73)
FN:934,get
FN:937,set
FN:948,(anonymous_76)
FN:948,(anonymous_77)
FN:952,(anonymous_78)
FN:991,(anonymous_79)
FN:995,disabled
FN:1002,style
FN:1008,shouldHideLabel
FN:1015,(anonymous_83)
FN:1022,currentValue
FN:1027,beforeMount
FN:1040,(anonymous_86)
FN:1040,(anonymous_87)
FN:1047,(anonymous_88)
FN:1101,(anonymous_89)
FN:1113,(anonymous_90)
FN:1124,(anonymous_91)
FN:1124,(anonymous_92)
FN:1124,(anonymous_93)
FN:1128,(anonymous_94)
FN:1172,click
FN:1182,(anonymous_96)
FN:1186,(anonymous_97)
FN:1257,(anonymous_98)
FN:1261,(anonymous_99)
FN:1321,data
FN:1373,(anonymous_101)
FN:1376,(anonymous_102)
FN:1383,style
FN:1389,shouldHideLabel
FN:1397,get
FN:1400,set
FN:1412,(anonymous_107)
FN:1412,(anonymous_108)
FN:1412,(anonymous_109)
FN:1416,(anonymous_110)
FN:1461,(anonymous_111)
FN:1472,(anonymous_112)
FN:1475,(anonymous_113)
FN:1482,(anonymous_114)
FN:1490,(anonymous_115)
FN:1493,onSelect
FN:1497,(anonymous_117)
FN:1501,beforeMount
FN:1513,(anonymous_119)
FN:1516,(anonymous_120)
FN:1520,(anonymous_121)
FN:1525,updated
FN:1531,(anonymous_123)
FN:1534,(anonymous_124)
FN:1539,(anonymous_125)
FN:1548,(anonymous_126)
FN:1548,(anonymous_127)
FN:1548,(anonymous_128)
FN:1552,(anonymous_129)
FN:1593,(anonymous_130)
FN:1607,(anonymous_131)
FN:1610,(anonymous_132)
FN:1618,(anonymous_133)
FN:1627,(anonymous_134)
FN:1630,(anonymous_135)
FN:1634,beforeMount
FN:1646,(anonymous_137)
FN:1649,(anonymous_138)
FN:1653,(anonymous_139)
FN:1659,updated
FN:1665,(anonymous_141)
FN:1668,(anonymous_142)
FN:1678,(anonymous_143)
FN:1687,(anonymous_144)
FN:1687,(anonymous_145)
FN:1687,(anonymous_146)
FN:1691,(anonymous_147)
FN:1739,(anonymous_148)
FN:1749,(anonymous_149)
FN:1749,(anonymous_150)
FN:1749,(anonymous_151)
FN:1749,(anonymous_152)
FN:1797,data
FN:1803,(anonymous_154)
FN:1809,(anonymous_155)
FN:1813,get
FN:1816,set
FN:1827,(anonymous_158)
FN:1827,(anonymous_159)
FN:1831,(anonymous_160)
FN:1864,(anonymous_161)
FN:1886,(anonymous_162)
FN:1887,(anonymous_163)
FN:1901,resetDialog
FN:1924,(anonymous_165)
FN:1925,(anonymous_166)
FN:1927,close
FN:1930,beforeOpen
FN:1952,(anonymous_169)
FN:1958,(anonymous_170)
FN:1975,(anonymous_171)
FN:1979,(anonymous_172)
FNF:173
FNH:0
FNDA:0,(anonymous_0)
FNDA:0,(anonymous_1)
FNDA:0,normalizeComponent
FNDA:0,hook
FNDA:0,(anonymous_4)
FNDA:0,(anonymous_5)
FNDA:0,renderWithStyleInjection
FNDA:0,createInjector
FNDA:0,(anonymous_8)
FNDA:0,addStyle
FNDA:0,(anonymous_10)
FNDA:0,(anonymous_11)
FNDA:0,(anonymous_12)
FNDA:0,(anonymous_13)
FNDA:0,(anonymous_14)
FNDA:0,(anonymous_15)
FNDA:0,(anonymous_16)
FNDA:0,(anonymous_17)
FNDA:0,(anonymous_18)
FNDA:0,openPriceQuote
FNDA:0,computedStatus
FNDA:0,(anonymous_21)
FNDA:0,(anonymous_22)
FNDA:0,(anonymous_23)
FNDA:0,data
FNDA:0,(anonymous_25)
FNDA:0,(anonymous_26)
FNDA:0,(anonymous_27)
FNDA:0,(anonymous_28)
FNDA:0,(anonymous_29)
FNDA:0,(anonymous_30)
FNDA:0,(anonymous_31)
FNDA:0,style
FNDA:0,hasListButtons
FNDA:0,iconStyle
FNDA:0,(anonymous_35)
FNDA:0,(anonymous_36)
FNDA:0,(anonymous_37)
FNDA:0,(anonymous_38)
FNDA:0,(anonymous_39)
FNDA:0,(anonymous_40)
FNDA:0,(anonymous_41)
FNDA:0,(anonymous_42)
FNDA:0,(anonymous_43)
FNDA:0,(anonymous_44)
FNDA:0,beforeMount
FNDA:0,(anonymous_46)
FNDA:0,updated
FNDA:0,(anonymous_48)
FNDA:0,(anonymous_49)
FNDA:0,(anonymous_50)
FNDA:0,(anonymous_51)
FNDA:0,(anonymous_52)
FNDA:0,(anonymous_53)
FNDA:0,(anonymous_54)
FNDA:0,(anonymous_55)
FNDA:0,(anonymous_56)
FNDA:0,(anonymous_57)
FNDA:0,formatedValue
FNDA:0,format
FNDA:0,(anonymous_60)
FNDA:0,data
FNDA:0,toggle
FNDA:0,mount
FNDA:0,(anonymous_64)
FNDA:0,(anonymous_65)
FNDA:0,(anonymous_66)
FNDA:0,(anonymous_67)
FNDA:0,(anonymous_68)
FNDA:0,(anonymous_69)
FNDA:0,(anonymous_70)
FNDA:0,(anonymous_71)
FNDA:0,(anonymous_72)
FNDA:0,(anonymous_73)
FNDA:0,get
FNDA:0,set
FNDA:0,(anonymous_76)
FNDA:0,(anonymous_77)
FNDA:0,(anonymous_78)
FNDA:0,(anonymous_79)
FNDA:0,disabled
FNDA:0,style
FNDA:0,shouldHideLabel
FNDA:0,(anonymous_83)
FNDA:0,currentValue
FNDA:0,beforeMount
FNDA:0,(anonymous_86)
FNDA:0,(anonymous_87)
FNDA:0,(anonymous_88)
FNDA:0,(anonymous_89)
FNDA:0,(anonymous_90)
FNDA:0,(anonymous_91)
FNDA:0,(anonymous_92)
FNDA:0,(anonymous_93)
FNDA:0,(anonymous_94)
FNDA:0,click
FNDA:0,(anonymous_96)
FNDA:0,(anonymous_97)
FNDA:0,(anonymous_98)
FNDA:0,(anonymous_99)
FNDA:0,data
FNDA:0,(anonymous_101)
FNDA:0,(anonymous_102)
FNDA:0,style
FNDA:0,shouldHideLabel
FNDA:0,get
FNDA:0,set
FNDA:0,(anonymous_107)
FNDA:0,(anonymous_108)
FNDA:0,(anonymous_109)
FNDA:0,(anonymous_110)
FNDA:0,(anonymous_111)
FNDA:0,(anonymous_112)
FNDA:0,(anonymous_113)
FNDA:0,(anonymous_114)
FNDA:0,(anonymous_115)
FNDA:0,onSelect
FNDA:0,(anonymous_117)
FNDA:0,beforeMount
FNDA:0,(anonymous_119)
FNDA:0,(anonymous_120)
FNDA:0,(anonymous_121)
FNDA:0,updated
FNDA:0,(anonymous_123)
FNDA:0,(anonymous_124)
FNDA:0,(anonymous_125)
FNDA:0,(anonymous_126)
FNDA:0,(anonymous_127)
FNDA:0,(anonymous_128)
FNDA:0,(anonymous_129)
FNDA:0,(anonymous_130)
FNDA:0,(anonymous_131)
FNDA:0,(anonymous_132)
FNDA:0,(anonymous_133)
FNDA:0,(anonymous_134)
FNDA:0,(anonymous_135)
FNDA:0,beforeMount
FNDA:0,(anonymous_137)
FNDA:0,(anonymous_138)
FNDA:0,(anonymous_139)
FNDA:0,updated
FNDA:0,(anonymous_141)
FNDA:0,(anonymous_142)
FNDA:0,(anonymous_143)
FNDA:0,(anonymous_144)
FNDA:0,(anonymous_145)
FNDA:0,(anonymous_146)
FNDA:0,(anonymous_147)
FNDA:0,(anonymous_148)
FNDA:0,(anonymous_149)
FNDA:0,(anonymous_150)
FNDA:0,(anonymous_151)
FNDA:0,(anonymous_152)
FNDA:0,data
FNDA:0,(anonymous_154)
FNDA:0,(anonymous_155)
FNDA:0,get
FNDA:0,set
FNDA:0,(anonymous_158)
FNDA:0,(anonymous_159)
FNDA:0,(anonymous_160)
FNDA:0,(anonymous_161)
FNDA:0,(anonymous_162)
FNDA:0,(anonymous_163)
FNDA:0,resetDialog
FNDA:0,(anonymous_165)
FNDA:0,(anonymous_166)
FNDA:0,close
FNDA:0,beforeOpen
FNDA:0,(anonymous_169)
FNDA:0,(anonymous_170)
FNDA:0,(anonymous_171)
FNDA:0,(anonymous_172)
DA:1,0
DA:2,0
DA:7,0
DA:8,0
DA:9,0
DA:12,0
DA:27,0
DA:28,0
DA:29,0
DA:30,0
DA:34,0
DA:36,0
DA:37,0
DA:38,0
DA:39,0
DA:41,0
DA:42,0
DA:47,0
DA:48,0
DA:53,0
DA:55,0
DA:57,0
DA:62,0
DA:63,0
DA:67,0
DA:68,0
DA:72,0
DA:73,0
DA:79,0
DA:80,0
DA:81,0
DA:82,0
DA:84,0
DA:88,0
DA:89,0
DA:91,0
DA:93,0
DA:94,0
DA:95,0
DA:99,0
DA:100,0
DA:104,0
DA:107,0
DA:109,0
DA:111,0
DA:112,0
DA:115,0
DA:116,0
DA:119,0
DA:120,0
DA:125,0
DA:126,0
DA:127,0
DA:129,0
DA:132,0
DA:134,0
DA:137,0
DA:138,0
DA:139,0
DA:140,0
DA:141,0
DA:144,0
DA:145,0
DA:146,0
DA:148,0
DA:149,0
DA:150,0
DA:151,0
DA:152,0
DA:157,0
DA:160,0
DA:163,0
DA:164,0
DA:167,0
DA:168,0
DA:169,0
DA:173,0
DA:175,0
DA:177,0
DA:182,0
DA:203,0
DA:208,0
DA:211,0
DA:212,0
DA:215,0
DA:216,0
DA:217,0
DA:221,0
DA:223,0
DA:225,0
DA:230,0
DA:243,0
DA:289,0
DA:292,0
DA:293,0
DA:296,0
DA:297,0
DA:298,0
DA:303,0
DA:305,0
DA:307,0
DA:312,0
DA:336,0
DA:352,0
DA:353,0
DA:359,0
DA:360,0
DA:361,0
DA:363,0
DA:364,0
DA:366,0
DA:367,0
DA:369,0
DA:370,0
DA:372,0
DA:373,0
DA:375,0
DA:376,0
DA:378,0
DA:380,0
DA:386,0
DA:389,0
DA:390,0
DA:393,0
DA:394,0
DA:395,0
DA:399,0
DA:401,0
DA:403,0
DA:408,0
DA:450,0
DA:452,0
DA:476,0
DA:483,0
DA:488,0
DA:489,0
DA:490,0
DA:494,0
DA:496,0
DA:497,0
DA:500,0
DA:503,0
DA:504,0
DA:505,0
DA:507,0
DA:512,0
DA:515,0
DA:516,0
DA:522,0
DA:525,0
DA:526,0
DA:529,0
DA:530,0
DA:531,0
DA:535,0
DA:537,0
DA:539,0
DA:544,0
DA:576,0
DA:585,0
DA:593,0
DA:596,0
DA:602,0
DA:610,0
DA:614,0
DA:615,0
DA:617,0
DA:618,0
DA:620,0
DA:621,0
DA:626,0
DA:630,0
DA:631,0
DA:636,0
DA:639,0
DA:641,0
DA:642,0
DA:643,0
DA:645,0
DA:648,0
DA:654,0
DA:657,0
DA:658,0
DA:661,0
DA:662,0
DA:663,0
DA:668,0
DA:670,0
DA:672,0
DA:677,0
DA:694,0
DA:707,0
DA:712,0
DA:720,0
DA:722,0
DA:723,0
DA:725,0
DA:731,0
DA:734,0
DA:735,0
DA:738,0
DA:740,0
DA:742,0
DA:744,0
DA:751,0
DA:775,0
DA:777,0
DA:793,0
DA:797,0
DA:802,0
DA:805,0
DA:806,0
DA:809,0
DA:810,0
DA:811,0
DA:816,0
DA:818,0
DA:820,0
DA:825,0
DA:853,0
DA:855,0
DA:861,0
DA:862,0
DA:865,0
DA:866,0
DA:867,0
DA:873,0
DA:879,0
DA:882,0
DA:883,0
DA:886,0
DA:887,0
DA:888,0
DA:892,0
DA:894,0
DA:896,0
DA:901,0
DA:921,0
DA:935,0
DA:938,0
DA:945,0
DA:948,0
DA:949,0
DA:952,0
DA:953,0
DA:954,0
DA:958,0
DA:960,0
DA:962,0
DA:967,0
DA:980,0
DA:992,0
DA:993,0
DA:996,0
DA:997,0
DA:1003,0
DA:1004,0
DA:1006,0
DA:1009,0
DA:1010,0
DA:1016,0
DA:1023,0
DA:1024,0
DA:1028,0
DA:1029,0
DA:1030,0
DA:1037,0
DA:1040,0
DA:1044,0
DA:1047,0
DA:1048,0
DA:1049,0
DA:1054,0
DA:1056,0
DA:1058,0
DA:1063,0
DA:1096,0
DA:1101,0
DA:1114,0
DA:1115,0
DA:1121,0
DA:1124,0
DA:1125,0
DA:1128,0
DA:1129,0
DA:1130,0
DA:1135,0
DA:1137,0
DA:1139,0
DA:1144,0
DA:1157,0
DA:1173,0
DA:1179,0
DA:1182,0
DA:1183,0
DA:1186,0
DA:1187,0
DA:1188,0
DA:1193,0
DA:1195,0
DA:1197,0
DA:1202,0
DA:1223,0
DA:1254,0
DA:1257,0
DA:1258,0
DA:1261,0
DA:1262,0
DA:1263,0
DA:1267,0
DA:1269,0
DA:1271,0
DA:1276,0
DA:1320,0
DA:1322,0
DA:1384,0
DA:1385,0
DA:1387,0
DA:1390,0
DA:1391,0
DA:1398,0
DA:1401,0
DA:1402,0
DA:1409,0
DA:1412,0
DA:1413,0
DA:1416,0
DA:1417,0
DA:1418,0
DA:1423,0
DA:1425,0
DA:1427,0
DA:1432,0
DA:1445,0
DA:1461,0
DA:1472,0
DA:1475,0
DA:1483,0
DA:1491,0
DA:1494,0
DA:1495,0
DA:1498,0
DA:1502,0
DA:1503,0
DA:1505,0
DA:1506,0
DA:1508,0
DA:1509,0
DA:1514,0
DA:1517,0
DA:1519,0
DA:1520,0
DA:1522,0
DA:1526,0
DA:1527,0
DA:1532,0
DA:1535,0
DA:1537,0
DA:1538,0
DA:1539,0
DA:1545,0
DA:1548,0
DA:1549,0
DA:1552,0
DA:1553,0
DA:1554,0
DA:1559,0
DA:1561,0
DA:1563,0
DA:1568,0
DA:1581,0
DA:1593,0
DA:1607,0
DA:1610,0
DA:1619,0
DA:1628,0
DA:1631,0
DA:1635,0
DA:1636,0
DA:1638,0
DA:1639,0
DA:1641,0
DA:1642,0
DA:1647,0
DA:1650,0
DA:1652,0
DA:1653,0
DA:1655,0
DA:1656,0
DA:1660,0
DA:1661,0
DA:1666,0
DA:1669,0
DA:1671,0
DA:1672,0
DA:1673,0
DA:1675,0
DA:1678,0
DA:1684,0
DA:1687,0
DA:1688,0
DA:1691,0
DA:1692,0
DA:1693,0
DA:1697,0
DA:1699,0
DA:1701,0
DA:1706,0
DA:1727,0
DA:1740,0
DA:1746,0
DA:1749,0
DA:1750,0
DA:1753,0
DA:1755,0
DA:1757,0
DA:1759,0
DA:1766,0
DA:1795,0
DA:1798,0
DA:1804,0
DA:1805,0
DA:1810,0
DA:1814,0
DA:1817,0
DA:1824,0
DA:1827,0
DA:1828,0
DA:1831,0
DA:1832,0
DA:1833,0
DA:1838,0
DA:1840,0
DA:1842,0
DA:1847,0
DA:1860,0
DA:1864,0
DA:1902,0
DA:1903,0
DA:1904,0
DA:1905,0
DA:1906,0
DA:1907,0
DA:1908,0
DA:1909,0
DA:1915,0
DA:1921,0
DA:1922,0
DA:1923,0
DA:1924,0
DA:1925,0
DA:1928,0
DA:1931,0
DA:1933,0
DA:1934,0
DA:1935,0
DA:1936,0
DA:1937,0
DA:1938,0
DA:1939,0
DA:1940,0
DA:1942,0
DA:1944,0
DA:1946,0
DA:1948,0
DA:1949,0
DA:1951,0
DA:1952,0
DA:1953,0
DA:1954,0
DA:1958,0
DA:1959,0
DA:1960,0
DA:1962,0
DA:1964,0
DA:1972,0
DA:1975,0
DA:1976,0
DA:1979,0
DA:1980,0
DA:1981,0
DA:1986,0
DA:1988,0
DA:1990,0
DA:1995,0
DA:2006,0
DA:2007,0
DA:2008,0
DA:2009,0
DA:2010,0
DA:2011,0
DA:2012,0
DA:2013,0
DA:2014,0
DA:2015,0
DA:2016,0
DA:2017,0
DA:2018,0
DA:2019,0
DA:2020,0
DA:2021,0
DA:2022,0
DA:2023,0
DA:2024,0
DA:2025,0
DA:2027,0
LF:506
LH:0
BRDA:2,0,0,0
BRDA:2,0,1,0
BRDA:2,1,0,0
BRDA:2,1,1,0
BRDA:3,2,0,0
BRDA:3,2,1,0
BRDA:3,3,0,0
BRDA:3,3,1,0
BRDA:4,4,0,0
BRDA:4,4,1,0
BRDA:7,5,0,0
BRDA:7,5,1,0
BRDA:7,6,0,0
BRDA:7,6,1,0
BRDA:8,7,0,0
BRDA:8,7,1,0
BRDA:8,8,0,0
BRDA:8,8,1,0
BRDA:9,9,0,0
BRDA:9,9,1,0
BRDA:9,10,0,0
BRDA:9,10,1,0
BRDA:27,11,0,0
BRDA:27,11,1,0
BRDA:34,12,0,0
BRDA:34,12,1,0
BRDA:36,13,0,0
BRDA:36,13,1,0
BRDA:36,14,0,0
BRDA:36,14,1,0
BRDA:41,15,0,0
BRDA:41,15,1,0
BRDA:47,16,0,0
BRDA:47,16,1,0
BRDA:53,17,0,0
BRDA:53,17,1,0
BRDA:57,18,0,0
BRDA:57,18,1,0
BRDA:57,18,2,0
BRDA:57,18,3,0
BRDA:57,18,4,0
BRDA:57,18,5,0
BRDA:62,19,0,0
BRDA:62,19,1,0
BRDA:62,20,0,0
BRDA:62,20,1,0
BRDA:67,21,0,0
BRDA:67,21,1,0
BRDA:72,22,0,0
BRDA:72,22,1,0
BRDA:72,23,0,0
BRDA:72,23,1,0
BRDA:80,24,0,0
BRDA:80,24,1,0
BRDA:81,25,0,0
BRDA:81,25,1,0
BRDA:88,26,0,0
BRDA:88,26,1,0
BRDA:89,27,0,0
BRDA:89,27,1,0
BRDA:100,28,0,0
BRDA:100,28,1,0
BRDA:109,29,0,0
BRDA:109,29,1,0
BRDA:115,30,0,0
BRDA:115,30,1,0
BRDA:119,31,0,0
BRDA:119,31,1,0
BRDA:119,32,0,0
BRDA:119,32,1,0
BRDA:120,33,0,0
BRDA:120,33,1,0
BRDA:125,34,0,0
BRDA:125,34,1,0
BRDA:129,35,0,0
BRDA:129,35,1,0
BRDA:137,36,0,0
BRDA:137,36,1,0
BRDA:140,37,0,0
BRDA:140,37,1,0
BRDA:144,38,0,0
BRDA:144,38,1,0
BRDA:151,39,0,0
BRDA:151,39,1,0
BRDA:152,40,0,0
BRDA:152,40,1,0
BRDA:163,41,0,0
BRDA:163,41,1,0
BRDA:168,42,0,0
BRDA:168,42,1,0
BRDA:211,43,0,0
BRDA:211,43,1,0
BRDA:216,44,0,0
BRDA:216,44,1,0
BRDA:292,45,0,0
BRDA:292,45,1,0
BRDA:292,46,0,0
BRDA:292,46,1,0
BRDA:297,47,0,0
BRDA:297,47,1,0
BRDA:352,48,0,0
BRDA:352,48,1,0
BRDA:361,49,0,0
BRDA:361,49,1,0
BRDA:361,49,2,0
BRDA:361,49,3,0
BRDA:361,49,4,0
BRDA:361,49,5,0
BRDA:389,50,0,0
BRDA:389,50,1,0
BRDA:389,51,0,0
BRDA:389,51,1,0
BRDA:394,52,0,0
BRDA:394,52,1,0
BRDA:489,53,0,0
BRDA:489,53,1,0
BRDA:497,54,0,0
BRDA:497,54,1,0
BRDA:504,55,0,0
BRDA:504,55,1,0
BRDA:512,56,0,0
BRDA:512,56,1,0
BRDA:515,57,0,0
BRDA:515,57,1,0
BRDA:525,58,0,0
BRDA:525,58,1,0
BRDA:525,59,0,0
BRDA:525,59,1,0
BRDA:525,60,0,0
BRDA:525,60,1,0
BRDA:525,61,0,0
BRDA:525,61,1,0
BRDA:525,62,0,0
BRDA:525,62,1,0
BRDA:525,63,0,0
BRDA:525,63,1,0
BRDA:525,64,0,0
BRDA:525,64,1,0
BRDA:530,65,0,0
BRDA:530,65,1,0
BRDA:614,66,0,0
BRDA:614,66,1,0
BRDA:617,67,0,0
BRDA:617,67,1,0
BRDA:620,68,0,0
BRDA:620,68,1,0
BRDA:630,69,0,0
BRDA:630,69,1,0
BRDA:636,70,0,0
BRDA:636,70,1,0
BRDA:641,71,0,0
BRDA:641,71,1,0
BRDA:641,72,0,0
BRDA:641,72,1,0
BRDA:648,73,0,0
BRDA:648,73,1,0
BRDA:657,74,0,0
BRDA:657,74,1,0
BRDA:657,75,0,0
BRDA:657,75,1,0
BRDA:662,76,0,0
BRDA:662,76,1,0
BRDA:715,77,0,0
BRDA:715,77,1,0
BRDA:715,78,0,0
BRDA:715,78,1,0
BRDA:715,78,2,0
BRDA:722,79,0,0
BRDA:722,79,1,0
BRDA:734,80,0,0
BRDA:734,80,1,0
BRDA:805,81,0,0
BRDA:805,81,1,0
BRDA:805,82,0,0
BRDA:805,82,1,0
BRDA:805,83,0,0
BRDA:805,83,1,0
BRDA:810,84,0,0
BRDA:810,84,1,0
BRDA:866,85,0,0
BRDA:866,85,1,0
BRDA:882,86,0,0
BRDA:882,86,1,0
BRDA:882,87,0,0
BRDA:882,87,1,0
BRDA:882,88,0,0
BRDA:882,88,1,0
BRDA:887,89,0,0
BRDA:887,89,1,0
BRDA:948,90,0,0
BRDA:948,90,1,0
BRDA:953,91,0,0
BRDA:953,91,1,0
BRDA:992,92,0,0
BRDA:992,92,1,0
BRDA:996,93,0,0
BRDA:996,93,1,0
BRDA:1003,94,0,0
BRDA:1003,94,1,0
BRDA:1009,95,0,0
BRDA:1009,95,1,0
BRDA:1010,96,0,0
BRDA:1010,96,1,0
BRDA:1023,97,0,0
BRDA:1023,97,1,0
BRDA:1029,98,0,0
BRDA:1029,98,1,0
BRDA:1040,99,0,0
BRDA:1040,99,1,0
BRDA:1040,100,0,0
BRDA:1040,100,1,0
BRDA:1040,101,0,0
BRDA:1040,101,1,0
BRDA:1042,102,0,0
BRDA:1042,102,1,0
BRDA:1048,103,0,0
BRDA:1048,103,1,0
BRDA:1114,104,0,0
BRDA:1114,104,1,0
BRDA:1114,105,0,0
BRDA:1114,105,1,0
BRDA:1124,106,0,0
BRDA:1124,106,1,0
BRDA:1124,107,0,0
BRDA:1124,107,1,0
BRDA:1129,108,0,0
BRDA:1129,108,1,0
BRDA:1182,109,0,0
BRDA:1182,109,1,0
BRDA:1187,110,0,0
BRDA:1187,110,1,0
BRDA:1257,111,0,0
BRDA:1257,111,1,0
BRDA:1257,112,0,0
BRDA:1257,112,1,0
BRDA:1257,113,0,0
BRDA:1257,113,1,0
BRDA:1262,114,0,0
BRDA:1262,114,1,0
BRDA:1384,115,0,0
BRDA:1384,115,1,0
BRDA:1390,116,0,0
BRDA:1390,116,1,0
BRDA:1391,117,0,0
BRDA:1391,117,1,0
BRDA:1391,118,0,0
BRDA:1391,118,1,0
BRDA:1391,118,2,0
BRDA:1391,118,3,0
BRDA:1412,119,0,0
BRDA:1412,119,1,0
BRDA:1412,120,0,0
BRDA:1412,120,1,0
BRDA:1417,121,0,0
BRDA:1417,121,1,0
BRDA:1502,122,0,0
BRDA:1502,122,1,0
BRDA:1505,123,0,0
BRDA:1505,123,1,0
BRDA:1508,124,0,0
BRDA:1508,124,1,0
BRDA:1519,125,0,0
BRDA:1519,125,1,0
BRDA:1526,126,0,0
BRDA:1526,126,1,0
BRDA:1532,127,0,0
BRDA:1532,127,1,0
BRDA:1539,128,0,0
BRDA:1539,128,1,0
BRDA:1548,129,0,0
BRDA:1548,129,1,0
BRDA:1553,130,0,0
BRDA:1553,130,1,0
BRDA:1635,131,0,0
BRDA:1635,131,1,0
BRDA:1638,132,0,0
BRDA:1638,132,1,0
BRDA:1641,133,0,0
BRDA:1641,133,1,0
BRDA:1652,134,0,0
BRDA:1652,134,1,0
BRDA:1660,135,0,0
BRDA:1660,135,1,0
BRDA:1666,136,0,0
BRDA:1666,136,1,0
BRDA:1671,137,0,0
BRDA:1671,137,1,0
BRDA:1671,138,0,0
BRDA:1671,138,1,0
BRDA:1678,139,0,0
BRDA:1678,139,1,0
BRDA:1687,140,0,0
BRDA:1687,140,1,0
BRDA:1687,141,0,0
BRDA:1687,141,1,0
BRDA:1687,142,0,0
BRDA:1687,142,1,0
BRDA:1692,143,0,0
BRDA:1692,143,1,0
BRDA:1749,144,0,0
BRDA:1749,144,1,0
BRDA:1749,145,0,0
BRDA:1749,145,1,0
BRDA:1749,146,0,0
BRDA:1749,146,1,0
BRDA:1804,147,0,0
BRDA:1804,147,1,0
BRDA:1804,148,0,0
BRDA:1804,148,1,0
BRDA:1804,148,2,0
BRDA:1805,149,0,0
BRDA:1805,149,1,0
BRDA:1805,150,0,0
BRDA:1805,150,1,0
BRDA:1810,151,0,0
BRDA:1810,151,1,0
BRDA:1827,152,0,0
BRDA:1827,152,1,0
BRDA:1832,153,0,0
BRDA:1832,153,1,0
BRDA:1933,154,0,0
BRDA:1933,154,1,0
BRDA:1934,155,0,0
BRDA:1934,155,1,0
BRDA:1935,156,0,0
BRDA:1935,156,1,0
BRDA:1936,157,0,0
BRDA:1936,157,1,0
BRDA:1937,158,0,0
BRDA:1937,158,1,0
BRDA:1938,159,0,0
BRDA:1938,159,1,0
BRDA:1939,160,0,0
BRDA:1939,160,1,0
BRDA:1941,161,0,0
BRDA:1941,161,1,0
BRDA:1943,162,0,0
BRDA:1943,162,1,0
BRDA:1945,163,0,0
BRDA:1945,163,1,0
BRDA:1947,164,0,0
BRDA:1947,164,1,0
BRDA:1948,165,0,0
BRDA:1948,165,1,0
BRDA:1950,166,0,0
BRDA:1950,166,1,0
BRDA:1951,167,0,0
BRDA:1951,167,1,0
BRDA:1963,168,0,0
BRDA:1963,168,1,0
BRDA:1965,169,0,0
BRDA:1965,169,1,0
BRDA:1975,170,0,0
BRDA:1975,170,1,0
BRDA:1975,171,0,0
BRDA:1975,171,1,0
BRDA:1975,172,0,0
BRDA:1975,172,1,0
BRDA:1980,173,0,0
BRDA:1980,173,1,0
BRF:360
BRH:0
end_of_record
TN:
SF:/home/sabino/workspace/dock-components/src/Plugin.js
FN:26,(anonymous_0)
FN:31,(anonymous_1)
FN:33,(anonymous_2)
FN:38,(anonymous_3)
FNF:4
FNH:0
FNDA:0,(anonymous_0)
FNDA:0,(anonymous_1)
FNDA:0,(anonymous_2)
FNDA:0,(anonymous_3)
DA:25,0
DA:27,0
DA:28,0
DA:29,0
DA:30,0
DA:32,0
DA:33,0
DA:34,0
DA:35,0
DA:36,0
DA:38,0
DA:39,0
DA:40,0
DA:41,0
DA:42,0
DA:45,0
DA:49,0
DA:50,0
DA:51,0
DA:52,0
DA:53,0
DA:54,0
DA:55,0
DA:56,0
DA:57,0
DA:58,0
DA:59,0
DA:60,0
DA:61,0
DA:62,0
DA:63,0
DA:64,0
DA:65,0
DA:66,0
DA:67,0
DA:68,0
LF:36
LH:0
BRDA:34,0,0,0
BRDA:34,0,1,0
BRDA:35,1,0,0
BRDA:35,1,1,0
BRDA:40,2,0,0
BRDA:40,2,1,0
BRF:6
BRH:0
end_of_record
TN:
SF:/home/sabino/workspace/dock-components/src/main.js
FNF:0
FNH:0
LF:0
LH:0
BRF:0
BRH:0
end_of_record
TN:
SF:/home/sabino/workspace/dock-components/src/components/Button/button.stories.js
FN:5,(anonymous_0)
FN:10,(anonymous_1)
FNF:2
FNH:0
FNDA:0,(anonymous_0)
FNDA:0,(anonymous_1)
DA:5,0
DA:10,0
LF:2
LH:0
BRF:0
BRH:0
end_of_record
TN:
SF:/home/sabino/workspace/dock-components/src/components/ButtonIcon/ButtonIcon.stories.js
FN:5,(anonymous_0)
FN:11,(anonymous_1)
FNF:2
FNH:0
FNDA:0,(anonymous_0)
FNDA:0,(anonymous_1)
DA:5,0
DA:11,0
LF:2
LH:0
BRF:0
BRH:0
end_of_record
TN:
SF:/home/sabino/workspace/dock-components/src/components/CustomInput/CustomInput.stories.js
FN:4,(anonymous_0)
FN:9,(anonymous_1)
FN:16,(anonymous_2)
FN:22,(anonymous_3)
FNF:4
FNH:0
FNDA:0,(anonymous_0)
FNDA:0,(anonymous_1)
FNDA:0,(anonymous_2)
FNDA:0,(anonymous_3)
DA:4,0
DA:9,0
DA:16,0
DA:22,0
LF:4
LH:0
BRF:0
BRH:0
end_of_record
TN:
SF:/home/sabino/workspace/dock-components/src/components/CustomTextArea/CustomTextArea.stories.js
FN:5,(anonymous_0)
FN:10,(anonymous_1)
FN:16,(anonymous_2)
FNF:3
FNH:0
FNDA:0,(anonymous_0)
FNDA:0,(anonymous_1)
FNDA:0,(anonymous_2)
DA:4,0
DA:5,0
DA:10,0
DA:16,0
LF:4
LH:0
BRF:0
BRH:0
end_of_record
TN:
SF:/home/sabino/workspace/dock-components/src/components/DateForm/DateForm.stories.js
FN:5,(anonymous_0)
FNF:1
FNH:0
FNDA:0,(anonymous_0)
DA:5,0
LF:1
LH:0
BRF:0
BRH:0
end_of_record
TN:
SF:/home/sabino/workspace/dock-components/src/components/DateForm/index.js
FNF:0
FNH:0
LF:0
LH:0
BRF:0
BRH:0
end_of_record
TN:
SF:/home/sabino/workspace/dock-components/src/components/DateInput/index.js
FNF:0
FNH:0
LF:0
LH:0
BRF:0
BRH:0
end_of_record
TN:
SF:/home/sabino/workspace/dock-components/src/components/EditableField/EditableField.stories.js
FN:5,(anonymous_0)
FN:10,(anonymous_1)
FNF:2
FNH:0
FNDA:0,(anonymous_0)
FNDA:0,(anonymous_1)
DA:5,0
DA:10,0
LF:2
LH:0
BRF:0
BRH:0
end_of_record
TN:
SF:/home/sabino/workspace/dock-components/src/components/Money/Money.stories.js
FN:4,(anonymous_0)
FN:8,(anonymous_1)
FNF:2
FNH:0
FNDA:0,(anonymous_0)
FNDA:0,(anonymous_1)
DA:4,0
DA:5,0
DA:8,0
LF:3
LH:0
BRF:0
BRH:0
end_of_record
TN:
SF:/home/sabino/workspace/dock-components/src/components/Select/Select.stories.js
FN:4,(anonymous_0)
FN:8,(anonymous_1)
FN:14,(anonymous_2)
FNF:3
FNH:0
FNDA:0,(anonymous_0)
FNDA:0,(anonymous_1)
FNDA:0,(anonymous_2)
DA:4,0
DA:5,0
DA:8,0
DA:14,0
LF:4
LH:0
BRF:0
BRH:0
end_of_record
TN:
SF:/home/sabino/workspace/dock-components/src/components/SelectButton/SelectButton.stories.js
FN:5,(anonymous_0)
FNF:1
FNH:0
FNDA:0,(anonymous_0)
DA:5,0
LF:1
LH:0
BRF:0
BRH:0
end_of_record
TN:
SF:/home/sabino/workspace/dock-components/src/components/SlottedSelect/SlottedSelect.stories.js
FN:5,(anonymous_0)
FNF:1
FNH:0
FNDA:0,(anonymous_0)
DA:5,0
LF:1
LH:0
BRF:0
BRH:0
end_of_record
TN:
SF:/home/sabino/workspace/dock-components/src/components/Toggle/Toggle.stories.js
FN:5,(anonymous_0)
FNF:1
FNH:0
FNDA:0,(anonymous_0)
DA:5,0
LF:1
LH:0
BRF:0
BRH:0
end_of_record
TN:
SF:/home/sabino/workspace/dock-components/src/components/TopTab/TopTab.stories.js
FN:5,(anonymous_0)
FNF:1
FNH:0
FNDA:0,(anonymous_0)
DA:5,0
LF:1
LH:0
BRF:0
BRH:0
end_of_record
TN:
SF:/home/sabino/workspace/dock-components/stories/Welcome.js
FN:8,(anonymous_0)
FN:12,(anonymous_1)
FN:62,(anonymous_2)
FNF:3
FNH:0
FNDA:0,(anonymous_0)
FNDA:0,(anonymous_1)
FNDA:0,(anonymous_2)
DA:13,0
DA:63,0
DA:64,0
LF:3
LH:0
BRF:0
BRH:0
end_of_record
TN:
SF:/home/sabino/workspace/dock-components/test/setup.js
FNF:0
FNH:0
LF:0
LH:0
BRF:0
BRH:0
end_of_record
